0.000000e+00 (V)  __Gnd
5.000055e-01 (V)  n1
4.999945e-01 (V)  n11
4.999945e-01 (V)  n27
4.999945e-11 (V)  n28
4.999945e-01 (V)  n29
4.999945e-11 (V)  n30
4.999945e-11 (V)  n31
4.999945e-01 (V)  n32
4.999945e-11 (V)  n33
4.999945e-01 (V)  n34
4.999945e-11 (V)  n35
4.999945e-01 (V)  n36
5.000055e-11 (V)  n38
4.999955e-11 (V)  n43
4.999955e-01 (V)  n6
1.000000e+00 (V)  X1.X_SpeedXP_auto_Tx_transmit.nd_in_1
1.000000e+00 (V)  X1.X_SpeedXP_auto_Tx_transmit.pwrbus_1
0.000000e+00 (V)  X14.X_SpeedXP_auto_Rx1_receive.nd_out_of_in_4
1.000000e+00 (V)  X14.X_SpeedXP_auto_Rx1_receive.pwrbus_4
4.999945e-11 (V)  X16.x_4.1
4.999945e-01 (V)  X3.x_1.1
-9.999890e-03 (A)  X1.X_SpeedXP_auto_Tx_transmit.V_SpeedXP_auto_pwrbus_1
-1.000000e-10 (A)  X1.X_SpeedXP_auto_Tx_transmit.X_SpeedXP_auto_1_St.v1
9.999890e-03 (A)  X10.WTL1~0
-9.999890e-13 (A)  X10.WTL1~1
9.999890e-03 (A)  X13.X_a.l1
0.000000e+00 (A)  X14.X_SpeedXP_auto_Rx1_receive.B_SpeedXP_auto_4_OutOfIn
-2.000000e-12 (A)  X14.X_SpeedXP_auto_Rx1_receive.V_SpeedXP_auto_pwrbus_4
9.999890e-13 (A)  X16.x_4.l1
9.999890e-03 (A)  X3.x_1.l1
9.999890e-03 (A)  X7.WTL1~0
-9.999890e-13 (A)  X7.WTL1~1
9.999890e-03 (A)  X8.WTL1~0
-9.999890e-13 (A)  X8.WTL1~1
9.999890e-03 (A)  X9.WTL1~0
-9.999890e-13 (A)  X9.WTL1~1
