(---------------------------------------------------------------------)
(                                                                     )
(    Allegro Netrev Import Logic                                      )
(                                                                     )
(    Drawing          : STMICROF031.brd                               )
(    Software Version : 24.1P001                                      )
(    Date/Time        : Fri Nov  8 12:08:49 2024                      )
(                                                                     )
(---------------------------------------------------------------------)


------ Directives ------------

Ripup etch:                  No
Ripup delete first segment:  No
Ripup retain bondwire:       No
Ripup symbols:               Always
Missing symbol has error:    No
DRC update:                  Yes
Schematic directory:         'D:\Projects\HardwareDesign\ST-F031\allegro'
Design Directory:            'D:/Projects/HardwareDesign/ST-F031/allegro'
Old design name:             'D:/Projects/HardwareDesign/ST-F031/allegro/STMICROF031.brd'
New design name:             'D:/Projects/HardwareDesign/ST-F031/allegro/STMICROF031.brd'

CmdLine: netrev.exe -y 1 -v -n -i D:\Projects\HardwareDesign\ST-F031\allegro D:/Projects/HardwareDesign/ST-F031/allegro/STMICROF031.brd D:/Projects/HardwareDesign/ST-F031/allegro/STMICROF031.brd

------ Preparing to read pst files ------

Starting to read D:/Projects/HardwareDesign/ST-F031/allegro/pstchip.dat 
   Finished reading D:/Projects/HardwareDesign/ST-F031/allegro/pstchip.dat (00:00:00.37)
Starting to read D:/Projects/HardwareDesign/ST-F031/allegro/pstxprt.dat 
   Finished reading D:/Projects/HardwareDesign/ST-F031/allegro/pstxprt.dat (00:00:00.00)
Starting to read D:/Projects/HardwareDesign/ST-F031/allegro/pstxnet.dat 
   Finished reading D:/Projects/HardwareDesign/ST-F031/allegro/pstxnet.dat (00:00:00.00)

------ Oversights/Warnings/Errors ------


#1   WARNING(SPMHNI-192): Device/Symbol check warning detected. [help]

WARNING(SPMHNI-337): Unable to load symbol 'QFN50P500X500X60-33N-D' used by RefDes IC1 for device 'STM32F031K6U6_QFN50P500X500X60-33N-D_STM32F031K6U6': WARNING(SPMHUT-127): Could not find padstack D85_25.
    due to ERROR(SPMHDB-273): Unable to load shape symbol D85_25 (Check PSMPATH setting for thi

     Could not find padstack D85_25.



===========================================================
Start Constraint Override Import
	Constraint File:    D:/Projects/HardwareDesign/ST-F031/allegro/pstcmdb.dat
	Start time: Fri Nov  8 12:08:49 2024
===========================================================
===========================================================
Finished Constraint Update	Time: Fri Nov  8 12:08:49 2024
===========================================================

------ Library Paths ------
MODULEPATH =  . 
           C:/Cadence/SPB_24.1/share/orApps/OrCaptureApp/../../../share/local/pcb/modules 

PSMPATH =  . 
           symbols 
           .. 
           ../symbols 
           C:/Cadence/SPB_24.1/share/local/pcb/symbols 
           C:/Cadence/SPB_24.1/share/pcb/pcb_lib/symbols 
           C:/Cadence/SPB_24.1/share/pcb/allegrolib/symbols 
           D:/Projects/CadenceAllegro/CIS/psmpath 

PADPATH =  . 
           symbols 
           .. 
           ../symbols 
           C:/Cadence/SPB_24.1/share/local/pcb/padstacks 
           C:/Cadence/SPB_24.1/share/pcb/pcb_lib/symbols 
           C:/Cadence/SPB_24.1/share/pcb/allegrolib/symbols 
           D:/Projects/CadenceAllegro/CIS/padpath 


------ Summary Statistics ------


netrev run on Nov 8 12:08:49 2024
   DESIGN NAME : 'STMICROF031'
   PACKAGING ON Sep  4 2024 20:54:11

   COMPILE 'logic'
   CHECK_PIN_NAMES OFF
   CROSS_REFERENCE OFF
   FEEDBACK OFF
   INCREMENTAL OFF
   INTERFACE_TYPE PHYSICAL
   MAX_ERRORS 500
   MERGE_MINIMUM 5
   NET_NAME_CHARS '#%&()*+-./:=>?@[]^_`|'
   NET_NAME_LENGTH 24
   OVERSIGHTS ON
   REPLACE_CHECK OFF
   SINGLE_NODE_NETS ON
   SPLIT_MINIMUM 0
   SUPPRESS   20
   WARNINGS ON

 No error detected
 No oversight detected
  1 warnings detected

cpu time      0:01:37
elapsed time  0:00:01

