0.000000e+00 (V)  __Gnd
0.000000e+00 (V)  n1
1.000000e+00 (V)  n10
0.000000e+00 (V)  n199
0.000000e+00 (V)  n2
1.000000e+00 (V)  n200
1.000000e+00 (V)  n201
1.000000e+00 (V)  n202
0.000000e+00 (V)  n233
0.000000e+00 (V)  n234
0.000000e+00 (V)  n235
0.000000e+00 (V)  n236
4.999997e-07 (V)  n3
4.999998e-07 (V)  n4
0.000000e+00 (V)  n5
0.000000e+00 (V)  n6
5.007208e-07 (V)  n7
1.000000e+00 (V)  n8
1.000000e+00 (V)  n9
0.000000e+00 (V)  X1.X1.3
0.000000e+00 (V)  X1.X1.4
0.000000e+00 (V)  X1.X1.5
0.000000e+00 (V)  X12.S~AN0
0.000000e+00 (V)  X12.S~AN1
-0.000000e+00 (V)  X12.S~AN2
0.000000e+00 (V)  X12.S~AN3
4.999998e-07 (V)  X2.X1.3
4.999998e-07 (V)  X2.X1.4
4.999998e-07 (V)  X2.X1.5
5.007208e-07 (V)  X9.X_SpeedXP_auto_Mem_receive.nd_out_of_in_A2_D
1.000000e+00 (V)  X9.X_SpeedXP_auto_Mem_receive.pwrbus_A2
5.007208e-07 (V)  X9.X_SpeedXP_auto_Mem_receive.X_SpeedXP_auto_A2_Sp.X1.ngnd'rx_rt_down'
0.000000e+00 (A)  X1.X1.L1
0.000000e+00 (A)  X1.X1.L2
0.000000e+00 (A)  X1.X1.r1
0.000000e+00 (A)  X1.X1.r2
-2.000300e-08 (A)  X10.Vsupply
-2.000300e-08 (A)  X11.Vsupply
-9.999995e-09 (A)  X2.X1.L1
-9.999995e-09 (A)  X2.X1.L2
-9.999995e-09 (A)  X2.X1.r1
-9.999995e-09 (A)  X2.X1.r2
-0.000000e+00 (A)  X3.W1~0
-9.999995e-09 (A)  X4.W1~0
0.000000e+00 (A)  X8.W1~0
-1.000099e-08 (A)  X9.X_SpeedXP_auto_Mem_receive.V_SpeedXP_auto_pwrbus_A2
-5.007208e-19 (A)  X9.X_SpeedXP_auto_Mem_receive.X_SpeedXP_auto_A2_Sp.X1.erxnode
5.007208e-19 (A)  X9.X_SpeedXP_auto_Mem_receive.X_SpeedXP_auto_A2_Sp.X1.rd
