0.000000e+00 (V)  __Gnd
0.000000e+00 (V)  in
9.495372e-03 (V)  n1
5.293211e-01 (V)  n2
9.495372e-03 (V)  n3
5.293211e-01 (V)  n4
1.875813e-03 (V)  n5
4.860350e-01 (V)  n6
1.875813e-03 (V)  n7
4.860350e-01 (V)  n8
1.000000e+00 (V)  pwr1
1.000000e+00 (V)  pwr2
-4.841592e-01 (V)  rxnode
0.000000e+00 (V)  X1.in_scale
1.000000e+00 (V)  X1.inn
1.000000e+00 (V)  X1.inn_scale
4.906936e-07 (V)  X3.x1.S1~AN0
1.000000e+00 (V)  X3.x1.S1~AN1
3.732867e-11 (V)  X3.x1.S1~AN2
9.672096e-09 (V)  X3.x1.S1~AN3
-1.000100e-08 (A)  Vrx1
-1.461284e-08 (A)  Vtx1
1.899074e-04 (A)  X1.ein_scale
-1.000000e-12 (A)  X1.einn
-9.413578e-03 (A)  X1.einn_scale
-1.898976e-04 (A)  X2.x1.r1
9.413577e-03 (A)  X2.x1.r2
3.751625e-05 (A)  X4.x1.r1
9.720700e-03 (A)  X4.x1.r2
4.841592e-13 (A)  X5.erxnode
0.000000e+00 (A)  Xstim.vstep
