0.000000e+00 (V)  __Gnd
9.280115e-01 (V)  n10
9.280115e-01 (V)  n11
9.280115e-01 (V)  n13
9.280115e-01 (V)  n14
9.280115e-01 (V)  n15
9.287954e-01 (V)  n3
9.287954e-01 (V)  n4
9.287954e-01 (V)  n5
9.280115e-01 (V)  n9
1.000000e+00 (V)  X1.X_SpeedXP_auto_Tx1_transmit.nd_in_11
1.000000e+00 (V)  X1.X_SpeedXP_auto_Tx1_transmit.nd_in_13
1.000000e+00 (V)  X1.X_SpeedXP_auto_Tx1_transmit.nd_in_9
1.500000e+00 (V)  X1.X_SpeedXP_auto_Tx1_transmit.pwrbus_11
1.500000e+00 (V)  X1.X_SpeedXP_auto_Tx1_transmit.pwrbus_13
1.500000e+00 (V)  X1.X_SpeedXP_auto_Tx1_transmit.pwrbus_9
0.000000e+00 (V)  X2.X_SpeedXP_auto_Rx1_receive.D_receive_B_SpeedXP_auto_10
0.000000e+00 (V)  X2.X_SpeedXP_auto_Rx1_receive.D_receive_B_SpeedXP_auto_12
0.000000e+00 (V)  X2.X_SpeedXP_auto_Rx1_receive.D_receive_B_SpeedXP_auto_14
1.500000e+00 (V)  X2.X_SpeedXP_auto_Rx1_receive.pwrbus_10
1.500000e+00 (V)  X2.X_SpeedXP_auto_Rx1_receive.pwrbus_12
1.500000e+00 (V)  X2.X_SpeedXP_auto_Rx1_receive.pwrbus_14
7.500000e-01 (V)  X2.X_SpeedXP_auto_Rx1_receive.X_B_SpeedXP_auto_10.vtt
7.500000e-01 (V)  X2.X_SpeedXP_auto_Rx1_receive.X_B_SpeedXP_auto_12.vtt
7.500000e-01 (V)  X2.X_SpeedXP_auto_Rx1_receive.X_B_SpeedXP_auto_14.vtt
-1.500000e-08 (A)  X1.X_SpeedXP_auto_Tx1_transmit.V_SpeedXP_auto_pwrbus_11
-1.500000e-08 (A)  X1.X_SpeedXP_auto_Tx1_transmit.V_SpeedXP_auto_pwrbus_13
-1.500000e-08 (A)  X1.X_SpeedXP_auto_Tx1_transmit.V_SpeedXP_auto_pwrbus_9
-2.373486e-03 (A)  X1.X_SpeedXP_auto_Tx1_transmit.X_SpeedXP_auto_11_St.v1
-2.373486e-03 (A)  X1.X_SpeedXP_auto_Tx1_transmit.X_SpeedXP_auto_13_St.v1
-2.373486e-03 (A)  X1.X_SpeedXP_auto_Tx1_transmit.X_SpeedXP_auto_9_St.v1
0.000000e+00 (A)  X2.X_SpeedXP_auto_Rx1_receive.V_AD_B_SpeedXP_auto_10
0.000000e+00 (A)  X2.X_SpeedXP_auto_Rx1_receive.V_AD_B_SpeedXP_auto_12
0.000000e+00 (A)  X2.X_SpeedXP_auto_Rx1_receive.V_AD_B_SpeedXP_auto_14
-1.500000e-08 (A)  X2.X_SpeedXP_auto_Rx1_receive.V_SpeedXP_auto_pwrbus_10
-1.500000e-08 (A)  X2.X_SpeedXP_auto_Rx1_receive.V_SpeedXP_auto_pwrbus_12
-1.500000e-08 (A)  X2.X_SpeedXP_auto_Rx1_receive.V_SpeedXP_auto_pwrbus_14
-0.000000e+00 (A)  X2.X_SpeedXP_auto_Rx1_receive.X_B_SpeedXP_auto_10.r2
2.373486e-03 (A)  X2.X_SpeedXP_auto_Rx1_receive.X_B_SpeedXP_auto_10.v1
-0.000000e+00 (A)  X2.X_SpeedXP_auto_Rx1_receive.X_B_SpeedXP_auto_12.r2
2.373486e-03 (A)  X2.X_SpeedXP_auto_Rx1_receive.X_B_SpeedXP_auto_12.v1
-0.000000e+00 (A)  X2.X_SpeedXP_auto_Rx1_receive.X_B_SpeedXP_auto_14.r2
2.373486e-03 (A)  X2.X_SpeedXP_auto_Rx1_receive.X_B_SpeedXP_auto_14.v1
2.373486e-03 (A)  X3.W1~0
2.373486e-03 (A)  X3.W1~1
2.373486e-03 (A)  X3.W1~2
