0.000000e+00 (V)  __Gnd
5.008170e-07 (V)  n1
5.008170e-07 (V)  n2
5.018986e-07 (V)  n3
5.018986e-07 (V)  n4
4.999997e-07 (V)  n48
1.000000e+00 (V)  n49
0.000000e+00 (V)  n5
1.000000e+00 (V)  n50
1.000000e+00 (V)  n51
5.026196e-07 (V)  n6
1.000000e+00 (V)  n7
1.000000e+00 (V)  n8
1.000000e+00 (V)  n9
5.008170e-07 (V)  X1.X1.3
5.008170e-07 (V)  X1.X1.4
5.008170e-07 (V)  X1.X1.5
5.018986e-07 (V)  X2.X1.3
5.018986e-07 (V)  X2.X1.4
5.018986e-07 (V)  X2.X1.5
5.026196e-07 (V)  X7.X_SpeedXP_auto_Mem_receive.nd_out_of_in_A2_D
1.000000e+00 (V)  X7.X_SpeedXP_auto_Mem_receive.pwrbus_A2
5.026196e-07 (V)  X7.X_SpeedXP_auto_Mem_receive.X_SpeedXP_auto_A2_Sp.X1.ngnd'rx_rt_down'
-9.999995e-09 (A)  X1.X1.L1
-9.999995e-09 (A)  X1.X1.L2
-9.999995e-09 (A)  X1.X1.r1
-9.999995e-09 (A)  X1.X1.r2
-9.999995e-09 (A)  X2.X1.L1
-9.999995e-09 (A)  X2.X1.L2
-9.999995e-09 (A)  X2.X1.r1
-9.999995e-09 (A)  X2.X1.r2
-9.999995e-09 (A)  X3.W1~0
-9.999995e-09 (A)  X4.W1~0
-9.999995e-09 (A)  X6.W1~0
-9.999995e-09 (A)  X7.X_SpeedXP_auto_Mem_receive.V_SpeedXP_auto_pwrbus_A2
0.000000e+00 (A)  X7.X_SpeedXP_auto_Mem_receive.X_SpeedXP_auto_A2_Sp.X1.erxnode
-0.000000e+00 (A)  X7.X_SpeedXP_auto_Mem_receive.X_SpeedXP_auto_A2_Sp.X1.rd
-2.000000e-08 (A)  X8.Vsupply
-2.000000e-08 (A)  X9.Vsupply
