0.000000e+00 (V)  __Gnd
2.500000e-01 (V)  n1
7.500000e-01 (V)  n2
1.875000e-01 (V)  n3
1.875000e-01 (V)  n4
1.875000e-01 (V)  n5
0.000000e+00 (V)  X1.X_SpeedXP_auto_Tx1_SSI_IBIS.nd_in_1
6.250000e-15 (V)  X1.X_SpeedXP_auto_Tx1_SSI_IBIS.nd_in_11
6.250000e-15 (V)  X1.X_SpeedXP_auto_Tx1_SSI_IBIS.nd_in_13
1.000000e+00 (V)  X1.X_SpeedXP_auto_Tx1_SSI_IBIS.nd_in_2
6.250000e-15 (V)  X1.X_SpeedXP_auto_Tx1_SSI_IBIS.nd_in_9
1.000000e+00 (V)  X1.X_SpeedXP_auto_Tx1_SSI_IBIS.pwrbus_1
1.500000e+00 (V)  X1.X_SpeedXP_auto_Tx1_SSI_IBIS.pwrbus_11
1.500000e+00 (V)  X1.X_SpeedXP_auto_Tx1_SSI_IBIS.pwrbus_13
1.000000e+00 (V)  X1.X_SpeedXP_auto_Tx1_SSI_IBIS.pwrbus_2
1.500000e+00 (V)  X1.X_SpeedXP_auto_Tx1_SSI_IBIS.pwrbus_9
5.000000e-01 (V)  X2.out_1
5.000000e-01 (V)  X2.out_11
5.000000e-01 (V)  X2.out_13
5.000000e-01 (V)  X2.out_2
5.000000e-01 (V)  X2.out_9
-7.500000e-13 (A)  X1.X_SpeedXP_auto_Tx1_SSI_IBIS.V_SpeedXP_auto_pwrbus_1
-1.500000e-08 (A)  X1.X_SpeedXP_auto_Tx1_SSI_IBIS.V_SpeedXP_auto_pwrbus_11
-1.500000e-08 (A)  X1.X_SpeedXP_auto_Tx1_SSI_IBIS.V_SpeedXP_auto_pwrbus_13
-5.000000e-03 (A)  X1.X_SpeedXP_auto_Tx1_SSI_IBIS.V_SpeedXP_auto_pwrbus_2
-1.500000e-08 (A)  X1.X_SpeedXP_auto_Tx1_SSI_IBIS.V_SpeedXP_auto_pwrbus_9
6.250000e-03 (A)  X1.X_SpeedXP_auto_Tx1_SSI_IBIS.X_SpeedXP_auto_11_St.v1
6.250000e-03 (A)  X1.X_SpeedXP_auto_Tx1_SSI_IBIS.X_SpeedXP_auto_13_St.v1
0.000000e+00 (A)  X1.X_SpeedXP_auto_Tx1_SSI_IBIS.X_SpeedXP_auto_1_St.v1
-1.000000e-10 (A)  X1.X_SpeedXP_auto_Tx1_SSI_IBIS.X_SpeedXP_auto_2_St.v1
6.250000e-03 (A)  X1.X_SpeedXP_auto_Tx1_SSI_IBIS.X_SpeedXP_auto_9_St.v1
-5.000000e-03 (A)  X2.v_1
-6.250000e-03 (A)  X2.v_11
-6.250000e-03 (A)  X2.v_13
5.000000e-03 (A)  X2.v_2
-6.250000e-03 (A)  X2.v_9
