0.000000e+00 (V)  __Gnd
0.000000e+00 (V)  in
2.496581e-01 (V)  n1
7.503535e-01 (V)  n2
2.503419e-01 (V)  n3
7.496465e-01 (V)  n4
-4.993046e-01 (V)  rxnode
1.000000e+00 (V)  X1.inn
1.000000e+00 (V)  X1.X_speedXP_auto_Tx_ABC_Serdes.pwrbus1_6
1.000000e+00 (V)  X1.X_speedXP_auto_Tx_ABC_Serdes.pwrbus1_7
2.503419e-11 (V)  X2.S~AN0
1.000000e+00 (V)  X2.S~AN1
5.000000e-01 (V)  X2.S~AN2
5.000000e-01 (V)  X2.S~AN3
0.000000e+00 (V)  X3.X_speedXP_auto_Rx_ABC_Serdes.nd_out_of_in_8
0.000000e+00 (V)  X3.X_speedXP_auto_Rx_ABC_Serdes.nd_out_of_in_9
1.000000e+00 (V)  X3.X_speedXP_auto_Rx_ABC_Serdes.pwrbus1_8
1.000000e+00 (V)  X3.X_speedXP_auto_Rx_ABC_Serdes.pwrbus1_9
-1.010000e-10 (A)  X1.einn
-1.750342e-12 (A)  X1.X_speedXP_auto_Tx_ABC_Serdes.V_SpeedXP_auto_pwrbus1_6
-4.992931e-03 (A)  X1.X_speedXP_auto_Tx_ABC_Serdes.V_SpeedXP_auto_pwrbus1_7
4.993046e-13 (A)  X3.erxnode
0.000000e+00 (A)  X3.X_speedXP_auto_Rx_ABC_Serdes.B_SpeedXP_auto_8_OutOfIn
0.000000e+00 (A)  X3.X_speedXP_auto_Rx_ABC_Serdes.B_SpeedXP_auto_9_OutOfIn
-7.496581e-03 (A)  X3.X_speedXP_auto_Rx_ABC_Serdes.V_SpeedXP_auto_pwrbus1_8
-2.503535e-03 (A)  X3.X_speedXP_auto_Rx_ABC_Serdes.V_SpeedXP_auto_pwrbus1_9
0.000000e+00 (A)  Xstim.vstep
