A!SUBCLASS!RECORD_TAG!REFDES!COMP_PACKAGE!COMP_PART_NUMBER!SYM_NAME!SYM_X!SYM_Y!SYM_ROTATE!SYM_MIRROR!GRAPHIC_DATA_NAME!GRAPHIC_DATA_1!GRAPHIC_DATA_2!GRAPHIC_DATA_3!GRAPHIC_DATA_4!GRAPHIC_DATA_5!GRAPHIC_DATA_6!GRAPHIC_DATA_7!GRAPHIC_DATA_8!GRAPHIC_DATA_9!GRAPHIC_DATA_10!PACKAGE_HEIGHT_MIN!PACKAGE_HEIGHT_MAX!SYM_HAS_PIN_EDIT!SYM_DFA_DEV_CLASS!COMP_PACKAGE_HEIGHT_MIN!COMP_PACKAGE_HEIGHT_MAX!EMBEDDED_STATUS!BOM_IGNORE!SYM_ZONE_NAME!PLACEMENT_LAYER!
J!D:/Projects/HardwareDesign/NE555DevBoard/allegro/ne555devboard.brd!Sun Sep  8 14:16:31 2024!0.0000!0.0000!533.4000!431.8000!0.0001!millimeters!NE555DEVBOARD!10.400000 mil!2!UP TO DATE!
S!ASSEMBLY_TOP!105 1!J3!SHDR3W64P0X254_1X3_762X516X980P!!SHDR3W64P0X254_1X3_762X516X980P!157.7340!291.4650!0.000!NO!LINE!156.4640!288.8850!156.4640!294.0450!0.1000!!!!!NOTCONNECT!!!NO!!!!!!!!
S!ASSEMBLY_TOP!106 1!J3!SHDR3W64P0X254_1X3_762X516X980P!!SHDR3W64P0X254_1X3_762X516X980P!157.7340!291.4650!0.000!NO!LINE!156.4640!294.0450!164.0840!294.0450!0.1000!!!!!NOTCONNECT!!!NO!!!!!!!!
S!ASSEMBLY_TOP!107 1!J3!SHDR3W64P0X254_1X3_762X516X980P!!SHDR3W64P0X254_1X3_762X516X980P!157.7340!291.4650!0.000!NO!LINE!164.0840!294.0450!164.0840!288.8850!0.1000!!!!!NOTCONNECT!!!NO!!!!!!!!
S!ASSEMBLY_TOP!108 1!J3!SHDR3W64P0X254_1X3_762X516X980P!!SHDR3W64P0X254_1X3_762X516X980P!157.7340!291.4650!0.000!NO!LINE!164.0840!288.8850!156.4640!288.8850!0.1000!!!!!NOTCONNECT!!!NO!!!!!!!!
S!PLACE_BOUND_TOP!113 1!J3!SHDR3W64P0X254_1X3_762X516X980P!!SHDR3W64P0X254_1X3_762X516X980P!157.7340!291.4650!0.000!NO!RECTANGLE!156.2140!288.6350!164.3340!294.2950!1!!!!!!!9.8 MM!NO!!!!!!!!
S!ASSEMBLY_TOP!116 1!J2!SHDR6W63P0X254_1X6_1780X500X1280P!!SHDR6W63P0X254_1X6_1780X500X1280P!152.7810!304.1650!270.000!NO!LINE!150.3810!306.7150!155.6810!306.7150!0.1000!!!!!NOTCONNECT!!!NO!!!!!!!!
S!ASSEMBLY_TOP!117 1!J2!SHDR6W63P0X254_1X6_1780X500X1280P!!SHDR6W63P0X254_1X6_1780X500X1280P!152.7810!304.1650!270.000!NO!LINE!155.6810!306.7150!155.6810!288.9150!0.1000!!!!!NOTCONNECT!!!NO!!!!!!!!
S!ASSEMBLY_TOP!118 1!J2!SHDR6W63P0X254_1X6_1780X500X1280P!!SHDR6W63P0X254_1X6_1780X500X1280P!152.7810!304.1650!270.000!NO!LINE!155.6810!288.9150!150.3810!288.9150!0.1000!!!!!NOTCONNECT!!!NO!!!!!!!!
S!ASSEMBLY_TOP!119 1!J2!SHDR6W63P0X254_1X6_1780X500X1280P!!SHDR6W63P0X254_1X6_1780X500X1280P!152.7810!304.1650!270.000!NO!LINE!150.3810!288.9150!150.3810!306.7150!0.1000!!!!!NOTCONNECT!!!NO!!!!!!!!
S!PLACE_BOUND_TOP!124 1 0!J2!SHDR6W63P0X254_1X6_1780X500X1280P!!SHDR6W63P0X254_1X6_1780X500X1280P!152.7810!304.1650!270.000!NO!LINE!150.1310!306.9650!150.1310!288.6650!0.0000!!!!!SHAPE!!12.8 MM!NO!!!!!!!!
S!PLACE_BOUND_TOP!124 2 0!J2!SHDR6W63P0X254_1X6_1780X500X1280P!!SHDR6W63P0X254_1X6_1780X500X1280P!152.7810!304.1650!270.000!NO!LINE!150.1310!288.6650!155.9310!288.6650!0.0000!!!!!SHAPE!!12.8 MM!NO!!!!!!!!
S!PLACE_BOUND_TOP!124 3 0!J2!SHDR6W63P0X254_1X6_1780X500X1280P!!SHDR6W63P0X254_1X6_1780X500X1280P!152.7810!304.1650!270.000!NO!LINE!155.9310!288.6650!155.9310!306.9650!0.0000!!!!!SHAPE!!12.8 MM!NO!!!!!!!!
S!PLACE_BOUND_TOP!124 4 0!J2!SHDR6W63P0X254_1X6_1780X500X1280P!!SHDR6W63P0X254_1X6_1780X500X1280P!152.7810!304.1650!270.000!NO!LINE!155.9310!306.9650!150.1310!306.9650!0.0000!!!!!SHAPE!!12.8 MM!NO!!!!!!!!
S!ASSEMBLY_TOP!127 1!J1!SHDR6W63P0X254_1X6_1780X500X1280P!!SHDR6W63P0X254_1X6_1780X500X1280P!167.2590!304.1650!270.000!NO!LINE!164.8590!306.7150!170.1590!306.7150!0.1000!!!!!NOTCONNECT!!!NO!!!!!!!!
S!ASSEMBLY_TOP!128 1!J1!SHDR6W63P0X254_1X6_1780X500X1280P!!SHDR6W63P0X254_1X6_1780X500X1280P!167.2590!304.1650!270.000!NO!LINE!170.1590!306.7150!170.1590!288.9150!0.1000!!!!!NOTCONNECT!!!NO!!!!!!!!
S!ASSEMBLY_TOP!129 1!J1!SHDR6W63P0X254_1X6_1780X500X1280P!!SHDR6W63P0X254_1X6_1780X500X1280P!167.2590!304.1650!270.000!NO!LINE!170.1590!288.9150!164.8590!288.9150!0.1000!!!!!NOTCONNECT!!!NO!!!!!!!!
S!ASSEMBLY_TOP!130 1!J1!SHDR6W63P0X254_1X6_1780X500X1280P!!SHDR6W63P0X254_1X6_1780X500X1280P!167.2590!304.1650!270.000!NO!LINE!164.8590!288.9150!164.8590!306.7150!0.1000!!!!!NOTCONNECT!!!NO!!!!!!!!
S!PLACE_BOUND_TOP!135 1 0!J1!SHDR6W63P0X254_1X6_1780X500X1280P!!SHDR6W63P0X254_1X6_1780X500X1280P!167.2590!304.1650!270.000!NO!LINE!164.6090!306.9650!164.6090!288.6650!0.0000!!!!!SHAPE!!12.8 MM!NO!!!!!!!!
S!PLACE_BOUND_TOP!135 2 0!J1!SHDR6W63P0X254_1X6_1780X500X1280P!!SHDR6W63P0X254_1X6_1780X500X1280P!167.2590!304.1650!270.000!NO!LINE!164.6090!288.6650!170.4090!288.6650!0.0000!!!!!SHAPE!!12.8 MM!NO!!!!!!!!
S!PLACE_BOUND_TOP!135 3 0!J1!SHDR6W63P0X254_1X6_1780X500X1280P!!SHDR6W63P0X254_1X6_1780X500X1280P!167.2590!304.1650!270.000!NO!LINE!170.4090!288.6650!170.4090!306.9650!0.0000!!!!!SHAPE!!12.8 MM!NO!!!!!!!!
S!PLACE_BOUND_TOP!135 4 0!J1!SHDR6W63P0X254_1X6_1780X500X1280P!!SHDR6W63P0X254_1X6_1780X500X1280P!167.2590!304.1650!270.000!NO!LINE!170.4090!306.9650!164.6090!306.9650!0.0000!!!!!SHAPE!!12.8 MM!NO!!!!!!!!
S!ASSEMBLY_TOP!138 1!IC1!SOP50P310X100-8N!!SOP50P310X100-8N!160.2740!299.4660!0.000!NO!LINE!159.1240!300.4660!161.4240!300.4660!0.1000!!!!!NOTCONNECT!!!NO!!!!!!!!
S!ASSEMBLY_TOP!139 1!IC1!SOP50P310X100-8N!!SOP50P310X100-8N!160.2740!299.4660!0.000!NO!LINE!161.4240!300.4660!161.4240!298.4660!0.1000!!!!!NOTCONNECT!!!NO!!!!!!!!
S!ASSEMBLY_TOP!140 1!IC1!SOP50P310X100-8N!!SOP50P310X100-8N!160.2740!299.4660!0.000!NO!LINE!161.4240!298.4660!159.1240!298.4660!0.1000!!!!!NOTCONNECT!!!NO!!!!!!!!
S!ASSEMBLY_TOP!141 1!IC1!SOP50P310X100-8N!!SOP50P310X100-8N!160.2740!299.4660!0.000!NO!LINE!159.1240!298.4660!159.1240!300.4660!0.1000!!!!!NOTCONNECT!!!NO!!!!!!!!
S!ASSEMBLY_TOP!142 1!IC1!SOP50P310X100-8N!!SOP50P310X100-8N!160.2740!299.4660!0.000!NO!LINE!159.1240!299.9660!159.6240!300.4660!0.1000!!!!!NOTCONNECT!!!NO!!!!!!!!
S!PLACE_BOUND_TOP!148 1!IC1!SOP50P310X100-8N!!SOP50P310X100-8N!160.2740!299.4660!0.000!NO!RECTANGLE!158.0240!298.1660!162.5240!300.7660!1!!!!!!!1 MM!NO!!!!!!!!
