A!NET_NAME_SORT!NET_NAME!NODE_SORT!NODE_1_NUMBER!NODE_2_NUMBER!NODE_CONNECTS!RAT_CONNECTED!REFDES!PIN_NUMBER!PIN_TYPE!PIN_X!PIN_Y!VIA_X!VIA_Y!VIA_MIRROR!PAD_STACK_NAME!START_LAYER_NAME!END_LAYER_NAME!
J!D:/Projects/HardwareDesign/NE555DevBoard/allegro/ne555devboard.brd!Sun Sep  8 14:16:32 2024!0.0000!0.0000!533.4000!431.8000!0.0001!millimeters!NE555DEVBOARD!10.400000 mil!2!UP TO DATE!
S!VCC!VCC!7!!!2!!!!!!!!!!!!!
S!VCC!VCC!7!    1!    0!2!!!!!!!!!!!!!
S!VCC!VCC!7!!!2!!!!!!!!!!!!!
S!VCC!VCC!7!    1!    0!2!!!!!!!!!!!!!
S!VCC!VCC!7!!!2!!!!!!!!!!!!!
S!VCC!VCC!7!    2!    0!2!!!!!!!!!!!!!
S!VCC!VCC!7!!!2!!!!!!!!!!!!!
S!VCC!VCC!7!    2!    0!2!!!!!!!!!!!!!
S!VCC!VCC!7!!!2!!!!!!!!!!!!!
S!VCC!VCC!7!    3!    0!2!!!!!!!!!!!!!
S!VCC!VCC!7!!!!!!!!!!!!!!!!
S!VCC!VCC!7!!!!!!!!!!!!!!!!
S!VCC!VCC!7!!!!!!!!!!!!!!!!
S!VCC!VCC!7!!!!!!!!!!!!!!!!
S!VCC!VCC!7!!!!!!!!!!!!!!!!
S!VCC!VCC!7!!!!!!!!!!!!!!!!
S!VCC!VCC!7!!!!!!!!!!!!!!!!
S!VCC!VCC!7!!!!!!!!!!!!!!!!
S!VCC!VCC!7!!!!!!!!!!!!!!!!
S!VCC!VCC!7!!!!!!!!!!!!!!!!
S!VCC!VCC!7!!!!!!!!!!!!!!!!
S!VCC!VCC!7!!!!!!!!!!!!!!!!
S!VCC!VCC!7!!!!!!!!!!!!!!!!
S!VCC!VCC!7!!!!!!!!!!!!!!!!
S!VCC!VCC!7!!!!!!!!!!!!!!!!
S!VCC!VCC!7!!!!!!!!!!!!!!!!
S!VCC!VCC!7!!!!!!!!!!!!!!!!
S!VCC!VCC!7!!!!!!!!!!!!!!!!
S!VCC!VCC!7!!!!!!!!!!!!!!!!
S!VCC!VCC!7!!!!!!!!!!!!!!!!
S!VCC!VCC!7!!!!!!!!!!!!!!!!
S!VCC!VCC!7!!!!!!!!!!!!!!!!
S!VCC!VCC!7!!!!!!!!!!!!!!!!
S!VCC!VCC!7!!!!!!!!!!!!!!!!
S!VCC!VCC!7!!!!!!!!!!!!!!!!
S!VCC!VCC!7!!!!!!!!!!!!!!!!
S!VCC!VCC!7!!!!!!!!!!!!!!!!
S!VCC!VCC!7!!!!!!!!!!!!!!!!
S!VCC!VCC!7!!!!!!!!!!!!!!!!
S!VCC!VCC!7!!!!!!!!!!!!!!!!
S!VCC!VCC!7!!!!!!!!!!!!!!!!
S!VCC!VCC!7!!!!!!!!!!!!!!!!
S!VCC!VCC!7!!!!!!!!!!!!!!!!
S!VCC!VCC!7!!!!!!!!!!!!!!!!
S!VCC!VCC!7!!!!!!!!!!!!!!!!
S!VCC!VCC!7!!!!!!!!!!!!!!!!
S!VCC!VCC!7!!!!!!!!!!!!!!!!
S!VCC!VCC!7!!!!!!!!!!!!!!!!
S!VCC!VCC!7!!!!!!!!!!!!!!!!
S!VCC!VCC!7!!!!!!!!!!!!!!!!
S!VCC!VCC!7!!!!!!!!!!!!!!!!
S!VCC!VCC!7!!!!!!!!!!!!!!!!
S!VCC!VCC!7!!!!!!!!!!!!!!!!
S!VCC!VCC!7!!!2!!!!!!!!!!!!!
S!VCC!VCC!2!    1!    1!4!!J1!6!UNSPEC!167.2590!291.4650!!!!C165_H110!TOP!BOTTOM!
S!VCC!VCC!!!!!!J1!6!UNSPEC!167.2590!291.4650!!!!C165_H110!TOP!BOTTOM!
S!VCC!VCC!!!!!!J1!6!UNSPEC!167.2590!291.4650!!!!C165_H110!TOP!BOTTOM!
S!VCC!VCC!2!    2!    2!4!!J3!1!UNSPEC!157.7340!291.4650!!!!S165_H110!TOP!BOTTOM!
S!VCC!VCC!!!!!!J3!1!UNSPEC!157.7340!291.4650!!!!S165_H110!TOP!BOTTOM!
S!VCC!VCC!2!    3!    3!3!!J2!6!UNSPEC!152.7810!291.4650!!!!C165_H110!TOP!BOTTOM!
S!VCC!VCC!!!!!!J2!6!UNSPEC!152.7810!291.4650!!!!C165_H110!TOP!BOTTOM!
S! 00000000!0!7!!!2!!!!!!!!!!!!!
S! 00000000!0!7!    1!    0!2!!!!!!!!!!!!!
S! 00000000!0!7!!!2!!!!!!!!!!!!!
S! 00000000!0!7!    1!    0!2!!!!!!!!!!!!!
S! 00000000!0!7!!!2!!!!!!!!!!!!!
S! 00000000!0!7!    2!    0!2!!!!!!!!!!!!!
S! 00000000!0!7!!!2!!!!!!!!!!!!!
S! 00000000!0!7!    2!    0!2!!!!!!!!!!!!!
S! 00000000!0!7!!!2!!!!!!!!!!!!!
S! 00000000!0!7!    3!    0!2!!!!!!!!!!!!!
S! 00000000!0!7!!!2!!!!!!!!!!!!!
S! 00000000!0!7!    3!    0!2!!!!!!!!!!!!!
S! 00000000!0!7!!!!!!!!!!!!!!!!
S! 00000000!0!7!!!!!!!!!!!!!!!!
S! 00000000!0!7!!!!!!!!!!!!!!!!
S! 00000000!0!7!!!!!!!!!!!!!!!!
S! 00000000!0!7!!!!!!!!!!!!!!!!
S! 00000000!0!7!!!!!!!!!!!!!!!!
S! 00000000!0!7!!!!!!!!!!!!!!!!
S! 00000000!0!7!!!!!!!!!!!!!!!!
S! 00000000!0!7!!!!!!!!!!!!!!!!
S! 00000000!0!7!!!!!!!!!!!!!!!!
S! 00000000!0!7!!!!!!!!!!!!!!!!
S! 00000000!0!7!!!!!!!!!!!!!!!!
S! 00000000!0!7!!!!!!!!!!!!!!!!
S! 00000000!0!7!!!!!!!!!!!!!!!!
S! 00000000!0!7!!!!!!!!!!!!!!!!
S! 00000000!0!7!!!!!!!!!!!!!!!!
S! 00000000!0!7!!!!!!!!!!!!!!!!
S! 00000000!0!7!!!!!!!!!!!!!!!!
S! 00000000!0!7!!!!!!!!!!!!!!!!
S! 00000000!0!2!    1!    1!4!!J3!3!UNSPEC!162.8140!291.4650!!!!C165_H110!TOP!BOTTOM!
S! 00000000!0!!!!!!J3!3!UNSPEC!162.8140!291.4650!!!!C165_H110!TOP!BOTTOM!
S! 00000000!0!!!!!!J3!3!UNSPEC!162.8140!291.4650!!!!C165_H110!TOP!BOTTOM!
S! 00000000!0!2!    2!    2!4!!J1!5!UNSPEC!167.2590!294.0050!!!!C165_H110!TOP!BOTTOM!
S! 00000000!0!!!!!!J1!5!UNSPEC!167.2590!294.0050!!!!C165_H110!TOP!BOTTOM!
S! 00000000!0!2!    3!    3!4!!J2!5!UNSPEC!152.7810!294.0050!!!!C165_H110!TOP!BOTTOM!
S! 00000000!0!!!!!!J2!5!UNSPEC!152.7810!294.0050!!!!C165_H110!TOP!BOTTOM!
S!N 00000159!N00159!7!    1!    2!2!!!!!!!!!!!!!
S!N 00000159!N00159!7!    1!    2!2!!!!!!!!!!!!!
S!N 00000159!N00159!7!    1!    2!2!!!!!!!!!!!!!
S!N 00000159!N00159!7!    1!    2!2!!!!!!!!!!!!!
S!N 00000159!N00159!7!    1!    2!2!!!!!!!!!!!!!
S!N 00000159!N00159!2!    1!    1!1!!J2!4!UNSPEC!152.7810!296.5450!!!!C165_H110!TOP!BOTTOM!
S!N 00000159!N00159!!!!!!J2!4!UNSPEC!152.7810!296.5450!!!!C165_H110!TOP!BOTTOM!
S!N 00000159!N00159!!!!!!J2!4!UNSPEC!152.7810!296.5450!!!!C165_H110!TOP!BOTTOM!
S!N 00000159!N00159!2!    2!    2!1!!IC1!4!UNSPEC!158.6990!298.7160!!!!R85_30!TOP!TOP!
S!N 00000159!N00159!!!!!!IC1!4!UNSPEC!158.6990!298.7160!!!!R85_30!TOP!TOP!
S!N 00000159!N00159!5!    1!    2!!YES!!!!!!!!!!!!
S!N 00000155!N00155!7!    1!    2!2!!!!!!!!!!!!!
S!N 00000155!N00155!7!    1!    2!2!!!!!!!!!!!!!
S!N 00000155!N00155!7!    1!    2!2!!!!!!!!!!!!!
S!N 00000155!N00155!2!    1!    1!1!!IC1!3!UNSPEC!158.6990!299.2160!!!!R85_30!TOP!TOP!
S!N 00000155!N00155!!!!!!IC1!3!UNSPEC!158.6990!299.2160!!!!R85_30!TOP!TOP!
S!N 00000155!N00155!2!    2!    2!1!!J2!3!UNSPEC!152.7810!299.0850!!!!C165_H110!TOP!BOTTOM!
S!N 00000155!N00155!!!!!!J2!3!UNSPEC!152.7810!299.0850!!!!C165_H110!TOP!BOTTOM!
S!N 00000155!N00155!!!!!!J2!3!UNSPEC!152.7810!299.0850!!!!C165_H110!TOP!BOTTOM!
S!N 00000155!N00155!5!    1!    2!!YES!!!!!!!!!!!!
S!N 00000151!N00151!7!    1!    2!2!!!!!!!!!!!!!
S!N 00000151!N00151!7!    1!    2!2!!!!!!!!!!!!!
S!N 00000151!N00151!7!    1!    2!2!!!!!!!!!!!!!
S!N 00000151!N00151!7!    1!    2!2!!!!!!!!!!!!!
S!N 00000151!N00151!7!    1!    2!2!!!!!!!!!!!!!
S!N 00000151!N00151!7!    1!    2!2!!!!!!!!!!!!!
S!N 00000151!N00151!7!    1!    2!2!!!!!!!!!!!!!
S!N 00000151!N00151!2!    1!    1!1!!IC1!2!UNSPEC!158.6990!299.7160!!!!R85_30!TOP!TOP!
S!N 00000151!N00151!!!!!!IC1!2!UNSPEC!158.6990!299.7160!!!!R85_30!TOP!TOP!
S!N 00000151!N00151!2!    2!    2!1!!J2!2!UNSPEC!152.7810!301.6250!!!!C165_H110!TOP!BOTTOM!
S!N 00000151!N00151!!!!!!J2!2!UNSPEC!152.7810!301.6250!!!!C165_H110!TOP!BOTTOM!
S!N 00000151!N00151!!!!!!J2!2!UNSPEC!152.7810!301.6250!!!!C165_H110!TOP!BOTTOM!
S!N 00000151!N00151!5!    1!    2!!YES!!!!!!!!!!!!
S!N 00000147!N00147!7!    1!    2!2!!!!!!!!!!!!!
S!N 00000147!N00147!7!    1!    2!2!!!!!!!!!!!!!
S!N 00000147!N00147!7!    1!    2!2!!!!!!!!!!!!!
S!N 00000147!N00147!7!    1!    2!2!!!!!!!!!!!!!
S!N 00000147!N00147!7!    1!    2!2!!!!!!!!!!!!!
S!N 00000147!N00147!2!    1!    1!1!!J2!1!UNSPEC!152.7810!304.1650!!!!S165_H110!TOP!BOTTOM!
S!N 00000147!N00147!!!!!!J2!1!UNSPEC!152.7810!304.1650!!!!S165_H110!TOP!BOTTOM!
S!N 00000147!N00147!!!!!!J2!1!UNSPEC!152.7810!304.1650!!!!S165_H110!TOP!BOTTOM!
S!N 00000147!N00147!2!    2!    2!1!!IC1!1!UNSPEC!158.6990!300.2160!!!!R85_30!TOP!TOP!
S!N 00000147!N00147!!!!!!IC1!1!UNSPEC!158.6990!300.2160!!!!R85_30!TOP!TOP!
S!N 00000147!N00147!5!    1!    2!!YES!!!!!!!!!!!!
S!N 00000143!N00143!7!    1!    2!2!!!!!!!!!!!!!
S!N 00000143!N00143!7!    1!    2!2!!!!!!!!!!!!!
S!N 00000143!N00143!7!    1!    2!2!!!!!!!!!!!!!
S!N 00000143!N00143!7!    1!    2!2!!!!!!!!!!!!!
S!N 00000143!N00143!7!    1!    2!2!!!!!!!!!!!!!
S!N 00000143!N00143!2!    1!    1!1!!J1!4!UNSPEC!167.2590!296.5450!!!!C165_H110!TOP!BOTTOM!
S!N 00000143!N00143!!!!!!J1!4!UNSPEC!167.2590!296.5450!!!!C165_H110!TOP!BOTTOM!
S!N 00000143!N00143!!!!!!J1!4!UNSPEC!167.2590!296.5450!!!!C165_H110!TOP!BOTTOM!
S!N 00000143!N00143!2!    2!    2!1!!IC1!5!UNSPEC!161.8490!298.7160!!!!R85_30!TOP!TOP!
S!N 00000143!N00143!!!!!!IC1!5!UNSPEC!161.8490!298.7160!!!!R85_30!TOP!TOP!
S!N 00000143!N00143!5!    1!    2!!YES!!!!!!!!!!!!
S!N 00000139!N00139!2!    1!    1!1!!IC1!6!UNSPEC!161.8490!299.2160!!!!R85_30!TOP!TOP!
S!N 00000139!N00139!!!!!!IC1!6!UNSPEC!161.8490!299.2160!!!!R85_30!TOP!TOP!
S!N 00000139!N00139!7!    1!    2!2!!!!!!!!!!!!!
S!N 00000139!N00139!7!    1!    2!2!!!!!!!!!!!!!
S!N 00000139!N00139!7!    1!    2!2!!!!!!!!!!!!!
S!N 00000139!N00139!2!    2!    2!1!!J1!3!UNSPEC!167.2590!299.0850!!!!C165_H110!TOP!BOTTOM!
S!N 00000139!N00139!!!!!!J1!3!UNSPEC!167.2590!299.0850!!!!C165_H110!TOP!BOTTOM!
S!N 00000139!N00139!!!!!!J1!3!UNSPEC!167.2590!299.0850!!!!C165_H110!TOP!BOTTOM!
S!N 00000139!N00139!5!    1!    2!!YES!!!!!!!!!!!!
S!N 00000135!N00135!7!    1!    2!2!!!!!!!!!!!!!
S!N 00000135!N00135!7!    1!    2!2!!!!!!!!!!!!!
S!N 00000135!N00135!7!    1!    2!2!!!!!!!!!!!!!
S!N 00000135!N00135!7!    1!    2!2!!!!!!!!!!!!!
S!N 00000135!N00135!7!    1!    2!2!!!!!!!!!!!!!
S!N 00000135!N00135!2!    1!    1!1!!J1!2!UNSPEC!167.2590!301.6250!!!!C165_H110!TOP!BOTTOM!
S!N 00000135!N00135!!!!!!J1!2!UNSPEC!167.2590!301.6250!!!!C165_H110!TOP!BOTTOM!
S!N 00000135!N00135!!!!!!J1!2!UNSPEC!167.2590!301.6250!!!!C165_H110!TOP!BOTTOM!
S!N 00000135!N00135!2!    2!    2!1!!IC1!7!UNSPEC!161.8490!299.7160!!!!R85_30!TOP!TOP!
S!N 00000135!N00135!!!!!!IC1!7!UNSPEC!161.8490!299.7160!!!!R85_30!TOP!TOP!
S!N 00000135!N00135!5!    1!    2!!YES!!!!!!!!!!!!
S!N 00000131!N00131!7!    1!    2!2!!!!!!!!!!!!!
S!N 00000131!N00131!7!    1!    2!2!!!!!!!!!!!!!
S!N 00000131!N00131!7!    1!    2!2!!!!!!!!!!!!!
S!N 00000131!N00131!7!    1!    2!2!!!!!!!!!!!!!
S!N 00000131!N00131!7!    1!    2!2!!!!!!!!!!!!!
S!N 00000131!N00131!2!    1!    1!1!!J1!1!UNSPEC!167.2590!304.1650!!!!S165_H110!TOP!BOTTOM!
S!N 00000131!N00131!!!!!!J1!1!UNSPEC!167.2590!304.1650!!!!S165_H110!TOP!BOTTOM!
S!N 00000131!N00131!!!!!!J1!1!UNSPEC!167.2590!304.1650!!!!S165_H110!TOP!BOTTOM!
S!N 00000131!N00131!2!    2!    2!1!!IC1!8!UNSPEC!161.8490!300.2160!!!!R85_30!TOP!TOP!
S!N 00000131!N00131!!!!!!IC1!8!UNSPEC!161.8490!300.2160!!!!R85_30!TOP!TOP!
S!N 00000131!N00131!5!    1!    2!!YES!!!!!!!!!!!!
S!!!2!    1!    1!0!!J3!2!UNSPEC!160.2740!291.4650!!!!C165_H110!TOP!BOTTOM!
S!!!!!!!!J3!2!UNSPEC!160.2740!291.4650!!!!C165_H110!TOP!BOTTOM!
