A!FILM_NAME!CLASS!SUBCLASS!ROTATION!OFFSET_X!OFFSET_Y!UNDEFINED_LINE_WIDTH!SHAPE_BOUNDING_BOX!PLOT_MODE!FILM_MIRRORED!FULL_CONTACT_THERMAL_RELIEFS!SUPPRESS_UNCONNECTED_PADS!DRAW_MISSING_PAD_APERTURES!USE_APERTURE_ROTATION!SUPPRESS_SHAPE_FILL!VECTOR_BASED_PAD_BEHAVIOR!
J!D:/Projects/HardwareDesign/NE555DevBoard/allegro/ne555devboard.brd!Sep  8 14:16:28 2024!533.4000!0.0000!431.8000!0.0000!4!millimeters!!!2!out of date!
S!TOP!VIA CLASS!TOP!0!0.0000!0.0000!6.0000!100.0000!positive!no!no!no!no!no!no!yes!
S!TOP!PIN!TOP!0!0.0000!0.0000!6.0000!100.0000!positive!no!no!no!no!no!no!yes!
S!TOP!ETCH!TOP!0!0.0000!0.0000!6.0000!100.0000!positive!no!no!no!no!no!no!yes!
S!BOTTOM!VIA CLASS!BOTTOM!0!0.0000!0.0000!6.0000!100.0000!positive!no!no!no!no!no!no!yes!
S!BOTTOM!PIN!BOTTOM!0!0.0000!0.0000!6.0000!100.0000!positive!no!no!no!no!no!no!yes!
S!BOTTOM!ETCH!BOTTOM!0!0.0000!0.0000!6.0000!100.0000!positive!no!no!no!no!no!no!yes!
S!NCLEGEND-1-2!MANUFACTURING!NCLEGEND-1-2!0!0.0000!0.0000!6.0000!100.0000!positive!no!no!no!no!no!no!yes!
S!NCLEGEND-1-2!BOARD GEOMETRY!CUTOUT!0!0.0000!0.0000!6.0000!100.0000!positive!no!no!no!no!no!no!yes!
S!NCLEGEND-1-2!BOARD GEOMETRY!DESIGN_OUTLINE!0!0.0000!0.0000!6.0000!100.0000!positive!no!no!no!no!no!no!yes!
S!NCLEGEND-1-2!BOARD GEOMETRY!DIMENSION!0!0.0000!0.0000!6.0000!100.0000!positive!no!no!no!no!no!no!yes!
S!SSTP!REF DES!SILKSCREEN_TOP!0!0.0000!0.0000!6.0000!100.0000!positive!no!no!no!no!no!no!yes!
S!SSTP!PACKAGE GEOMETRY!SILKSCREEN_TOP!0!0.0000!0.0000!6.0000!100.0000!positive!no!no!no!no!no!no!yes!
S!SSTP!BOARD GEOMETRY!SILKSCREEN_TOP!0!0.0000!0.0000!6.0000!100.0000!positive!no!no!no!no!no!no!yes!
S!SSBT!REF DES!SILKSCREEN_BOTTOM!0!0.0000!0.0000!6.0000!100.0000!positive!no!no!no!no!no!no!yes!
S!SSBT!PACKAGE GEOMETRY!SILKSCREEN_BOTTOM!0!0.0000!0.0000!6.0000!100.0000!positive!no!no!no!no!no!no!yes!
S!SSBT!BOARD GEOMETRY!SILKSCREEN_BOTTOM!0!0.0000!0.0000!6.0000!100.0000!positive!no!no!no!no!no!no!yes!
S!SMTP!PACKAGE GEOMETRY!SOLDERMASK_TOP!0!0.0000!0.0000!6.0000!100.0000!positive!no!no!no!no!no!no!yes!
S!SMTP!BOARD GEOMETRY!SOLDERMASK_TOP!0!0.0000!0.0000!6.0000!100.0000!positive!no!no!no!no!no!no!yes!
S!SMTP!VIA CLASS!SOLDERMASK_TOP!0!0.0000!0.0000!6.0000!100.0000!positive!no!no!no!no!no!no!yes!
S!SMTP!PIN!SOLDERMASK_TOP!0!0.0000!0.0000!6.0000!100.0000!positive!no!no!no!no!no!no!yes!
S!SMBT!PACKAGE GEOMETRY!SOLDERMASK_BOTTOM!0!0.0000!0.0000!6.0000!100.0000!positive!no!no!no!no!no!no!yes!
S!SMBT!BOARD GEOMETRY!SOLDERMASK_BOTTOM!0!0.0000!0.0000!6.0000!100.0000!positive!no!no!no!no!no!no!yes!
S!SMBT!VIA CLASS!SOLDERMASK_BOTTOM!0!0.0000!0.0000!6.0000!100.0000!positive!no!no!no!no!no!no!yes!
S!SMBT!PIN!SOLDERMASK_BOTTOM!0!0.0000!0.0000!6.0000!100.0000!positive!no!no!no!no!no!no!yes!
S!SPTP!PACKAGE GEOMETRY!PASTEMASK_TOP!0!0.0000!0.0000!6.0000!100.0000!positive!no!no!no!no!no!no!yes!
S!SPTP!VIA CLASS!PASTEMASK_TOP!0!0.0000!0.0000!6.0000!100.0000!positive!no!no!no!no!no!no!yes!
S!SPTP!PIN!PASTEMASK_TOP!0!0.0000!0.0000!6.0000!100.0000!positive!no!no!no!no!no!no!yes!
S!SPBT!PACKAGE GEOMETRY!PASTEMASK_BOTTOM!0!0.0000!0.0000!6.0000!100.0000!positive!no!no!no!no!no!no!yes!
S!SPBT!VIA CLASS!PASTEMASK_BOTTOM!0!0.0000!0.0000!6.0000!100.0000!positive!no!no!no!no!no!no!yes!
S!SPBT!PIN!PASTEMASK_BOTTOM!0!0.0000!0.0000!6.0000!100.0000!positive!no!no!no!no!no!no!yes!
S!ASSYTP!REF DES!ASSEMBLY_TOP!0!0.0000!0.0000!6.0000!100.0000!positive!no!no!no!no!no!no!yes!
S!ASSYTP!PACKAGE GEOMETRY!ASSEMBLY_TOP!0!0.0000!0.0000!6.0000!100.0000!positive!no!no!no!no!no!no!yes!
S!ASSYTP!BOARD GEOMETRY!CUTOUT!0!0.0000!0.0000!6.0000!100.0000!positive!no!no!no!no!no!no!yes!
S!ASSYTP!BOARD GEOMETRY!DESIGN_OUTLINE!0!0.0000!0.0000!6.0000!100.0000!positive!no!no!no!no!no!no!yes!
S!ASSYBT!REF DES!ASSEMBLY_BOTTOM!0!0.0000!0.0000!6.0000!100.0000!positive!no!no!no!no!no!no!yes!
S!ASSYBT!PACKAGE GEOMETRY!ASSEMBLY_BOTTOM!0!0.0000!0.0000!6.0000!100.0000!positive!no!no!no!no!no!no!yes!
S!ASSYBT!BOARD GEOMETRY!CUTOUT!0!0.0000!0.0000!6.0000!100.0000!positive!no!no!no!no!no!no!yes!
S!ASSYBT!BOARD GEOMETRY!DESIGN_OUTLINE!0!0.0000!0.0000!6.0000!100.0000!positive!no!no!no!no!no!no!yes!
