A!CLASS!SUBCLASS!RECORD_TAG!REFDES!PIN_NUMBER!PAD_STACK_NAME!NET_NAME!PIN_X!PIN_Y!VIA_X!VIA_Y!TEST_POINT!GRAPHIC_DATA_NAME!GRAPHIC_DATA_1!GRAPHIC_DATA_2!GRAPHIC_DATA_3!GRAPHIC_DATA_4!GRAPHIC_DATA_5!GRAPHIC_DATA_6!GRAPHIC_DATA_7!GRAPHIC_DATA_8!GRAPHIC_DATA_9!GRAPHIC_DATA_10!NO_SHAPE_CONNECT!DRILL_FIGURE_CHAR!PACKAGE_HEIGHT_MIN!PACKAGE_HEIGHT_MAX!NET_PHYSICAL_TYPE!NET_SPACING_TYPE!DRILL_FIGURE_ROTATION!FILLET!WIREBOND_PROFILE_NAME!VIA_MIRROR!SYM_MIRROR!ZONE_NAME!NET_SHORT!
J!D:/Projects/HardwareDesign/NE555DevBoard/allegro/ne555devboard.brd!Sun Sep  8 14:16:31 2024!0.0000!0.0000!533.4000!431.8000!0.0001!millimeters!NE555DEVBOARD!10.400000 mil!2!UP TO DATE!
S!ETCH!TOP!1 1!!!!VCC!!!!!!LINE!167.2590!291.4650!168.2620!291.4650!0.1270!!!!!CONNECT!!!!!!!!!!!!!!
S!ETCH!TOP!2 1!!!!VCC!!!!!!LINE!166.2560!291.4650!167.2590!291.4650!0.1270!!!!!CONNECT!!!!!!!!!!!!!!
S!ETCH!TOP!3 1!!!!VCC!!!!!!LINE!167.2590!291.4650!167.2590!292.4680!0.1270!!!!!CONNECT!!!!!!!!!!!!!!
S!ETCH!TOP!4 1!!!!VCC!!!!!!LINE!167.2590!290.4620!167.2590!291.4650!0.1270!!!!!CONNECT!!!!!!!!!!!!!!
S!ETCH!TOP!5 1!!!!VCC!!!!!!LINE!157.7340!291.4650!158.7370!291.4650!0.1270!!!!!CONNECT!!!!!!!!!!!!!!
S!ETCH!TOP!6 1!!!!VCC!!!!!!LINE!156.7310!291.4650!157.7340!291.4650!0.1270!!!!!CONNECT!!!!!!!!!!!!!!
S!ETCH!TOP!7 1!!!!VCC!!!!!!LINE!157.7340!291.4650!157.7340!292.4680!0.1270!!!!!CONNECT!!!!!!!!!!!!!!
S!ETCH!TOP!8 1!!!!VCC!!!!!!LINE!157.7340!290.4620!157.7340!291.4650!0.1270!!!!!CONNECT!!!!!!!!!!!!!!
S!ETCH!TOP!9 1!!!!VCC!!!!!!LINE!152.7810!291.4650!153.7840!291.4650!0.1270!!!!!CONNECT!!!!!!!!!!!!!!
S!ETCH!TOP!10 1!!!!VCC!!!!!!LINE!151.7780!291.4650!152.7810!291.4650!0.1270!!!!!CONNECT!!!!!!!!!!!!!!
S!ETCH!TOP!11 1 0!!!!VCC!!!!!!LINE!164.7188!292.6078!168.5292!292.6078!0.0000!!!!!SHAPE!!!!!!!!!!!!!!
S!ETCH!TOP!11 2 0!!!!VCC!!!!!!LINE!168.5292!292.6078!168.6560!292.4810!0.0000!!!!!SHAPE!!!!!!!!!!!!!!
S!ETCH!TOP!11 3 0!!!!VCC!!!!!!LINE!168.6560!292.4810!168.6560!288.0360!0.0000!!!!!SHAPE!!!!!!!!!!!!!!
S!ETCH!TOP!11 4 0!!!!VCC!!!!!!LINE!168.6560!288.0360!168.5290!287.9090!0.0000!!!!!SHAPE!!!!!!!!!!!!!!
S!ETCH!TOP!11 5 0!!!!VCC!!!!!!LINE!168.5290!287.9090!157.0990!287.9090!0.0000!!!!!SHAPE!!!!!!!!!!!!!!
S!ETCH!TOP!11 6 0!!!!VCC!!!!!!LINE!157.0990!287.9090!156.9720!288.0360!0.0000!!!!!SHAPE!!!!!!!!!!!!!!
S!ETCH!TOP!11 7 0!!!!VCC!!!!!!LINE!156.9720!288.0360!156.9720!290.3220!0.0000!!!!!SHAPE!!!!!!!!!!!!!!
S!ETCH!TOP!11 8 0!!!!VCC!!!!!!LINE!156.9720!290.3220!156.9546!290.3394!0.0000!!!!!SHAPE!!!!!!!!!!!!!!
S!ETCH!TOP!11 9 0!!!!VCC!!!!!!ARC!156.9546!290.3394!157.0265!290.5128!157.026477!290.411203!0.101597!0.0000!CLOCKWISE!SHAPE!!!!!!!!!!!!!!
S!ETCH!TOP!11 10 0!!!!VCC!!!!!!LINE!157.0265!290.5128!158.5590!290.5128!0.0000!!!!!SHAPE!!!!!!!!!!!!!!
S!ETCH!TOP!11 11 0!!!!VCC!!!!!!ARC!158.5590!290.5128!158.6862!290.6400!158.559000!290.640000!0.127200!0.0000!COUNTERCLOCKWISE!SHAPE!!!!!!!!!!!!!!
S!ETCH!TOP!11 12 0!!!!VCC!!!!!!LINE!158.6862!290.6400!158.6862!292.2900!0.0000!!!!!SHAPE!!!!!!!!!!!!!!
S!ETCH!TOP!11 13 0!!!!VCC!!!!!!ARC!158.6862!292.2900!158.5590!292.4172!158.559000!292.290000!0.127200!0.0000!COUNTERCLOCKWISE!SHAPE!!!!!!!!!!!!!!
S!ETCH!TOP!11 14 0!!!!VCC!!!!!!LINE!158.5590!292.4172!156.9090!292.4172!0.0000!!!!!SHAPE!!!!!!!!!!!!!!
S!ETCH!TOP!11 15 0!!!!VCC!!!!!!ARC!156.9090!292.4172!156.7818!292.2900!156.909000!292.290000!0.127200!0.0000!COUNTERCLOCKWISE!SHAPE!!!!!!!!!!!!!!
S!ETCH!TOP!11 16 0!!!!VCC!!!!!!LINE!156.7818!292.2900!156.7818!290.6400!0.0000!!!!!SHAPE!!!!!!!!!!!!!!
S!ETCH!TOP!11 17 0!!!!VCC!!!!!!ARC!156.7818!290.6400!156.7919!290.5903!156.909132!290.640000!0.127332!0.0000!COUNTERCLOCKWISE!SHAPE!!!!!!!!!!!!!!
S!ETCH!TOP!11 18 0!!!!VCC!!!!!!ARC!156.7919!290.5903!156.6984!290.4490!156.698387!290.550593!0.101593!0.0000!CLOCKWISE!SHAPE!!!!!!!!!!!!!!
S!ETCH!TOP!11 19 0!!!!VCC!!!!!!LINE!156.6984!290.4490!153.3048!290.4490!0.0000!!!!!SHAPE!!!!!!!!!!!!!!
S!ETCH!TOP!11 20 0!!!!VCC!!!!!!ARC!153.3048!290.4490!153.2543!290.6388!153.304763!290.550608!0.101608!0.0000!CLOCKWISE!SHAPE!!!!!!!!!!!!!!
S!ETCH!TOP!11 21 0!!!!VCC!!!!!!ARC!153.2543!290.6388!153.7332!291.4650!152.781068!291.465000!0.952132!0.0000!COUNTERCLOCKWISE!SHAPE!!!!!!!!!!!!!!
S!ETCH!TOP!11 22 0!!!!VCC!!!!!!ARC!153.7332!291.4650!151.8288!291.4650!152.781000!291.465000!0.952200!0.0000!COUNTERCLOCKWISE!SHAPE!!!!!!!!!!!!!!
S!ETCH!TOP!11 23 0!!!!VCC!!!!!!ARC!151.8288!291.4650!152.3077!290.6388!152.780932!291.465000!0.952132!0.0000!COUNTERCLOCKWISE!SHAPE!!!!!!!!!!!!!!
S!ETCH!TOP!11 24 0!!!!VCC!!!!!!ARC!152.3077!290.6388!152.2572!290.4490!152.257237!290.550608!0.101608!0.0000!CLOCKWISE!SHAPE!!!!!!!!!!!!!!
S!ETCH!TOP!11 25 0!!!!VCC!!!!!!LINE!152.2572!290.4490!147.4470!290.4490!0.0000!!!!!SHAPE!!!!!!!!!!!!!!
S!ETCH!TOP!11 26 0!!!!VCC!!!!!!LINE!147.4470!290.4490!147.3200!290.5760!0.0000!!!!!SHAPE!!!!!!!!!!!!!!
S!ETCH!TOP!11 27 0!!!!VCC!!!!!!LINE!147.3200!290.5760!147.3200!292.4810!0.0000!!!!!SHAPE!!!!!!!!!!!!!!
S!ETCH!TOP!11 28 0!!!!VCC!!!!!!LINE!147.3200!292.4810!147.4468!292.6078!0.0000!!!!!SHAPE!!!!!!!!!!!!!!
S!ETCH!TOP!11 29 0!!!!VCC!!!!!!LINE!147.4468!292.6078!158.8772!292.6078!0.0000!!!!!SHAPE!!!!!!!!!!!!!!
S!ETCH!TOP!11 30 0!!!!VCC!!!!!!LINE!158.8772!292.6078!159.0040!292.4810!0.0000!!!!!SHAPE!!!!!!!!!!!!!!
S!ETCH!TOP!11 31 0!!!!VCC!!!!!!LINE!159.0040!292.4810!159.0040!290.3220!0.0000!!!!!SHAPE!!!!!!!!!!!!!!
S!ETCH!TOP!11 32 0!!!!VCC!!!!!!LINE!159.0040!290.3220!159.1310!290.1950!0.0000!!!!!SHAPE!!!!!!!!!!!!!!
S!ETCH!TOP!11 33 0!!!!VCC!!!!!!LINE!159.1310!290.1950!161.7451!290.1950!0.0000!!!!!SHAPE!!!!!!!!!!!!!!
S!ETCH!TOP!11 34 0!!!!VCC!!!!!!LINE!161.7451!290.1950!161.7453!290.1948!0.0000!!!!!SHAPE!!!!!!!!!!!!!!
S!ETCH!TOP!11 35 0!!!!VCC!!!!!!LINE!161.7453!290.1948!164.3907!290.1948!0.0000!!!!!SHAPE!!!!!!!!!!!!!!
S!ETCH!TOP!11 36 0!!!!VCC!!!!!!LINE!164.3907!290.1948!164.3909!290.1950!0.0000!!!!!SHAPE!!!!!!!!!!!!!!
S!ETCH!TOP!11 37 0!!!!VCC!!!!!!LINE!164.3909!290.1950!164.4650!290.1950!0.0000!!!!!SHAPE!!!!!!!!!!!!!!
S!ETCH!TOP!11 38 0!!!!VCC!!!!!!LINE!164.4650!290.1950!164.5920!290.3220!0.0000!!!!!SHAPE!!!!!!!!!!!!!!
S!ETCH!TOP!11 39 0!!!!VCC!!!!!!LINE!164.5920!290.3220!164.5920!290.3961!0.0000!!!!!SHAPE!!!!!!!!!!!!!!
S!ETCH!TOP!11 40 0!!!!VCC!!!!!!LINE!164.5920!290.3961!164.5922!290.3963!0.0000!!!!!SHAPE!!!!!!!!!!!!!!
S!ETCH!TOP!11 41 0!!!!VCC!!!!!!LINE!164.5922!290.3963!164.5922!292.4812!0.0000!!!!!SHAPE!!!!!!!!!!!!!!
S!ETCH!TOP!11 42 0!!!!VCC!!!!!!LINE!164.5922!292.4812!164.7188!292.6078!0.0000!!!!!SHAPE!!!!!!!!!!!!!!
S!ETCH!TOP!11 43 1!!!!VCC!!!!!!ARC!168.2112!291.4650!168.2112!291.4650!167.259000!291.465000!0.952200!0.0000!CLOCKWISE!VOID!!!!!!!!!!!!!!
S!ETCH!TOP!12 1!!!!VCC!!!!!!LINE!152.7810!291.4650!152.7810!292.4680!0.1270!!!!!CONNECT!!!!!!!!!!!!!!
S!PIN!TOP!13 1!J1!6!C165_H110!VCC!167.2590!291.4650!!!BOTTOM!CIRCLE!167.2590!291.4650!1.6500!1.6500!!!!!!!!B!!!!!0.000!!!!NO!!!
S!PIN!BOTTOM!14 1!J1!6!C165_H110!VCC!167.2590!291.4650!!!BOTTOM!CIRCLE!167.2590!291.4650!1.6500!1.6500!!!!!!!!B!!!!!0.000!!!!NO!!!
S!MANUFACTURING!PROBE_BOTTOM!15 1!J1!6!C165_H110!VCC!167.2590!291.4650!!!!TEXT!167.2590!291.4650!0.000!NO!LEFT!1 0 0.6350 0.4064 0.000 0.1524 0.7874 0.0000!VCC!!!!!B!!!!!0.000!!!!NO!!!
S!PACKAGE GEOMETRY!PIN_NUMBER!15 2!J1!6!C165_H110!VCC!167.2590!291.4650!!!!TEXT!167.2590!291.4650!270.000!NO!CENTER!6 0 2.0320 1.5240 0.000 0.5080 2.5400 0.0000!6!!!!!B!!!!!0.000!!!!NO!!!
S!PIN!TOP!16 1!J3!1!S165_H110!VCC!157.7340!291.4650!!!!SQUARE!157.7340!291.4650!1.6500!1.6500!!!!!!!!B!!!!!0.000!!!!NO!!!
S!PIN!BOTTOM!17 1!J3!1!S165_H110!VCC!157.7340!291.4650!!!!SQUARE!157.7340!291.4650!1.6500!1.6500!!!!!!!!B!!!!!0.000!!!!NO!!!
S!PACKAGE GEOMETRY!PIN_NUMBER!18 1!J3!1!S165_H110!VCC!157.7340!291.4650!!!!TEXT!157.7340!291.4650!0.000!NO!CENTER!6 0 2.0320 1.5240 0.000 0.5080 2.5400 0.0000!1!!!!!B!!!!!0.000!!!!NO!!!
S!PIN!TOP!19 1!J2!6!C165_H110!VCC!152.7810!291.4650!!!!CIRCLE!152.7810!291.4650!1.6500!1.6500!!!!!!!!B!!!!!0.000!!!!NO!!!
S!PIN!BOTTOM!20 1!J2!6!C165_H110!VCC!152.7810!291.4650!!!!CIRCLE!152.7810!291.4650!1.6500!1.6500!!!!!!!!B!!!!!0.000!!!!NO!!!
S!PACKAGE GEOMETRY!PIN_NUMBER!21 1!J2!6!C165_H110!VCC!152.7810!291.4650!!!!TEXT!152.7810!291.4650!270.000!NO!CENTER!6 0 2.0320 1.5240 0.000 0.5080 2.5400 0.0000!6!!!!!B!!!!!0.000!!!!NO!!!
S!ETCH!TOP!22 1!!!!0!!!!!!LINE!162.8140!291.4650!163.8170!291.4650!0.1270!!!!!CONNECT!!!!!!!!!!!!!!
S!ETCH!TOP!23 1!!!!0!!!!!!LINE!161.8110!291.4650!162.8140!291.4650!0.1270!!!!!CONNECT!!!!!!!!!!!!!!
S!ETCH!TOP!24 1!!!!0!!!!!!LINE!162.8140!291.4650!162.8140!292.4680!0.1270!!!!!CONNECT!!!!!!!!!!!!!!
S!ETCH!TOP!25 1!!!!0!!!!!!LINE!162.8140!290.4620!162.8140!291.4650!0.1270!!!!!CONNECT!!!!!!!!!!!!!!
S!ETCH!TOP!26 1!!!!0!!!!!!LINE!167.2590!294.0050!168.2620!294.0050!0.1270!!!!!CONNECT!!!!!!!!!!!!!!
S!ETCH!TOP!27 1!!!!0!!!!!!LINE!166.2560!294.0050!167.2590!294.0050!0.1270!!!!!CONNECT!!!!!!!!!!!!!!
S!ETCH!TOP!28 1!!!!0!!!!!!LINE!167.2590!294.0050!167.2590!295.0080!0.1270!!!!!CONNECT!!!!!!!!!!!!!!
S!ETCH!TOP!29 1!!!!0!!!!!!LINE!167.2590!293.0020!167.2590!294.0050!0.1270!!!!!CONNECT!!!!!!!!!!!!!!
S!ETCH!TOP!30 1!!!!0!!!!!!LINE!152.7810!294.0050!153.7840!294.0050!0.1270!!!!!CONNECT!!!!!!!!!!!!!!
S!ETCH!TOP!31 1!!!!0!!!!!!LINE!151.7780!294.0050!152.7810!294.0050!0.1270!!!!!CONNECT!!!!!!!!!!!!!!
S!ETCH!TOP!32 1!!!!0!!!!!!LINE!152.7810!294.0050!152.7810!295.0080!0.1270!!!!!CONNECT!!!!!!!!!!!!!!
S!ETCH!TOP!33 1!!!!0!!!!!!LINE!152.7810!293.0020!152.7810!294.0050!0.1270!!!!!CONNECT!!!!!!!!!!!!!!
S!ETCH!TOP!34 1 0!!!!0!!!!!!LINE!168.6560!295.2750!168.6560!292.8620!0.0000!!!!!SHAPE!!!!!!!!!!!!!!
S!ETCH!TOP!34 2 0!!!!0!!!!!!LINE!168.6560!292.8620!168.5290!292.7350!0.0000!!!!!SHAPE!!!!!!!!!!!!!!
S!ETCH!TOP!34 3 0!!!!0!!!!!!LINE!168.5290!292.7350!164.5920!292.7350!0.0000!!!!!SHAPE!!!!!!!!!!!!!!
S!ETCH!TOP!34 4 0!!!!0!!!!!!LINE!164.5920!292.7350!164.4650!292.6080!0.0000!!!!!SHAPE!!!!!!!!!!!!!!
S!ETCH!TOP!34 5 0!!!!0!!!!!!LINE!164.4650!292.6080!164.4650!290.4490!0.0000!!!!!SHAPE!!!!!!!!!!!!!!
S!ETCH!TOP!34 6 0!!!!0!!!!!!LINE!164.4650!290.4490!164.3380!290.3220!0.0000!!!!!SHAPE!!!!!!!!!!!!!!
S!ETCH!TOP!34 7 0!!!!0!!!!!!LINE!164.3380!290.3220!161.7980!290.3220!0.0000!!!!!SHAPE!!!!!!!!!!!!!!
S!ETCH!TOP!34 8 0!!!!0!!!!!!LINE!161.7980!290.3220!161.6710!290.4490!0.0000!!!!!SHAPE!!!!!!!!!!!!!!
S!ETCH!TOP!34 9 0!!!!0!!!!!!LINE!161.6710!290.4490!161.6710!292.6080!0.0000!!!!!SHAPE!!!!!!!!!!!!!!
S!ETCH!TOP!34 10 0!!!!0!!!!!!LINE!161.6710!292.6080!161.5440!292.7350!0.0000!!!!!SHAPE!!!!!!!!!!!!!!
S!ETCH!TOP!34 11 0!!!!0!!!!!!LINE!161.5440!292.7350!147.4470!292.7350!0.0000!!!!!SHAPE!!!!!!!!!!!!!!
S!ETCH!TOP!34 12 0!!!!0!!!!!!LINE!147.4470!292.7350!147.3200!292.8620!0.0000!!!!!SHAPE!!!!!!!!!!!!!!
S!ETCH!TOP!34 13 0!!!!0!!!!!!LINE!147.3200!292.8620!147.3200!295.2750!0.0000!!!!!SHAPE!!!!!!!!!!!!!!
S!ETCH!TOP!34 14 0!!!!0!!!!!!LINE!147.3200!295.2750!147.4470!295.4020!0.0000!!!!!SHAPE!!!!!!!!!!!!!!
S!ETCH!TOP!34 15 0!!!!0!!!!!!LINE!147.4470!295.4020!168.5290!295.4020!0.0000!!!!!SHAPE!!!!!!!!!!!!!!
S!ETCH!TOP!34 16 0!!!!0!!!!!!LINE!168.5290!295.4020!168.6560!295.2750!0.0000!!!!!SHAPE!!!!!!!!!!!!!!
S!ETCH!TOP!34 17 1!!!!0!!!!!!ARC!153.7332!294.0050!153.7332!294.0050!152.781000!294.005000!0.952200!0.0000!CLOCKWISE!VOID!!!!!!!!!!!!!!
S!ETCH!TOP!34 18 2!!!!0!!!!!!ARC!168.2112!294.0050!168.2112!294.0050!167.259000!294.005000!0.952200!0.0000!CLOCKWISE!VOID!!!!!!!!!!!!!!
S!ETCH!TOP!34 19 3!!!!0!!!!!!ARC!163.7662!291.4650!163.7662!291.4650!162.814000!291.465000!0.952200!0.0000!CLOCKWISE!VOID!!!!!!!!!!!!!!
S!PIN!TOP!35 1!J3!3!C165_H110!0!162.8140!291.4650!!!BOTTOM!CIRCLE!162.8140!291.4650!1.6500!1.6500!!!!!!!!B!!!!!0.000!!!!NO!!!
S!PIN!BOTTOM!36 1!J3!3!C165_H110!0!162.8140!291.4650!!!BOTTOM!CIRCLE!162.8140!291.4650!1.6500!1.6500!!!!!!!!B!!!!!0.000!!!!NO!!!
S!MANUFACTURING!PROBE_BOTTOM!37 1!J3!3!C165_H110!0!162.8140!291.4650!!!!TEXT!162.8140!291.4650!0.000!NO!LEFT!1 0 0.6350 0.4064 0.000 0.1524 0.7874 0.0000!0!!!!!B!!!!!0.000!!!!NO!!!
S!PACKAGE GEOMETRY!PIN_NUMBER!37 2!J3!3!C165_H110!0!162.8140!291.4650!!!!TEXT!162.8140!291.4650!0.000!NO!CENTER!6 0 2.0320 1.5240 0.000 0.5080 2.5400 0.0000!3!!!!!B!!!!!0.000!!!!NO!!!
S!PIN!TOP!38 1!J1!5!C165_H110!0!167.2590!294.0050!!!!CIRCLE!167.2590!294.0050!1.6500!1.6500!!!!!!!!B!!!!!0.000!!!!NO!!!
S!PIN!BOTTOM!39 1!J1!5!C165_H110!0!167.2590!294.0050!!!!CIRCLE!167.2590!294.0050!1.6500!1.6500!!!!!!!!B!!!!!0.000!!!!NO!!!
S!PACKAGE GEOMETRY!PIN_NUMBER!40 1!J1!5!C165_H110!0!167.2590!294.0050!!!!TEXT!167.2590!294.0050!270.000!NO!CENTER!6 0 2.0320 1.5240 0.000 0.5080 2.5400 0.0000!5!!!!!B!!!!!0.000!!!!NO!!!
S!PIN!TOP!41 1!J2!5!C165_H110!0!152.7810!294.0050!!!!CIRCLE!152.7810!294.0050!1.6500!1.6500!!!!!!!!B!!!!!0.000!!!!NO!!!
S!PIN!BOTTOM!42 1!J2!5!C165_H110!0!152.7810!294.0050!!!!CIRCLE!152.7810!294.0050!1.6500!1.6500!!!!!!!!B!!!!!0.000!!!!NO!!!
S!PACKAGE GEOMETRY!PIN_NUMBER!43 1!J2!5!C165_H110!0!152.7810!294.0050!!!!TEXT!152.7810!294.0050!270.000!NO!CENTER!6 0 2.0320 1.5240 0.000 0.5080 2.5400 0.0000!5!!!!!B!!!!!0.000!!!!NO!!!
S!ETCH!TOP!44 1!!!!N00159!!!!!!LINE!158.6990!298.7160!156.7180!298.7160!0.2540!!!!!CONNECT!!!!!!!!!!!!!!
S!ETCH!TOP!44 2!!!!N00159!!!!!!LINE!156.7180!298.7160!156.4640!298.4620!0.2540!!!!!CONNECT!!!!!!!!!!!!!!
S!ETCH!TOP!44 3!!!!N00159!!!!!!LINE!156.4640!298.4620!156.4640!296.7990!0.2540!!!!!CONNECT!!!!!!!!!!!!!!
S!ETCH!TOP!44 4!!!!N00159!!!!!!LINE!156.4640!296.7990!156.2100!296.5450!0.2540!!!!!CONNECT!!!!!!!!!!!!!!
S!ETCH!TOP!44 5!!!!N00159!!!!!!LINE!156.2100!296.5450!152.7810!296.5450!0.2540!!!!!CONNECT!!!!!!!!!!!!!!
S!PIN!TOP!45 1!J2!4!C165_H110!N00159!152.7810!296.5450!!!BOTTOM!CIRCLE!152.7810!296.5450!1.6500!1.6500!!!!!!!!B!!!!!0.000!!!!NO!!!
S!PIN!BOTTOM!46 1!J2!4!C165_H110!N00159!152.7810!296.5450!!!BOTTOM!CIRCLE!152.7810!296.5450!1.6500!1.6500!!!!!!!!B!!!!!0.000!!!!NO!!!
S!MANUFACTURING!PROBE_BOTTOM!47 1!J2!4!C165_H110!N00159!152.7810!296.5450!!!!TEXT!152.7810!296.5450!0.000!NO!LEFT!1 0 0.6350 0.4064 0.000 0.1524 0.7874 0.0000!N00159!!!!!B!!!!!0.000!!!!NO!!!
S!PACKAGE GEOMETRY!PIN_NUMBER!47 2!J2!4!C165_H110!N00159!152.7810!296.5450!!!!TEXT!152.7810!296.5450!270.000!NO!CENTER!6 0 2.0320 1.5240 0.000 0.5080 2.5400 0.0000!4!!!!!B!!!!!0.000!!!!NO!!!
S!PIN!SOLDERMASK_TOP!48 1!IC1!4!R85_30!N00159!158.6990!298.7160!!!!FIG_RECTANGLE!158.6990!298.7160!0.8499!0.3000!!!!!!!!!!!!!!!!!NO!!!
S!PIN!PASTEMASK_TOP!49 1!IC1!4!R85_30!N00159!158.6990!298.7160!!!!FIG_RECTANGLE!158.6990!298.7160!0.8499!0.3000!!!!!!!!!!!!!!!!!NO!!!
S!PIN!TOP!50 1!IC1!4!R85_30!N00159!158.6990!298.7160!!!!FIG_RECTANGLE!158.6990!298.7160!0.8499!0.3000!!!!!!!!!!!!!!!!!NO!!!
S!PACKAGE GEOMETRY!PIN_NUMBER!51 1!IC1!4!R85_30!N00159!158.6990!298.7160!!!!TEXT!158.6990!298.7160!0.000!NO!CENTER!6 0 2.0320 1.5240 0.000 0.5080 2.5400 0.0000!4!!!!!!!!!!!!!!NO!!!
S!ETCH!TOP!52 1!!!!N00155!!!!!!LINE!158.6990!299.2160!156.4680!299.2160!0.2540!!!!!CONNECT!!!!!!!!!!!!!!
S!ETCH!TOP!52 2!!!!N00155!!!!!!LINE!156.4680!299.2160!156.3370!299.0850!0.2540!!!!!CONNECT!!!!!!!!!!!!!!
S!ETCH!TOP!52 3!!!!N00155!!!!!!LINE!156.3370!299.0850!152.7810!299.0850!0.2540!!!!!CONNECT!!!!!!!!!!!!!!
S!PIN!SOLDERMASK_TOP!53 1!IC1!3!R85_30!N00155!158.6990!299.2160!!!!FIG_RECTANGLE!158.6990!299.2160!0.8499!0.3000!!!!!!!!!!!!!!!!!NO!!!
S!PIN!PASTEMASK_TOP!54 1!IC1!3!R85_30!N00155!158.6990!299.2160!!!!FIG_RECTANGLE!158.6990!299.2160!0.8499!0.3000!!!!!!!!!!!!!!!!!NO!!!
S!PIN!TOP!55 1!IC1!3!R85_30!N00155!158.6990!299.2160!!!!FIG_RECTANGLE!158.6990!299.2160!0.8499!0.3000!!!!!!!!!!!!!!!!!NO!!!
S!PACKAGE GEOMETRY!PIN_NUMBER!56 1!IC1!3!R85_30!N00155!158.6990!299.2160!!!!TEXT!158.6990!299.2160!0.000!NO!CENTER!6 0 2.0320 1.5240 0.000 0.5080 2.5400 0.0000!3!!!!!!!!!!!!!!NO!!!
S!PIN!TOP!57 1!J2!3!C165_H110!N00155!152.7810!299.0850!!!BOTTOM!CIRCLE!152.7810!299.0850!1.6500!1.6500!!!!!!!!B!!!!!0.000!!!!NO!!!
S!PIN!BOTTOM!58 1!J2!3!C165_H110!N00155!152.7810!299.0850!!!BOTTOM!CIRCLE!152.7810!299.0850!1.6500!1.6500!!!!!!!!B!!!!!0.000!!!!NO!!!
S!MANUFACTURING!PROBE_BOTTOM!59 1!J2!3!C165_H110!N00155!152.7810!299.0850!!!!TEXT!152.7810!299.0850!0.000!NO!LEFT!1 0 0.6350 0.4064 0.000 0.1524 0.7874 0.0000!N00155!!!!!B!!!!!0.000!!!!NO!!!
S!PACKAGE GEOMETRY!PIN_NUMBER!59 2!J2!3!C165_H110!N00155!152.7810!299.0850!!!!TEXT!152.7810!299.0850!270.000!NO!CENTER!6 0 2.0320 1.5240 0.000 0.5080 2.5400 0.0000!3!!!!!B!!!!!0.000!!!!NO!!!
S!ETCH!TOP!60 1!!!!N00151!!!!!!LINE!152.7810!301.6250!155.7020!301.6250!0.2540!!!!!CONNECT!!!!!!!!!!!!!!
S!ETCH!TOP!60 2!!!!N00151!!!!!!LINE!155.7020!301.6250!156.2100!301.1170!0.2540!!!!!CONNECT!!!!!!!!!!!!!!
S!ETCH!TOP!60 3!!!!N00151!!!!!!LINE!156.2100!301.1170!156.2100!300.1010!0.2540!!!!!CONNECT!!!!!!!!!!!!!!
S!ETCH!TOP!60 4!!!!N00151!!!!!!LINE!156.2100!300.1010!156.5910!299.7200!0.2540!!!!!CONNECT!!!!!!!!!!!!!!
S!ETCH!TOP!60 5!!!!N00151!!!!!!LINE!156.5910!299.7200!158.0160!299.7200!0.2540!!!!!CONNECT!!!!!!!!!!!!!!
S!ETCH!TOP!60 6!!!!N00151!!!!!!LINE!158.0160!299.7200!158.0200!299.7160!0.2540!!!!!CONNECT!!!!!!!!!!!!!!
S!ETCH!TOP!60 7!!!!N00151!!!!!!LINE!158.0200!299.7160!158.6990!299.7160!0.2540!!!!!CONNECT!!!!!!!!!!!!!!
S!PIN!SOLDERMASK_TOP!61 1!IC1!2!R85_30!N00151!158.6990!299.7160!!!!FIG_RECTANGLE!158.6990!299.7160!0.8499!0.3000!!!!!!!!!!!!!!!!!NO!!!
S!PIN!PASTEMASK_TOP!62 1!IC1!2!R85_30!N00151!158.6990!299.7160!!!!FIG_RECTANGLE!158.6990!299.7160!0.8499!0.3000!!!!!!!!!!!!!!!!!NO!!!
S!PIN!TOP!63 1!IC1!2!R85_30!N00151!158.6990!299.7160!!!!FIG_RECTANGLE!158.6990!299.7160!0.8499!0.3000!!!!!!!!!!!!!!!!!NO!!!
S!PACKAGE GEOMETRY!PIN_NUMBER!64 1!IC1!2!R85_30!N00151!158.6990!299.7160!!!!TEXT!158.6990!299.7160!0.000!NO!CENTER!6 0 2.0320 1.5240 0.000 0.5080 2.5400 0.0000!2!!!!!!!!!!!!!!NO!!!
S!PIN!TOP!65 1!J2!2!C165_H110!N00151!152.7810!301.6250!!!BOTTOM!CIRCLE!152.7810!301.6250!1.6500!1.6500!!!!!!!!B!!!!!0.000!!!!NO!!!
S!PIN!BOTTOM!66 1!J2!2!C165_H110!N00151!152.7810!301.6250!!!BOTTOM!CIRCLE!152.7810!301.6250!1.6500!1.6500!!!!!!!!B!!!!!0.000!!!!NO!!!
S!MANUFACTURING!PROBE_BOTTOM!67 1!J2!2!C165_H110!N00151!152.7810!301.6250!!!!TEXT!152.7810!301.6250!0.000!NO!LEFT!1 0 0.6350 0.4064 0.000 0.1524 0.7874 0.0000!N00151!!!!!B!!!!!0.000!!!!NO!!!
S!PACKAGE GEOMETRY!PIN_NUMBER!67 2!J2!2!C165_H110!N00151!152.7810!301.6250!!!!TEXT!152.7810!301.6250!270.000!NO!CENTER!6 0 2.0320 1.5240 0.000 0.5080 2.5400 0.0000!2!!!!!B!!!!!0.000!!!!NO!!!
S!ETCH!TOP!68 1!!!!N00147!!!!!!LINE!152.7810!304.1650!156.5910!304.1650!0.2540!!!!!CONNECT!!!!!!!!!!!!!!
S!ETCH!TOP!68 2!!!!N00147!!!!!!LINE!156.5910!304.1650!156.8450!303.9110!0.2540!!!!!CONNECT!!!!!!!!!!!!!!
S!ETCH!TOP!68 3!!!!N00147!!!!!!LINE!156.8450!303.9110!156.8450!300.6090!0.2540!!!!!CONNECT!!!!!!!!!!!!!!
S!ETCH!TOP!68 4!!!!N00147!!!!!!LINE!156.8450!300.6090!157.2380!300.2160!0.2540!!!!!CONNECT!!!!!!!!!!!!!!
S!ETCH!TOP!68 5!!!!N00147!!!!!!LINE!157.2380!300.2160!158.6990!300.2160!0.2540!!!!!CONNECT!!!!!!!!!!!!!!
S!PIN!TOP!69 1!J2!1!S165_H110!N00147!152.7810!304.1650!!!BOTTOM!SQUARE!152.7810!304.1650!1.6500!1.6500!!!!!!!!B!!!!!0.000!!!!NO!!!
S!PIN!BOTTOM!70 1!J2!1!S165_H110!N00147!152.7810!304.1650!!!BOTTOM!SQUARE!152.7810!304.1650!1.6500!1.6500!!!!!!!!B!!!!!0.000!!!!NO!!!
S!MANUFACTURING!PROBE_BOTTOM!71 1!J2!1!S165_H110!N00147!152.7810!304.1650!!!!TEXT!152.7810!304.1650!0.000!NO!LEFT!1 0 0.6350 0.4064 0.000 0.1524 0.7874 0.0000!N00147!!!!!B!!!!!0.000!!!!NO!!!
S!PACKAGE GEOMETRY!PIN_NUMBER!71 2!J2!1!S165_H110!N00147!152.7810!304.1650!!!!TEXT!152.7810!304.1650!270.000!NO!CENTER!6 0 2.0320 1.5240 0.000 0.5080 2.5400 0.0000!1!!!!!B!!!!!0.000!!!!NO!!!
S!PIN!SOLDERMASK_TOP!72 1!IC1!1!R85_30!N00147!158.6990!300.2160!!!!FIG_RECTANGLE!158.6990!300.2160!0.8499!0.3000!!!!!!!!!!!!!!!!!NO!!!
S!PIN!PASTEMASK_TOP!73 1!IC1!1!R85_30!N00147!158.6990!300.2160!!!!FIG_RECTANGLE!158.6990!300.2160!0.8499!0.3000!!!!!!!!!!!!!!!!!NO!!!
S!PIN!TOP!74 1!IC1!1!R85_30!N00147!158.6990!300.2160!!!!FIG_RECTANGLE!158.6990!300.2160!0.8499!0.3000!!!!!!!!!!!!!!!!!NO!!!
S!PACKAGE GEOMETRY!PIN_NUMBER!75 1!IC1!1!R85_30!N00147!158.6990!300.2160!!!!TEXT!158.6990!300.2160!0.000!NO!CENTER!6 0 2.0320 1.5240 0.000 0.5080 2.5400 0.0000!1!!!!!!!!!!!!!!NO!!!
S!ETCH!TOP!76 1!!!!N00143!!!!!!LINE!167.2590!296.5450!164.2110!296.5450!0.2540!!!!!CONNECT!!!!!!!!!!!!!!
S!ETCH!TOP!76 2!!!!N00143!!!!!!LINE!164.2110!296.5450!163.8300!296.9260!0.2540!!!!!CONNECT!!!!!!!!!!!!!!
S!ETCH!TOP!76 3!!!!N00143!!!!!!LINE!163.8300!296.9260!163.8300!298.3230!0.2540!!!!!CONNECT!!!!!!!!!!!!!!
S!ETCH!TOP!76 4!!!!N00143!!!!!!LINE!163.8300!298.3230!163.4370!298.7160!0.2540!!!!!CONNECT!!!!!!!!!!!!!!
S!ETCH!TOP!76 5!!!!N00143!!!!!!LINE!163.4370!298.7160!161.8490!298.7160!0.2540!!!!!CONNECT!!!!!!!!!!!!!!
S!PIN!TOP!77 1!J1!4!C165_H110!N00143!167.2590!296.5450!!!BOTTOM!CIRCLE!167.2590!296.5450!1.6500!1.6500!!!!!!!!B!!!!!0.000!!!!NO!!!
S!PIN!BOTTOM!78 1!J1!4!C165_H110!N00143!167.2590!296.5450!!!BOTTOM!CIRCLE!167.2590!296.5450!1.6500!1.6500!!!!!!!!B!!!!!0.000!!!!NO!!!
S!MANUFACTURING!PROBE_BOTTOM!79 1!J1!4!C165_H110!N00143!167.2590!296.5450!!!!TEXT!167.2590!296.5450!0.000!NO!LEFT!1 0 0.6350 0.4064 0.000 0.1524 0.7874 0.0000!N00143!!!!!B!!!!!0.000!!!!NO!!!
S!PACKAGE GEOMETRY!PIN_NUMBER!79 2!J1!4!C165_H110!N00143!167.2590!296.5450!!!!TEXT!167.2590!296.5450!270.000!NO!CENTER!6 0 2.0320 1.5240 0.000 0.5080 2.5400 0.0000!4!!!!!B!!!!!0.000!!!!NO!!!
S!PIN!SOLDERMASK_TOP!80 1!IC1!5!R85_30!N00143!161.8490!298.7160!!!!FIG_RECTANGLE!161.8490!298.7160!0.8499!0.3000!!!!!!!!!!!!!!!!!NO!!!
S!PIN!PASTEMASK_TOP!81 1!IC1!5!R85_30!N00143!161.8490!298.7160!!!!FIG_RECTANGLE!161.8490!298.7160!0.8499!0.3000!!!!!!!!!!!!!!!!!NO!!!
S!PIN!TOP!82 1!IC1!5!R85_30!N00143!161.8490!298.7160!!!!FIG_RECTANGLE!161.8490!298.7160!0.8499!0.3000!!!!!!!!!!!!!!!!!NO!!!
S!PACKAGE GEOMETRY!PIN_NUMBER!83 1!IC1!5!R85_30!N00143!161.8490!298.7160!!!!TEXT!161.8490!298.7160!0.000!NO!CENTER!6 0 2.0320 1.5240 0.000 0.5080 2.5400 0.0000!5!!!!!!!!!!!!!!NO!!!
S!PIN!SOLDERMASK_TOP!84 1!IC1!6!R85_30!N00139!161.8490!299.2160!!!!FIG_RECTANGLE!161.8490!299.2160!0.8499!0.3000!!!!!!!!!!!!!!!!!NO!!!
S!PIN!PASTEMASK_TOP!85 1!IC1!6!R85_30!N00139!161.8490!299.2160!!!!FIG_RECTANGLE!161.8490!299.2160!0.8499!0.3000!!!!!!!!!!!!!!!!!NO!!!
S!PIN!TOP!86 1!IC1!6!R85_30!N00139!161.8490!299.2160!!!!FIG_RECTANGLE!161.8490!299.2160!0.8499!0.3000!!!!!!!!!!!!!!!!!NO!!!
S!PACKAGE GEOMETRY!PIN_NUMBER!87 1!IC1!6!R85_30!N00139!161.8490!299.2160!!!!TEXT!161.8490!299.2160!0.000!NO!CENTER!6 0 2.0320 1.5240 0.000 0.5080 2.5400 0.0000!6!!!!!!!!!!!!!!NO!!!
S!ETCH!TOP!88 1!!!!N00139!!!!!!LINE!161.8490!299.2160!166.0490!299.2160!0.2540!!!!!CONNECT!!!!!!!!!!!!!!
S!ETCH!TOP!88 2!!!!N00139!!!!!!LINE!166.0490!299.2160!166.1800!299.0850!0.2540!!!!!CONNECT!!!!!!!!!!!!!!
S!ETCH!TOP!88 3!!!!N00139!!!!!!LINE!166.1800!299.0850!167.2590!299.0850!0.2540!!!!!CONNECT!!!!!!!!!!!!!!
S!PIN!TOP!89 1!J1!3!C165_H110!N00139!167.2590!299.0850!!!BOTTOM!CIRCLE!167.2590!299.0850!1.6500!1.6500!!!!!!!!B!!!!!0.000!!!!NO!!!
S!PIN!BOTTOM!90 1!J1!3!C165_H110!N00139!167.2590!299.0850!!!BOTTOM!CIRCLE!167.2590!299.0850!1.6500!1.6500!!!!!!!!B!!!!!0.000!!!!NO!!!
S!MANUFACTURING!PROBE_BOTTOM!91 1!J1!3!C165_H110!N00139!167.2590!299.0850!!!!TEXT!167.2590!299.0850!0.000!NO!LEFT!1 0 0.6350 0.4064 0.000 0.1524 0.7874 0.0000!N00139!!!!!B!!!!!0.000!!!!NO!!!
S!PACKAGE GEOMETRY!PIN_NUMBER!91 2!J1!3!C165_H110!N00139!167.2590!299.0850!!!!TEXT!167.2590!299.0850!270.000!NO!CENTER!6 0 2.0320 1.5240 0.000 0.5080 2.5400 0.0000!3!!!!!B!!!!!0.000!!!!NO!!!
S!ETCH!TOP!92 1!!!!N00135!!!!!!LINE!167.2590!301.6250!164.5920!301.6250!0.2540!!!!!CONNECT!!!!!!!!!!!!!!
S!ETCH!TOP!92 2!!!!N00135!!!!!!LINE!164.5920!301.6250!164.2110!301.2440!0.2540!!!!!CONNECT!!!!!!!!!!!!!!
S!ETCH!TOP!92 3!!!!N00135!!!!!!LINE!164.2110!301.2440!164.2110!300.3550!0.2540!!!!!CONNECT!!!!!!!!!!!!!!
S!ETCH!TOP!92 4!!!!N00135!!!!!!LINE!164.2110!300.3550!163.5720!299.7160!0.2540!!!!!CONNECT!!!!!!!!!!!!!!
S!ETCH!TOP!92 5!!!!N00135!!!!!!LINE!163.5720!299.7160!161.8490!299.7160!0.2540!!!!!CONNECT!!!!!!!!!!!!!!
S!PIN!TOP!93 1!J1!2!C165_H110!N00135!167.2590!301.6250!!!BOTTOM!CIRCLE!167.2590!301.6250!1.6500!1.6500!!!!!!!!B!!!!!0.000!!!!NO!!!
S!PIN!BOTTOM!94 1!J1!2!C165_H110!N00135!167.2590!301.6250!!!BOTTOM!CIRCLE!167.2590!301.6250!1.6500!1.6500!!!!!!!!B!!!!!0.000!!!!NO!!!
S!MANUFACTURING!PROBE_BOTTOM!95 1!J1!2!C165_H110!N00135!167.2590!301.6250!!!!TEXT!167.2590!301.6250!0.000!NO!LEFT!1 0 0.6350 0.4064 0.000 0.1524 0.7874 0.0000!N00135!!!!!B!!!!!0.000!!!!NO!!!
S!PACKAGE GEOMETRY!PIN_NUMBER!95 2!J1!2!C165_H110!N00135!167.2590!301.6250!!!!TEXT!167.2590!301.6250!270.000!NO!CENTER!6 0 2.0320 1.5240 0.000 0.5080 2.5400 0.0000!2!!!!!B!!!!!0.000!!!!NO!!!
S!PIN!SOLDERMASK_TOP!96 1!IC1!7!R85_30!N00135!161.8490!299.7160!!!!FIG_RECTANGLE!161.8490!299.7160!0.8499!0.3000!!!!!!!!!!!!!!!!!NO!!!
S!PIN!PASTEMASK_TOP!97 1!IC1!7!R85_30!N00135!161.8490!299.7160!!!!FIG_RECTANGLE!161.8490!299.7160!0.8499!0.3000!!!!!!!!!!!!!!!!!NO!!!
S!PIN!TOP!98 1!IC1!7!R85_30!N00135!161.8490!299.7160!!!!FIG_RECTANGLE!161.8490!299.7160!0.8499!0.3000!!!!!!!!!!!!!!!!!NO!!!
S!PACKAGE GEOMETRY!PIN_NUMBER!99 1!IC1!7!R85_30!N00135!161.8490!299.7160!!!!TEXT!161.8490!299.7160!0.000!NO!CENTER!6 0 2.0320 1.5240 0.000 0.5080 2.5400 0.0000!7!!!!!!!!!!!!!!NO!!!
S!ETCH!TOP!100 1!!!!N00131!!!!!!LINE!167.2590!304.1650!164.0840!304.1650!0.2540!!!!!CONNECT!!!!!!!!!!!!!!
S!ETCH!TOP!100 2!!!!N00131!!!!!!LINE!164.0840!304.1650!163.7030!303.7840!0.2540!!!!!CONNECT!!!!!!!!!!!!!!
S!ETCH!TOP!100 3!!!!N00131!!!!!!LINE!163.7030!303.7840!163.7030!300.4700!0.2540!!!!!CONNECT!!!!!!!!!!!!!!
S!ETCH!TOP!100 4!!!!N00131!!!!!!LINE!163.7030!300.4700!163.4490!300.2160!0.2540!!!!!CONNECT!!!!!!!!!!!!!!
S!ETCH!TOP!100 5!!!!N00131!!!!!!LINE!163.4490!300.2160!161.8490!300.2160!0.2540!!!!!CONNECT!!!!!!!!!!!!!!
S!PIN!TOP!101 1!J1!1!S165_H110!N00131!167.2590!304.1650!!!BOTTOM!SQUARE!167.2590!304.1650!1.6500!1.6500!!!!!!!!B!!!!!0.000!!!!NO!!!
S!PIN!BOTTOM!102 1!J1!1!S165_H110!N00131!167.2590!304.1650!!!BOTTOM!SQUARE!167.2590!304.1650!1.6500!1.6500!!!!!!!!B!!!!!0.000!!!!NO!!!
S!MANUFACTURING!PROBE_BOTTOM!103 1!J1!1!S165_H110!N00131!167.2590!304.1650!!!!TEXT!167.2590!304.1650!0.000!NO!LEFT!1 0 0.6350 0.4064 0.000 0.1524 0.7874 0.0000!N00131!!!!!B!!!!!0.000!!!!NO!!!
S!PACKAGE GEOMETRY!PIN_NUMBER!103 2!J1!1!S165_H110!N00131!167.2590!304.1650!!!!TEXT!167.2590!304.1650!270.000!NO!CENTER!6 0 2.0320 1.5240 0.000 0.5080 2.5400 0.0000!1!!!!!B!!!!!0.000!!!!NO!!!
S!PIN!SOLDERMASK_TOP!104 1!IC1!8!R85_30!N00131!161.8490!300.2160!!!!FIG_RECTANGLE!161.8490!300.2160!0.8499!0.3000!!!!!!!!!!!!!!!!!NO!!!
S!PIN!PASTEMASK_TOP!105 1!IC1!8!R85_30!N00131!161.8490!300.2160!!!!FIG_RECTANGLE!161.8490!300.2160!0.8499!0.3000!!!!!!!!!!!!!!!!!NO!!!
S!PIN!TOP!106 1!IC1!8!R85_30!N00131!161.8490!300.2160!!!!FIG_RECTANGLE!161.8490!300.2160!0.8499!0.3000!!!!!!!!!!!!!!!!!NO!!!
S!PACKAGE GEOMETRY!PIN_NUMBER!107 1!IC1!8!R85_30!N00131!161.8490!300.2160!!!!TEXT!161.8490!300.2160!0.000!NO!CENTER!6 0 2.0320 1.5240 0.000 0.5080 2.5400 0.0000!8!!!!!!!!!!!!!!NO!!!
S!PIN!TOP!108 1!J3!2!C165_H110!!160.2740!291.4650!!!!CIRCLE!160.2740!291.4650!1.6500!1.6500!!!!!!!!B!!!!!0.000!!!!NO!!!
S!PIN!BOTTOM!109 1!J3!2!C165_H110!!160.2740!291.4650!!!!CIRCLE!160.2740!291.4650!1.6500!1.6500!!!!!!!!B!!!!!0.000!!!!NO!!!
S!PACKAGE GEOMETRY!PIN_NUMBER!110 1!J3!2!C165_H110!!160.2740!291.4650!!!!TEXT!160.2740!291.4650!0.000!NO!CENTER!6 0 2.0320 1.5240 0.000 0.5080 2.5400 0.0000!2!!!!!B!!!!!0.000!!!!NO!!!
S!MANUFACTURING!NCLEGEND-1-2!111 1!!!!!!!!!!LINE!146.5580!266.4230!323.7230!266.4230!0.0000!!!!!NOTCONNECT!!!!!!!!!!!!!!
S!MANUFACTURING!NCLEGEND-1-2!112 1!!!!!!!!!!LINE!304.0380!272.7730!304.0380!260.0730!0.0000!!!!!NOTCONNECT!!!!!!!!!!!!!!
S!MANUFACTURING!NCLEGEND-1-2!113 1!!!!!!!!!!LINE!271.7546!272.7730!271.7546!260.0730!0.0000!!!!!NOTCONNECT!!!!!!!!!!!!!!
S!MANUFACTURING!NCLEGEND-1-2!114 1!!!!!!!!!!LINE!220.5736!272.7730!220.5736!260.0730!0.0000!!!!!NOTCONNECT!!!!!!!!!!!!!!
S!MANUFACTURING!NCLEGEND-1-2!115 1!!!!!!!!!!LINE!169.3926!272.7730!169.3926!260.0730!0.0000!!!!!NOTCONNECT!!!!!!!!!!!!!!
S!MANUFACTURING!NCLEGEND-1-2!116 1!!!!!!!!!!LINE!146.5580!272.7730!323.7230!272.7730!0.0000!!!!!NOTCONNECT!!!!!!!!!!!!!!
S!MANUFACTURING!NCLEGEND-1-2!117 1!!!!!!!!!!LINE!146.5580!279.1230!323.7230!279.1230!0.0000!!!!!NOTCONNECT!!!!!!!!!!!!!!
S!MANUFACTURING!NCLEGEND-1-2!118 1!!!!!!!!!!TEXT!313.8805!255.3105!0.000!NO!CENTER!9 0 3.1750 2.3622 0.000 0.7874 3.9624 0.0000!15!!!!!!!!!!!!!!!!!
S!MANUFACTURING!NCLEGEND-1-2!119 1!!!!!!!!!!TEXT!300.8630!255.3105!0.000!NO!RIGHT!9 0 3.1750 2.3622 0.000 0.7874 3.9624 0.0000!TOTAL HOLES:!!!!!!!!!!!!!!!!!
S!MANUFACTURING!NCLEGEND-1-2!120 1!!!!!!!!!!TEXT!313.8805!261.6605!0.000!NO!CENTER!9 0 3.1750 2.3622 0.000 0.7874 3.9624 0.0000!15!!!!!!!!!!!!!!!!!
S!MANUFACTURING!NCLEGEND-1-2!121 1!!!!!!!!!!TEXT!287.8963!261.6605!0.000!NO!CENTER!9 0 3.1750 2.3622 0.000 0.7874 3.9624 0.0000!PLATED!!!!!!!!!!!!!!!!!
S!MANUFACTURING!NCLEGEND-1-2!122 1!!!!!!!!!!TEXT!246.1641!261.6605!0.000!NO!CENTER!9 0 3.1750 2.3622 0.000 0.7874 3.9624 0.0000!-!!!!!!!!!!!!!!!!!
S!MANUFACTURING!NCLEGEND-1-2!123 1!!!!!!!!!!TEXT!194.9831!261.6605!0.000!NO!CENTER!9 0 3.1750 2.3622 0.000 0.7874 3.9624 0.0000!1.1001!!!!!!!!!!!!!!!!!
S!MANUFACTURING!NCLEGEND-1-2!124 1!!!!!!!!!!TEXT!313.8805!268.0105!0.000!NO!CENTER!9 0 3.1750 2.3622 0.000 0.7874 3.9624 0.0000!QTY!!!!!!!!!!!!!!!!!
S!MANUFACTURING!NCLEGEND-1-2!125 1!!!!!!!!!!TEXT!287.8963!268.0105!0.000!NO!CENTER!9 0 3.1750 2.3622 0.000 0.7874 3.9624 0.0000!PLATED!!!!!!!!!!!!!!!!!
S!MANUFACTURING!NCLEGEND-1-2!126 1!!!!!!!!!!TEXT!246.1641!268.0105!0.000!NO!CENTER!9 0 3.1750 2.3622 0.000 0.7874 3.9624 0.0000!DRILLED_SIZE!!!!!!!!!!!!!!!!!
S!MANUFACTURING!NCLEGEND-1-2!127 1!!!!!!!!!!TEXT!194.9831!268.0105!0.000!NO!CENTER!9 0 3.1750 2.3622 0.000 0.7874 3.9624 0.0000!FINISHED_SIZE!!!!!!!!!!!!!!!!!
S!MANUFACTURING!NCLEGEND-1-2!128 1!!!!!!!!!!TEXT!157.9753!268.0105!0.000!NO!CENTER!9 0 3.1750 2.3622 0.000 0.7874 3.9624 0.0000!FIGURE!!!!!!!!!!!!!!!!!
S!MANUFACTURING!NCLEGEND-1-2!129 1!!!!!!!!!!TEXT!235.1405!274.3605!0.000!NO!CENTER!9 0 3.1750 2.3622 0.000 0.7874 3.9624 0.0000!ALL UNITS ARE IN MILLIMETERS!!!!!!!!!!!!!!!!!
S!MANUFACTURING!NCLEGEND-1-2!130 1!!!!!!!!!!TEXT!235.1405!280.8605!0.000!NO!CENTER!9 0 3.1750 2.3622 0.000 0.7874 3.9624 0.0000!DRILL CHART: TOP to BOTTOM!!!!!!!!!!!!!!!!!
S!MANUFACTURING!AUTOSILK_TOP!131 1!!!!!!!!!!TEXT!171.9580!306.8320!270.000!NO!LEFT!1 0 0.6350 0.4064 0.000 0.1524 0.7874 0.0000!Designed in Cadence Allegro!!!!!!!!!!!!!!!!!
S!MANUFACTURING!AUTOSILK_TOP!132 1!!!!!!!!!!TEXT!148.9710!294.3860!90.000!NO!LEFT!1 0 0.6350 0.4064 0.000 0.1524 0.7874 0.0000!DOSTI Engineering, 2024!!!!!!!!!!!!!!!!!
S!MANUFACTURING!NCLEGEND-1-2!133 1!!!!!!!!!!RECTANGLE!146.5580!260.0730!323.7230!285.6230!0!!!!!!!!!!!!!!!!!!!
S!BOARD GEOMETRY!OUTLINE!134 1 0!!!!!!!!!!LINE!149.1930!287.0200!171.9900!287.0200!0.0000!!!!!POLYGON!!!!!!!!!!!!!!
S!BOARD GEOMETRY!OUTLINE!134 2 0!!!!!!!!!!ARC!171.9900!287.0200!173.9900!289.0200!171.990000!289.020000!2.000000!0.0000!COUNTERCLOCKWISE!POLYGON!!!!!!!!!!!!!!
S!BOARD GEOMETRY!OUTLINE!134 3 0!!!!!!!!!!LINE!173.9900!289.0200!173.9900!307.8800!0.0000!!!!!POLYGON!!!!!!!!!!!!!!
S!BOARD GEOMETRY!OUTLINE!134 4 0!!!!!!!!!!ARC!173.9900!307.8800!171.9900!309.8800!171.990000!307.880000!2.000000!0.0000!COUNTERCLOCKWISE!POLYGON!!!!!!!!!!!!!!
S!BOARD GEOMETRY!OUTLINE!134 5 0!!!!!!!!!!LINE!171.9900!309.8800!149.1930!309.8800!0.0000!!!!!POLYGON!!!!!!!!!!!!!!
S!BOARD GEOMETRY!OUTLINE!134 6 0!!!!!!!!!!ARC!149.1930!309.8800!147.1930!307.8800!149.193000!307.880000!2.000000!0.0000!COUNTERCLOCKWISE!POLYGON!!!!!!!!!!!!!!
S!BOARD GEOMETRY!OUTLINE!134 7 0!!!!!!!!!!LINE!147.1930!307.8800!147.1930!289.0200!0.0000!!!!!POLYGON!!!!!!!!!!!!!!
S!BOARD GEOMETRY!OUTLINE!134 8 0!!!!!!!!!!ARC!147.1930!289.0200!149.1930!287.0200!149.193000!289.020000!2.000000!0.0000!COUNTERCLOCKWISE!POLYGON!!!!!!!!!!!!!!
S!MANUFACTURING!PMASK_TOP!135 1!!!!!!!!!!RECTANGLE!161.4240!298.5660!162.2740!298.8660!1!!!!!!!!!!!!!!!!!!!
S!MANUFACTURING!PMASK_TOP!136 1!!!!!!!!!!RECTANGLE!161.4240!299.0660!162.2740!299.3660!1!!!!!!!!!!!!!!!!!!!
S!MANUFACTURING!PMASK_TOP!137 1!!!!!!!!!!RECTANGLE!161.4240!299.5660!162.2740!299.8660!1!!!!!!!!!!!!!!!!!!!
S!MANUFACTURING!PMASK_TOP!138 1!!!!!!!!!!RECTANGLE!161.4240!300.0660!162.2740!300.3660!1!!!!!!!!!!!!!!!!!!!
S!MANUFACTURING!PMASK_TOP!139 1!!!!!!!!!!RECTANGLE!158.2740!300.0660!159.1240!300.3660!1!!!!!!!!!!!!!!!!!!!
S!MANUFACTURING!PMASK_TOP!140 1!!!!!!!!!!RECTANGLE!158.2740!299.5660!159.1240!299.8660!1!!!!!!!!!!!!!!!!!!!
S!MANUFACTURING!PMASK_TOP!141 1!!!!!!!!!!RECTANGLE!158.2740!299.0660!159.1240!299.3660!1!!!!!!!!!!!!!!!!!!!
S!MANUFACTURING!PMASK_TOP!142 1!!!!!!!!!!RECTANGLE!158.2740!298.5660!159.1240!298.8660!1!!!!!!!!!!!!!!!!!!!
S!MANUFACTURING!SMASK_TOP!143 1!!!!!!!!!!RECTANGLE!161.4090!298.5510!162.2890!298.8810!1!!!!!!!!!!!!!!!!!!!
S!MANUFACTURING!SMASK_TOP!144 1!!!!!!!!!!RECTANGLE!161.4090!299.0510!162.2890!299.3810!1!!!!!!!!!!!!!!!!!!!
S!MANUFACTURING!SMASK_TOP!145 1!!!!!!!!!!RECTANGLE!161.4090!299.5510!162.2890!299.8810!1!!!!!!!!!!!!!!!!!!!
S!MANUFACTURING!SMASK_TOP!146 1!!!!!!!!!!RECTANGLE!161.4090!300.0510!162.2890!300.3810!1!!!!!!!!!!!!!!!!!!!
S!MANUFACTURING!SMASK_TOP!147 1!!!!!!!!!!RECTANGLE!158.2590!300.0510!159.1390!300.3810!1!!!!!!!!!!!!!!!!!!!
S!MANUFACTURING!SMASK_TOP!148 1!!!!!!!!!!RECTANGLE!158.2590!299.5510!159.1390!299.8810!1!!!!!!!!!!!!!!!!!!!
S!MANUFACTURING!SMASK_TOP!149 1!!!!!!!!!!RECTANGLE!158.2590!299.0510!159.1390!299.3810!1!!!!!!!!!!!!!!!!!!!
S!MANUFACTURING!SMASK_TOP!150 1!!!!!!!!!!RECTANGLE!158.2590!298.5510!159.1390!298.8810!1!!!!!!!!!!!!!!!!!!!
S!BOARD GEOMETRY!NCROUTE_PATH!151 1 0!!!!!!!!!!ARC!149.6918!308.3312!149.6918!308.3312!148.793800!308.331200!0.898000!0.0000!COUNTERCLOCKWISE!SHAPE!!!!!!!!!!!!!!
S!BOARD GEOMETRY!NCROUTE_PATH!152 1 0!!!!!!!!!!ARC!149.6918!288.5192!149.6918!288.5192!148.793800!288.519200!0.898000!0.0000!COUNTERCLOCKWISE!SHAPE!!!!!!!!!!!!!!
S!BOARD GEOMETRY!NCROUTE_PATH!153 1 0!!!!!!!!!!ARC!173.0598!288.5192!173.0598!288.5192!172.161800!288.519200!0.898000!0.0000!COUNTERCLOCKWISE!SHAPE!!!!!!!!!!!!!!
S!BOARD GEOMETRY!NCROUTE_PATH!154 1 0!!!!!!!!!!ARC!173.1868!308.0772!173.1868!308.0772!172.288800!308.077200!0.898000!0.0000!COUNTERCLOCKWISE!SHAPE!!!!!!!!!!!!!!
S!BOUNDARY!TOP!155 1 0!!!!!!!!!!LINE!147.4470!292.6080!147.3200!292.4810!0.0000!!!!!SHAPE!!!!!!!!!!!!!!
S!BOUNDARY!TOP!155 2 0!!!!!!!!!!LINE!147.3200!292.4810!147.3200!290.5760!0.0000!!!!!SHAPE!!!!!!!!!!!!!!
S!BOUNDARY!TOP!155 3 0!!!!!!!!!!LINE!147.3200!290.5760!147.4470!290.4490!0.0000!!!!!SHAPE!!!!!!!!!!!!!!
S!BOUNDARY!TOP!155 4 0!!!!!!!!!!LINE!147.4470!290.4490!156.8450!290.4490!0.0000!!!!!SHAPE!!!!!!!!!!!!!!
S!BOUNDARY!TOP!155 5 0!!!!!!!!!!LINE!156.8450!290.4490!156.9720!290.3220!0.0000!!!!!SHAPE!!!!!!!!!!!!!!
S!BOUNDARY!TOP!155 6 0!!!!!!!!!!LINE!156.9720!290.3220!156.9720!288.0360!0.0000!!!!!SHAPE!!!!!!!!!!!!!!
S!BOUNDARY!TOP!155 7 0!!!!!!!!!!LINE!156.9720!288.0360!157.0990!287.9090!0.0000!!!!!SHAPE!!!!!!!!!!!!!!
S!BOUNDARY!TOP!155 8 0!!!!!!!!!!LINE!157.0990!287.9090!168.5290!287.9090!0.0000!!!!!SHAPE!!!!!!!!!!!!!!
S!BOUNDARY!TOP!155 9 0!!!!!!!!!!LINE!168.5290!287.9090!168.6560!288.0360!0.0000!!!!!SHAPE!!!!!!!!!!!!!!
S!BOUNDARY!TOP!155 10 0!!!!!!!!!!LINE!168.6560!288.0360!168.6560!292.4810!0.0000!!!!!SHAPE!!!!!!!!!!!!!!
S!BOUNDARY!TOP!155 11 0!!!!!!!!!!LINE!168.6560!292.4810!168.5290!292.6080!0.0000!!!!!SHAPE!!!!!!!!!!!!!!
S!BOUNDARY!TOP!155 12 0!!!!!!!!!!LINE!168.5290!292.6080!164.7190!292.6080!0.0000!!!!!SHAPE!!!!!!!!!!!!!!
S!BOUNDARY!TOP!155 13 0!!!!!!!!!!LINE!164.7190!292.6080!164.5920!292.4810!0.0000!!!!!SHAPE!!!!!!!!!!!!!!
S!BOUNDARY!TOP!155 14 0!!!!!!!!!!LINE!164.5920!292.4810!164.5920!290.3220!0.0000!!!!!SHAPE!!!!!!!!!!!!!!
S!BOUNDARY!TOP!155 15 0!!!!!!!!!!LINE!164.5920!290.3220!164.4650!290.1950!0.0000!!!!!SHAPE!!!!!!!!!!!!!!
S!BOUNDARY!TOP!155 16 0!!!!!!!!!!LINE!164.4650!290.1950!159.1310!290.1950!0.0000!!!!!SHAPE!!!!!!!!!!!!!!
S!BOUNDARY!TOP!155 17 0!!!!!!!!!!LINE!159.1310!290.1950!159.0040!290.3220!0.0000!!!!!SHAPE!!!!!!!!!!!!!!
S!BOUNDARY!TOP!155 18 0!!!!!!!!!!LINE!159.0040!290.3220!159.0040!292.4810!0.0000!!!!!SHAPE!!!!!!!!!!!!!!
S!BOUNDARY!TOP!155 19 0!!!!!!!!!!LINE!159.0040!292.4810!158.8770!292.6080!0.0000!!!!!SHAPE!!!!!!!!!!!!!!
S!BOUNDARY!TOP!155 20 0!!!!!!!!!!LINE!158.8770!292.6080!147.4470!292.6080!0.0000!!!!!SHAPE!!!!!!!!!!!!!!
S!BOUNDARY!TOP!156 1 0!!!!!!!!!!LINE!168.5290!295.4020!147.4470!295.4020!0.0000!!!!!SHAPE!!!!!!!!!!!!!!
S!BOUNDARY!TOP!156 2 0!!!!!!!!!!LINE!147.4470!295.4020!147.3200!295.2750!0.0000!!!!!SHAPE!!!!!!!!!!!!!!
S!BOUNDARY!TOP!156 3 0!!!!!!!!!!LINE!147.3200!295.2750!147.3200!292.8620!0.0000!!!!!SHAPE!!!!!!!!!!!!!!
S!BOUNDARY!TOP!156 4 0!!!!!!!!!!LINE!147.3200!292.8620!147.4470!292.7350!0.0000!!!!!SHAPE!!!!!!!!!!!!!!
S!BOUNDARY!TOP!156 5 0!!!!!!!!!!LINE!147.4470!292.7350!161.5440!292.7350!0.0000!!!!!SHAPE!!!!!!!!!!!!!!
S!BOUNDARY!TOP!156 6 0!!!!!!!!!!LINE!161.5440!292.7350!161.6710!292.6080!0.0000!!!!!SHAPE!!!!!!!!!!!!!!
S!BOUNDARY!TOP!156 7 0!!!!!!!!!!LINE!161.6710!292.6080!161.6710!290.4490!0.0000!!!!!SHAPE!!!!!!!!!!!!!!
S!BOUNDARY!TOP!156 8 0!!!!!!!!!!LINE!161.6710!290.4490!161.7980!290.3220!0.0000!!!!!SHAPE!!!!!!!!!!!!!!
S!BOUNDARY!TOP!156 9 0!!!!!!!!!!LINE!161.7980!290.3220!164.3380!290.3220!0.0000!!!!!SHAPE!!!!!!!!!!!!!!
S!BOUNDARY!TOP!156 10 0!!!!!!!!!!LINE!164.3380!290.3220!164.4650!290.4490!0.0000!!!!!SHAPE!!!!!!!!!!!!!!
S!BOUNDARY!TOP!156 11 0!!!!!!!!!!LINE!164.4650!290.4490!164.4650!292.6080!0.0000!!!!!SHAPE!!!!!!!!!!!!!!
S!BOUNDARY!TOP!156 12 0!!!!!!!!!!LINE!164.4650!292.6080!164.5920!292.7350!0.0000!!!!!SHAPE!!!!!!!!!!!!!!
S!BOUNDARY!TOP!156 13 0!!!!!!!!!!LINE!164.5920!292.7350!168.5290!292.7350!0.0000!!!!!SHAPE!!!!!!!!!!!!!!
S!BOUNDARY!TOP!156 14 0!!!!!!!!!!LINE!168.5290!292.7350!168.6560!292.8620!0.0000!!!!!SHAPE!!!!!!!!!!!!!!
S!BOUNDARY!TOP!156 15 0!!!!!!!!!!LINE!168.6560!292.8620!168.6560!295.2750!0.0000!!!!!SHAPE!!!!!!!!!!!!!!
S!BOUNDARY!TOP!156 16 0!!!!!!!!!!LINE!168.6560!295.2750!168.5290!295.4020!0.0000!!!!!SHAPE!!!!!!!!!!!!!!
S!DRAWING FORMAT!DRAWING_ORIGIN!157 1!!!!!!!!!!CROSS!0.0000!0.0000!1.2700!1.2700!0!!!!!!!!!!!!0.000!!!!!!!
S!MANUFACTURING!NCLEGEND-1-2!158 1!!!!!!!!!!DIAMOND!157.9753!263.2480!1.1001!1.1001!0!!!!!!!B!!!!!0.000!!!!!!!
S!PACKAGE GEOMETRY!ASSEMBLY_TOP!159 1!J3!!!!!!!!!LINE!156.4640!288.8850!156.4640!294.0450!0.1000!!!!!NOTCONNECT!!!!!!!!!!!NO!!!
S!PACKAGE GEOMETRY!ASSEMBLY_TOP!160 1!J3!!!!!!!!!LINE!156.4640!294.0450!164.0840!294.0450!0.1000!!!!!NOTCONNECT!!!!!!!!!!!NO!!!
S!PACKAGE GEOMETRY!ASSEMBLY_TOP!161 1!J3!!!!!!!!!LINE!164.0840!294.0450!164.0840!288.8850!0.1000!!!!!NOTCONNECT!!!!!!!!!!!NO!!!
S!PACKAGE GEOMETRY!ASSEMBLY_TOP!162 1!J3!!!!!!!!!LINE!164.0840!288.8850!156.4640!288.8850!0.1000!!!!!NOTCONNECT!!!!!!!!!!!NO!!!
S!PACKAGE GEOMETRY!SILKSCREEN_TOP!163 1!J3!!!!!!!!!LINE!157.7340!288.8850!164.0840!288.8850!0.2000!!!!!NOTCONNECT!!!!!!!!!!!NO!!!
S!PACKAGE GEOMETRY!SILKSCREEN_TOP!164 1!J3!!!!!!!!!LINE!164.0840!288.8850!164.0840!294.0450!0.2000!!!!!NOTCONNECT!!!!!!!!!!!NO!!!
S!PACKAGE GEOMETRY!SILKSCREEN_TOP!165 1!J3!!!!!!!!!LINE!164.0840!294.0450!156.4640!294.0450!0.2000!!!!!NOTCONNECT!!!!!!!!!!!NO!!!
S!PACKAGE GEOMETRY!SILKSCREEN_TOP!166 1!J3!!!!!!!!!LINE!156.4640!294.0450!156.4640!291.4650!0.2000!!!!!NOTCONNECT!!!!!!!!!!!NO!!!
S!PACKAGE GEOMETRY!PLACE_BOUND_TOP!167 1!J3!!!!!!!!!RECTANGLE!156.2140!288.6350!164.3340!294.2950!1!!!!!!!!!9.8 MM!!!!!!!NO!!!
S!REF DES!SILKSCREEN_TOP!168 1!J3!!!!!!!!!TEXT!156.4640!294.5130!0.000!NO!LEFT!2 0 0.7874 0.5842 0.000 0.2032 0.9906 0.0000!J3!!!!!!!!!!!!!!NO!!!
S!REF DES!ASSEMBLY_TOP!169 1!J3!!!!!!!!!TEXT!156.4640!294.5130!0.000!NO!LEFT!2 0 0.7874 0.5842 0.000 0.2032 0.9906 0.0000!J3!!!!!!!!!!!!!!NO!!!
S!PACKAGE GEOMETRY!ASSEMBLY_TOP!170 1!J2!!!!!!!!!LINE!150.3810!306.7150!155.6810!306.7150!0.1000!!!!!NOTCONNECT!!!!!!!!!!!NO!!!
S!PACKAGE GEOMETRY!ASSEMBLY_TOP!171 1!J2!!!!!!!!!LINE!155.6810!306.7150!155.6810!288.9150!0.1000!!!!!NOTCONNECT!!!!!!!!!!!NO!!!
S!PACKAGE GEOMETRY!ASSEMBLY_TOP!172 1!J2!!!!!!!!!LINE!155.6810!288.9150!150.3810!288.9150!0.1000!!!!!NOTCONNECT!!!!!!!!!!!NO!!!
S!PACKAGE GEOMETRY!ASSEMBLY_TOP!173 1!J2!!!!!!!!!LINE!150.3810!288.9150!150.3810!306.7150!0.1000!!!!!NOTCONNECT!!!!!!!!!!!NO!!!
S!PACKAGE GEOMETRY!SILKSCREEN_TOP!174 1!J2!!!!!!!!!LINE!150.3810!304.1650!150.3810!288.9150!0.2000!!!!!NOTCONNECT!!!!!!!!!!!NO!!!
S!PACKAGE GEOMETRY!SILKSCREEN_TOP!175 1!J2!!!!!!!!!LINE!150.3810!288.9150!155.6810!288.9150!0.2000!!!!!NOTCONNECT!!!!!!!!!!!NO!!!
S!PACKAGE GEOMETRY!SILKSCREEN_TOP!176 1!J2!!!!!!!!!LINE!155.6810!288.9150!155.6810!306.7150!0.2000!!!!!NOTCONNECT!!!!!!!!!!!NO!!!
S!PACKAGE GEOMETRY!SILKSCREEN_TOP!177 1!J2!!!!!!!!!LINE!155.6810!306.7150!152.7810!306.7150!0.2000!!!!!NOTCONNECT!!!!!!!!!!!NO!!!
S!PACKAGE GEOMETRY!PLACE_BOUND_TOP!178 1 0!J2!!!!!!!!!LINE!150.1310!306.9650!150.1310!288.6650!0.0000!!!!!SHAPE!!!!12.8 MM!!!!!!!NO!!!
S!PACKAGE GEOMETRY!PLACE_BOUND_TOP!178 2 0!J2!!!!!!!!!LINE!150.1310!288.6650!155.9310!288.6650!0.0000!!!!!SHAPE!!!!12.8 MM!!!!!!!NO!!!
S!PACKAGE GEOMETRY!PLACE_BOUND_TOP!178 3 0!J2!!!!!!!!!LINE!155.9310!288.6650!155.9310!306.9650!0.0000!!!!!SHAPE!!!!12.8 MM!!!!!!!NO!!!
S!PACKAGE GEOMETRY!PLACE_BOUND_TOP!178 4 0!J2!!!!!!!!!LINE!155.9310!306.9650!150.1310!306.9650!0.0000!!!!!SHAPE!!!!12.8 MM!!!!!!!NO!!!
S!REF DES!SILKSCREEN_TOP!179 1!J2!!!!!!!!!TEXT!156.2100!306.9590!270.000!NO!LEFT!2 0 0.7874 0.5842 0.000 0.2032 0.9906 0.0000!J2!!!!!!!!!!!!!!NO!!!
S!REF DES!ASSEMBLY_TOP!180 1!J2!!!!!!!!!TEXT!156.2100!306.9590!270.000!NO!LEFT!2 0 0.7874 0.5842 0.000 0.2032 0.9906 0.0000!J2!!!!!!!!!!!!!!NO!!!
S!PACKAGE GEOMETRY!ASSEMBLY_TOP!181 1!J1!!!!!!!!!LINE!164.8590!306.7150!170.1590!306.7150!0.1000!!!!!NOTCONNECT!!!!!!!!!!!NO!!!
S!PACKAGE GEOMETRY!ASSEMBLY_TOP!182 1!J1!!!!!!!!!LINE!170.1590!306.7150!170.1590!288.9150!0.1000!!!!!NOTCONNECT!!!!!!!!!!!NO!!!
S!PACKAGE GEOMETRY!ASSEMBLY_TOP!183 1!J1!!!!!!!!!LINE!170.1590!288.9150!164.8590!288.9150!0.1000!!!!!NOTCONNECT!!!!!!!!!!!NO!!!
S!PACKAGE GEOMETRY!ASSEMBLY_TOP!184 1!J1!!!!!!!!!LINE!164.8590!288.9150!164.8590!306.7150!0.1000!!!!!NOTCONNECT!!!!!!!!!!!NO!!!
S!PACKAGE GEOMETRY!SILKSCREEN_TOP!185 1!J1!!!!!!!!!LINE!164.8590!304.1650!164.8590!288.9150!0.2000!!!!!NOTCONNECT!!!!!!!!!!!NO!!!
S!PACKAGE GEOMETRY!SILKSCREEN_TOP!186 1!J1!!!!!!!!!LINE!164.8590!288.9150!170.1590!288.9150!0.2000!!!!!NOTCONNECT!!!!!!!!!!!NO!!!
S!PACKAGE GEOMETRY!SILKSCREEN_TOP!187 1!J1!!!!!!!!!LINE!170.1590!288.9150!170.1590!306.7150!0.2000!!!!!NOTCONNECT!!!!!!!!!!!NO!!!
S!PACKAGE GEOMETRY!SILKSCREEN_TOP!188 1!J1!!!!!!!!!LINE!170.1590!306.7150!167.2590!306.7150!0.2000!!!!!NOTCONNECT!!!!!!!!!!!NO!!!
S!PACKAGE GEOMETRY!PLACE_BOUND_TOP!189 1 0!J1!!!!!!!!!LINE!164.6090!306.9650!164.6090!288.6650!0.0000!!!!!SHAPE!!!!12.8 MM!!!!!!!NO!!!
S!PACKAGE GEOMETRY!PLACE_BOUND_TOP!189 2 0!J1!!!!!!!!!LINE!164.6090!288.6650!170.4090!288.6650!0.0000!!!!!SHAPE!!!!12.8 MM!!!!!!!NO!!!
S!PACKAGE GEOMETRY!PLACE_BOUND_TOP!189 3 0!J1!!!!!!!!!LINE!170.4090!288.6650!170.4090!306.9650!0.0000!!!!!SHAPE!!!!12.8 MM!!!!!!!NO!!!
S!PACKAGE GEOMETRY!PLACE_BOUND_TOP!189 4 0!J1!!!!!!!!!LINE!170.4090!306.9650!164.6090!306.9650!0.0000!!!!!SHAPE!!!!12.8 MM!!!!!!!NO!!!
S!REF DES!SILKSCREEN_TOP!190 1!J1!!!!!!!!!TEXT!170.6880!306.9590!270.000!NO!LEFT!2 0 0.7874 0.5842 0.000 0.2032 0.9906 0.0000!J1!!!!!!!!!!!!!!NO!!!
S!REF DES!ASSEMBLY_TOP!191 1!J1!!!!!!!!!TEXT!170.6880!306.9590!270.000!NO!LEFT!2 0 0.7874 0.5842 0.000 0.2032 0.9906 0.0000!J1!!!!!!!!!!!!!!NO!!!
S!PACKAGE GEOMETRY!ASSEMBLY_TOP!192 1!IC1!!!!!!!!!LINE!159.1240!300.4660!161.4240!300.4660!0.1000!!!!!NOTCONNECT!!!!!!!!!!!NO!!!
S!PACKAGE GEOMETRY!ASSEMBLY_TOP!193 1!IC1!!!!!!!!!LINE!161.4240!300.4660!161.4240!298.4660!0.1000!!!!!NOTCONNECT!!!!!!!!!!!NO!!!
S!PACKAGE GEOMETRY!ASSEMBLY_TOP!194 1!IC1!!!!!!!!!LINE!161.4240!298.4660!159.1240!298.4660!0.1000!!!!!NOTCONNECT!!!!!!!!!!!NO!!!
S!PACKAGE GEOMETRY!ASSEMBLY_TOP!195 1!IC1!!!!!!!!!LINE!159.1240!298.4660!159.1240!300.4660!0.1000!!!!!NOTCONNECT!!!!!!!!!!!NO!!!
S!PACKAGE GEOMETRY!ASSEMBLY_TOP!196 1!IC1!!!!!!!!!LINE!159.1240!299.9660!159.6240!300.4660!0.1000!!!!!NOTCONNECT!!!!!!!!!!!NO!!!
S!PACKAGE GEOMETRY!SILKSCREEN_TOP!197 1!IC1!!!!!!!!!LINE!159.4740!300.4660!161.0740!300.4660!0.2000!!!!!NOTCONNECT!!!!!!!!!!!NO!!!
S!PACKAGE GEOMETRY!SILKSCREEN_TOP!198 1!IC1!!!!!!!!!LINE!161.0740!300.4660!161.0740!298.4660!0.2000!!!!!NOTCONNECT!!!!!!!!!!!NO!!!
S!PACKAGE GEOMETRY!SILKSCREEN_TOP!199 1!IC1!!!!!!!!!LINE!161.0740!298.4660!159.4740!298.4660!0.2000!!!!!NOTCONNECT!!!!!!!!!!!NO!!!
S!PACKAGE GEOMETRY!SILKSCREEN_TOP!200 1!IC1!!!!!!!!!LINE!159.4740!298.4660!159.4740!300.4660!0.2000!!!!!NOTCONNECT!!!!!!!!!!!NO!!!
S!PACKAGE GEOMETRY!SILKSCREEN_TOP!201 1!IC1!!!!!!!!!LINE!158.2740!300.7160!159.1240!300.7160!0.2000!!!!!NOTCONNECT!!!!!!!!!!!NO!!!
S!PACKAGE GEOMETRY!PLACE_BOUND_TOP!202 1!IC1!!!!!!!!!RECTANGLE!158.0240!298.1660!162.5240!300.7660!1!!!!!!!!!1 MM!!!!!!!NO!!!
S!MANUFACTURING!AUTOSILK_TOP!203 1!IC1!!!!!!!!!TEXT!153.2890!307.9750!0.000!NO!LEFT!1 0 0.6350 0.4064 0.000 0.1524 0.7874 0.0000!WORLDSKILLS KAZAKHSTAN 2024!!!!!!!!!!!!!!NO!!!
S!REF DES!SILKSCREEN_TOP!204 1!IC1!!!!!!!!!TEXT!157.9880!301.1170!0.000!NO!LEFT!2 0 0.7874 0.5842 0.000 0.2032 0.9906 0.0000!IC1!!!!!!!!!!!!!!NO!!!
S!REF DES!ASSEMBLY_TOP!205 1!IC1!!!!!!!!!TEXT!157.9880!301.1170!0.000!NO!LEFT!2 0 0.7874 0.5842 0.000 0.2032 0.9906 0.0000!IC1!!!!!!!!!!!!!!NO!!!
