A!PAD_NAME!REC_NUMBER!LAYER!FIXFLAG!VIAFLAG!PADSHAPE1!PADWIDTH!PADHGHT!PADXOFF!PADYOFF!PADFLASH!PADSHAPENAME!TRELSHAPE1!TRELWIDTH!TRELHGHT!TRELXOFF!TRELYOFF!TRELFLASH!TRELSHAPENAME!APADSHAPE1!APADWIDTH!APADHGHT!APADXOFF!APADYOFF!APADFLASH!APADSHAPENAME!
J!D:/Projects/HardwareDesign/NE555DevBoard/allegro/ne555devboard.brd!Sun Sep  8 14:16:31 2024!0.0000!0.0000!533.4000!431.8000!0.0001!millimeters!NE555DEVBOARD!10.400000 mil!2!UP TO DATE!
S!VIA!00001!TOP!o!!CIRCLE!0.6096!0.6096!0.0000!0.0000!!!FLASH!0.1270!0.1270!0.0000!0.0000!AB00!!CIRCLE!0.7620!0.7620!0.0000!0.0000!!!
S!VIA!00002!internal_pad_def!o!!CIRCLE!0.6096!0.6096!0.0000!0.0000!!!FLASH!0.1270!0.1270!0.0000!0.0000!AB00!!CIRCLE!0.7620!0.7620!0.0000!0.0000!!!
S!VIA!00003!BOTTOM!o!!CIRCLE!0.6096!0.6096!0.0000!0.0000!!!FLASH!0.1270!0.1270!0.0000!0.0000!AB00!!CIRCLE!0.7620!0.7620!0.0000!0.0000!!!
S!VIA!00004!~TSM!o!!CIRCLE!1.1176!1.1176!0.0000!0.0000!!!!!!!!!!!!!!!!!
S!VIA!00005!~BSM!o!!CIRCLE!1.1176!1.1176!0.0000!0.0000!!!!!!!!!!!!!!!!!
S!VIA!00006!~TPM!o!!!0.0000!0.0000!0.0000!0.0000!!!!!!!!!!!!!!!!!
S!VIA!00007!~BPM!o!!!0.0000!0.0000!0.0000!0.0000!!!!!!!!!!!!!!!!!
S!VIA!00008!~TFM!o!!!0.0000!0.0000!0.0000!0.0000!!!!!!!!!!!!!!!!!
S!VIA!00009!~BFM!o!!!0.0000!0.0000!0.0000!0.0000!!!!!!!!!!!!!!!!!
S!VIA!00010!~ALV!o!!!0.0000!0.0000!0.0000!0.0000!!!!!!!!!!!!!!!!!
S!VIA!00011!~DRILL!o!!0.3302!1.2700!1.2700!0.0000!0.0000!CIRCLE!P!+!n!!!!!!CIRCLE_DRILL!!0.0000!0.0000!!!!
S!C165_H110!00001!TOP!o!!CIRCLE!1.6500!1.6500!0.0000!0.0000!!!!0.0000!0.0000!0.0000!0.0000!!!!0.0000!0.0000!0.0000!0.0000!!!
S!C165_H110!00002!internal_pad_def!o!!CIRCLE!1.6500!1.6500!0.0000!0.0000!!!!0.0000!0.0000!0.0000!0.0000!!!!0.0000!0.0000!0.0000!0.0000!!!
S!C165_H110!00003!BOTTOM!o!!CIRCLE!1.6500!1.6500!0.0000!0.0000!!!!0.0000!0.0000!0.0000!0.0000!!!!0.0000!0.0000!0.0000!0.0000!!!
S!C165_H110!00004!~TSM!o!!!0.0000!0.0000!0.0000!0.0000!!!!!!!!!!!!!!!!!
S!C165_H110!00005!~BSM!o!!!0.0000!0.0000!0.0000!0.0000!!!!!!!!!!!!!!!!!
S!C165_H110!00006!~TPM!o!!!0.0000!0.0000!0.0000!0.0000!!!!!!!!!!!!!!!!!
S!C165_H110!00007!~BPM!o!!!0.0000!0.0000!0.0000!0.0000!!!!!!!!!!!!!!!!!
S!C165_H110!00008!~TFM!o!!!0.0000!0.0000!0.0000!0.0000!!!!!!!!!!!!!!!!!
S!C165_H110!00009!~BFM!o!!!0.0000!0.0000!0.0000!0.0000!!!!!!!!!!!!!!!!!
S!C165_H110!00010!~ALV!o!!!0.0000!0.0000!0.0000!0.0000!!!!!!!!!!!!!!!!!
S!C165_H110!00011!~DRILL!o!!1.1001!1.1001!1.1001!0.0000!0.0000!DIAMOND!P!B!n!!!!!!CIRCLE_DRILL!!0.0000!0.0000!!!!
S!S165_H110!00001!TOP!o!!SQUARE!1.6500!1.6500!0.0000!0.0000!!!!0.0000!0.0000!0.0000!0.0000!!!!0.0000!0.0000!0.0000!0.0000!!!
S!S165_H110!00002!internal_pad_def!o!!CIRCLE!1.6500!1.6500!0.0000!0.0000!!!!0.0000!0.0000!0.0000!0.0000!!!!0.0000!0.0000!0.0000!0.0000!!!
S!S165_H110!00003!BOTTOM!o!!SQUARE!1.6500!1.6500!0.0000!0.0000!!!!0.0000!0.0000!0.0000!0.0000!!!!0.0000!0.0000!0.0000!0.0000!!!
S!S165_H110!00004!~TSM!o!!!0.0000!0.0000!0.0000!0.0000!!!!!!!!!!!!!!!!!
S!S165_H110!00005!~BSM!o!!!0.0000!0.0000!0.0000!0.0000!!!!!!!!!!!!!!!!!
S!S165_H110!00006!~TPM!o!!!0.0000!0.0000!0.0000!0.0000!!!!!!!!!!!!!!!!!
S!S165_H110!00007!~BPM!o!!!0.0000!0.0000!0.0000!0.0000!!!!!!!!!!!!!!!!!
S!S165_H110!00008!~TFM!o!!!0.0000!0.0000!0.0000!0.0000!!!!!!!!!!!!!!!!!
S!S165_H110!00009!~BFM!o!!!0.0000!0.0000!0.0000!0.0000!!!!!!!!!!!!!!!!!
S!S165_H110!00010!~ALV!o!!!0.0000!0.0000!0.0000!0.0000!!!!!!!!!!!!!!!!!
S!S165_H110!00011!~DRILL!o!!1.1001!1.1001!1.1001!0.0000!0.0000!DIAMOND!P!B!n!!!!!!CIRCLE_DRILL!!0.0000!0.0000!!!!
S!R85_30!00001!TOP!o!v!RECTANGLE!0.3000!0.8499!0.0000!0.0000!!!!0.0000!0.0000!0.0000!0.0000!!!!0.0000!0.0000!0.0000!0.0000!!!
S!R85_30!00002!internal_pad_def!o!v!!0.0000!0.0000!0.0000!0.0000!!!!0.0000!0.0000!0.0000!0.0000!!!!0.0000!0.0000!0.0000!0.0000!!!
S!R85_30!00003!BOTTOM!o!v!!0.0000!0.0000!0.0000!0.0000!!!!0.0000!0.0000!0.0000!0.0000!!!!0.0000!0.0000!0.0000!0.0000!!!
S!R85_30!00004!~TSM!o!v!RECTANGLE!0.3000!0.8499!0.0000!0.0000!!!!!!!!!!!!!!!!!
S!R85_30!00005!~BSM!o!v!!0.0000!0.0000!0.0000!0.0000!!!!!!!!!!!!!!!!!
S!R85_30!00006!~TPM!o!v!RECTANGLE!0.3000!0.8499!0.0000!0.0000!!!!!!!!!!!!!!!!!
S!R85_30!00007!~BPM!o!v!!0.0000!0.0000!0.0000!0.0000!!!!!!!!!!!!!!!!!
S!R85_30!00008!~TFM!o!v!!0.0000!0.0000!0.0000!0.0000!!!!!!!!!!!!!!!!!
S!R85_30!00009!~BFM!o!v!!0.0000!0.0000!0.0000!0.0000!!!!!!!!!!!!!!!!!
S!R85_30!00010!~ALV!o!v!!0.0000!0.0000!0.0000!0.0000!!!!!!!!!!!!!!!!!
S!R85_30!00011!~DRILL!o!v!0.0000!0.0000!0.0000!0.0000!0.0000!!P!!n!!!!!!NONE!!0.0000!0.0000!!!!
