A!CLASS!REFDES!PIN_NUMBER!PAD_STACK_NAME!START_LAYER_NAME!END_LAYER_NAME!NET_NAME!PIN_X!PIN_Y!VIA_X!VIA_Y!DRILL_HOLE_TYPE!SLOT_SIZE_MAJOR!SLOT_SIZE_MINOR!SLOT_X!SLOT_Y!SLOT_ROTATION!SLOT_PLATING!DRILL_FIGURE_CHAR!DRILL_FIGURE_SHAPE!DRILL_FIGURE_WIDTH!DRILL_FIGURE_HEIGHT!DRILL_FIGURE_ROTATION!GRAPHIC_DATA_NAME!GRAPHIC_DATA_1!GRAPHIC_DATA_2!GRAPHIC_DATA_3!GRAPHIC_DATA_4!PIN_NUMBER_SORT!DRILL_ARRAY_LOCATIONS!COMP_PACKAGE!DRILL_HOLE_POSTOL!DRILL_HOLE_NEGTOL!BACKDRILL_TOP_LAYER!BACKDRILL_BOTTOM_LAYER!BACKDRILL_TOP_FROM!BACKDRILL_BOTTOM_FROM!EMBEDDED_LAYER!EMBEDDED_STATUS!BACKDRILL_SIZE!DRILL_TOP_NAME!DRILL_BOTTOM_NAME!NET_SHORT!TEST_POINT!PROBE_FIGURE!BACKDRILL_TOP_MAX_STUB!BACKDRILL_BOTTOM_MAX_STUB!BACKDRILL_TOP_MNCLAYER!BACKDRILL_BOTTOM_MNCLAYER!BACKDRILL_TOP_MAX_DEPTH!BACKDRILL_BOTTOM_MAX_DEPTH!
J!D:/Projects/HardwareDesign/NE555DevBoard/allegro/ne555devboard.brd!Sun Sep  8 14:16:31 2024!0.0000!0.0000!533.4000!431.8000!0.0001!millimeters!NE555DEVBOARD!10.400000 mil!2!UP TO DATE!
S!PIN!J3!1!S165_H110!TOP!BOTTOM!VCC!157.7340!291.4650!!!CIRCLE_DRILL!1.1001!1.1001!157.7340!291.4650!0.000!PLATED!B!DIAMOND!1.1001!1.1001!0.000!FIG_RECTANGLE!157.7340!291.4650!1.6500!1.6500! 00000001!!SHDR3W64P0X254_1X3_762X516X980P!0.0000!0.0000!!!!!!!0.0000!!!!!!!!!!!!
S!PIN!J3!2!C165_H110!TOP!BOTTOM!!160.2740!291.4650!!!CIRCLE_DRILL!1.1001!1.1001!160.2740!291.4650!0.000!PLATED!B!DIAMOND!1.1001!1.1001!0.000!CIRCLE!160.2740!291.4650!1.6500!1.6500! 00000002!!SHDR3W64P0X254_1X3_762X516X980P!0.0000!0.0000!!!!!!!0.0000!!!!!!!!!!!!
S!PIN!J3!3!C165_H110!TOP!BOTTOM!0!162.8140!291.4650!!!CIRCLE_DRILL!1.1001!1.1001!162.8140!291.4650!0.000!PLATED!B!DIAMOND!1.1001!1.1001!0.000!CIRCLE!162.8140!291.4650!1.6500!1.6500! 00000003!!SHDR3W64P0X254_1X3_762X516X980P!0.0000!0.0000!!!!!!!0.0000!!!!BOTTOM!TRIANGLE_1!!!!!!!
S!PIN!J2!1!S165_H110!TOP!BOTTOM!N00147!152.7810!304.1650!!!CIRCLE_DRILL!1.1001!1.1001!152.7810!304.1650!0.000!PLATED!B!DIAMOND!1.1001!1.1001!0.000!FIG_RECTANGLE!152.7810!304.1650!1.6500!1.6500! 00000001!!SHDR6W63P0X254_1X6_1780X500X1280P!0.0000!0.0000!!!!!!!0.0000!!!!BOTTOM!TRIANGLE_1!!!!!!!
S!PIN!J2!2!C165_H110!TOP!BOTTOM!N00151!152.7810!301.6250!!!CIRCLE_DRILL!1.1001!1.1001!152.7810!301.6250!0.000!PLATED!B!DIAMOND!1.1001!1.1001!0.000!CIRCLE!152.7810!301.6250!1.6500!1.6500! 00000002!!SHDR6W63P0X254_1X6_1780X500X1280P!0.0000!0.0000!!!!!!!0.0000!!!!BOTTOM!TRIANGLE_1!!!!!!!
S!PIN!J2!3!C165_H110!TOP!BOTTOM!N00155!152.7810!299.0850!!!CIRCLE_DRILL!1.1001!1.1001!152.7810!299.0850!0.000!PLATED!B!DIAMOND!1.1001!1.1001!0.000!CIRCLE!152.7810!299.0850!1.6500!1.6500! 00000003!!SHDR6W63P0X254_1X6_1780X500X1280P!0.0000!0.0000!!!!!!!0.0000!!!!BOTTOM!TRIANGLE_1!!!!!!!
S!PIN!J2!4!C165_H110!TOP!BOTTOM!N00159!152.7810!296.5450!!!CIRCLE_DRILL!1.1001!1.1001!152.7810!296.5450!0.000!PLATED!B!DIAMOND!1.1001!1.1001!0.000!CIRCLE!152.7810!296.5450!1.6500!1.6500! 00000004!!SHDR6W63P0X254_1X6_1780X500X1280P!0.0000!0.0000!!!!!!!0.0000!!!!BOTTOM!TRIANGLE_1!!!!!!!
S!PIN!J2!5!C165_H110!TOP!BOTTOM!0!152.7810!294.0050!!!CIRCLE_DRILL!1.1001!1.1001!152.7810!294.0050!0.000!PLATED!B!DIAMOND!1.1001!1.1001!0.000!CIRCLE!152.7810!294.0050!1.6500!1.6500! 00000005!!SHDR6W63P0X254_1X6_1780X500X1280P!0.0000!0.0000!!!!!!!0.0000!!!!!!!!!!!!
S!PIN!J2!6!C165_H110!TOP!BOTTOM!VCC!152.7810!291.4650!!!CIRCLE_DRILL!1.1001!1.1001!152.7810!291.4650!0.000!PLATED!B!DIAMOND!1.1001!1.1001!0.000!CIRCLE!152.7810!291.4650!1.6500!1.6500! 00000006!!SHDR6W63P0X254_1X6_1780X500X1280P!0.0000!0.0000!!!!!!!0.0000!!!!!!!!!!!!
S!PIN!J1!1!S165_H110!TOP!BOTTOM!N00131!167.2590!304.1650!!!CIRCLE_DRILL!1.1001!1.1001!167.2590!304.1650!0.000!PLATED!B!DIAMOND!1.1001!1.1001!0.000!FIG_RECTANGLE!167.2590!304.1650!1.6500!1.6500! 00000001!!SHDR6W63P0X254_1X6_1780X500X1280P!0.0000!0.0000!!!!!!!0.0000!!!!BOTTOM!TRIANGLE_1!!!!!!!
S!PIN!J1!2!C165_H110!TOP!BOTTOM!N00135!167.2590!301.6250!!!CIRCLE_DRILL!1.1001!1.1001!167.2590!301.6250!0.000!PLATED!B!DIAMOND!1.1001!1.1001!0.000!CIRCLE!167.2590!301.6250!1.6500!1.6500! 00000002!!SHDR6W63P0X254_1X6_1780X500X1280P!0.0000!0.0000!!!!!!!0.0000!!!!BOTTOM!TRIANGLE_1!!!!!!!
S!PIN!J1!3!C165_H110!TOP!BOTTOM!N00139!167.2590!299.0850!!!CIRCLE_DRILL!1.1001!1.1001!167.2590!299.0850!0.000!PLATED!B!DIAMOND!1.1001!1.1001!0.000!CIRCLE!167.2590!299.0850!1.6500!1.6500! 00000003!!SHDR6W63P0X254_1X6_1780X500X1280P!0.0000!0.0000!!!!!!!0.0000!!!!BOTTOM!TRIANGLE_1!!!!!!!
S!PIN!J1!4!C165_H110!TOP!BOTTOM!N00143!167.2590!296.5450!!!CIRCLE_DRILL!1.1001!1.1001!167.2590!296.5450!0.000!PLATED!B!DIAMOND!1.1001!1.1001!0.000!CIRCLE!167.2590!296.5450!1.6500!1.6500! 00000004!!SHDR6W63P0X254_1X6_1780X500X1280P!0.0000!0.0000!!!!!!!0.0000!!!!BOTTOM!TRIANGLE_1!!!!!!!
S!PIN!J1!5!C165_H110!TOP!BOTTOM!0!167.2590!294.0050!!!CIRCLE_DRILL!1.1001!1.1001!167.2590!294.0050!0.000!PLATED!B!DIAMOND!1.1001!1.1001!0.000!CIRCLE!167.2590!294.0050!1.6500!1.6500! 00000005!!SHDR6W63P0X254_1X6_1780X500X1280P!0.0000!0.0000!!!!!!!0.0000!!!!!!!!!!!!
S!PIN!J1!6!C165_H110!TOP!BOTTOM!VCC!167.2590!291.4650!!!CIRCLE_DRILL!1.1001!1.1001!167.2590!291.4650!0.000!PLATED!B!DIAMOND!1.1001!1.1001!0.000!CIRCLE!167.2590!291.4650!1.6500!1.6500! 00000006!!SHDR6W63P0X254_1X6_1780X500X1280P!0.0000!0.0000!!!!!!!0.0000!!!!BOTTOM!TRIANGLE_1!!!!!!!
S!PIN!IC1!1!R85_30!TOP!TOP!N00147!158.6990!300.2160!!!!!!!!!!!!!!!FIG_RECTANGLE!158.6990!300.2160!0.8499!0.3000! 00000001!!SOP50P310X100-8N!!!!!!!!!0.0000!!!!!!!!!!!!
S!PIN!IC1!2!R85_30!TOP!TOP!N00151!158.6990!299.7160!!!!!!!!!!!!!!!FIG_RECTANGLE!158.6990!299.7160!0.8499!0.3000! 00000002!!SOP50P310X100-8N!!!!!!!!!0.0000!!!!!!!!!!!!
S!PIN!IC1!3!R85_30!TOP!TOP!N00155!158.6990!299.2160!!!!!!!!!!!!!!!FIG_RECTANGLE!158.6990!299.2160!0.8499!0.3000! 00000003!!SOP50P310X100-8N!!!!!!!!!0.0000!!!!!!!!!!!!
S!PIN!IC1!4!R85_30!TOP!TOP!N00159!158.6990!298.7160!!!!!!!!!!!!!!!FIG_RECTANGLE!158.6990!298.7160!0.8499!0.3000! 00000004!!SOP50P310X100-8N!!!!!!!!!0.0000!!!!!!!!!!!!
S!PIN!IC1!5!R85_30!TOP!TOP!N00143!161.8490!298.7160!!!!!!!!!!!!!!!FIG_RECTANGLE!161.8490!298.7160!0.8499!0.3000! 00000005!!SOP50P310X100-8N!!!!!!!!!0.0000!!!!!!!!!!!!
S!PIN!IC1!6!R85_30!TOP!TOP!N00139!161.8490!299.2160!!!!!!!!!!!!!!!FIG_RECTANGLE!161.8490!299.2160!0.8499!0.3000! 00000006!!SOP50P310X100-8N!!!!!!!!!0.0000!!!!!!!!!!!!
S!PIN!IC1!7!R85_30!TOP!TOP!N00135!161.8490!299.7160!!!!!!!!!!!!!!!FIG_RECTANGLE!161.8490!299.7160!0.8499!0.3000! 00000007!!SOP50P310X100-8N!!!!!!!!!0.0000!!!!!!!!!!!!
S!PIN!IC1!8!R85_30!TOP!TOP!N00131!161.8490!300.2160!!!!!!!!!!!!!!!FIG_RECTANGLE!161.8490!300.2160!0.8499!0.3000! 00000008!!SOP50P310X100-8N!!!!!!!!!0.0000!!!!!!!!!!!!
