2025-01-20T15:15:21 TopWb.exe 24.1 P001 (4234998)  [9/4/2024]
2025-01-20T15:15:21 Sigrity Dir: C:\Cadence\Sigrity2024.0
2025-01-20T15:15:21 Open Topology: D:/Projects/HardwareDesign/Sigrity/secure_ic_emc/secure_ic_emc.topx
2025-01-20T15:20:55 Run Simulation
2025-01-20T15:20:55 Circuit Solver Option - Enabling additional performance improvements (lhpc4)
2025-01-20T15:20:55 spdsim(pid 10476) started [D:\Projects\HardwareDesign\Sigrity\secure_ic_emc\result\sparam\1\temp\SParamExtraction.sp]
2025-01-20T15:20:56 spdsim(pid 10476) ended [D:\Projects\HardwareDesign\Sigrity\secure_ic_emc\result\sparam\1\temp\SParamExtraction.sp]
2025-01-20T15:20:56 Finish Connectivity Checker
2025-01-20T15:20:56 Circuit Solver Option - Enabling additional performance improvements (lhpc4)
2025-01-20T15:20:56 spdsim(pid 15732) started [D:\Projects\HardwareDesign\Sigrity\secure_ic_emc\result\1\Tran_Typ_Typ\temp\simulation_input.sp]
2025-01-20T15:20:57 spdsim(pid 15732) ended [D:\Projects\HardwareDesign\Sigrity\secure_ic_emc\result\1\Tran_Typ_Typ\temp\simulation_input.sp]
2025-01-20T15:20:57 Circuit Solver Option - Enabling additional performance improvements (lhpc4)
2025-01-20T15:20:58 spdsim(pid 9420) started [D:\Projects\HardwareDesign\Sigrity\secure_ic_emc\result\buffer\2\temp\simulation_input.sp]
2025-01-20T15:21:00 spdsim(pid 9420) ended [D:\Projects\HardwareDesign\Sigrity\secure_ic_emc\result\buffer\2\temp\simulation_input.sp]
2025-01-20T15:23:39 Run Simulation
2025-01-20T15:23:39 Circuit Solver Option - Enabling additional performance improvements (lhpc4)
2025-01-20T15:23:39 spdsim(pid 16048) started [D:\Projects\HardwareDesign\Sigrity\secure_ic_emc\result\sparam\2\temp\SParamExtraction.sp]
2025-01-20T15:23:39 spdsim(pid 16048) ended [D:\Projects\HardwareDesign\Sigrity\secure_ic_emc\result\sparam\2\temp\SParamExtraction.sp]
2025-01-20T15:23:39 Finish Connectivity Checker
2025-01-20T15:23:40 Circuit Solver Option - Enabling additional performance improvements (lhpc4)
2025-01-20T15:23:40 spdsim(pid 21500) started [D:\Projects\HardwareDesign\Sigrity\secure_ic_emc\result\2\Tran_Typ_Typ\temp\simulation_input.sp]
2025-01-20T15:23:41 spdsim(pid 21500) ended [D:\Projects\HardwareDesign\Sigrity\secure_ic_emc\result\2\Tran_Typ_Typ\temp\simulation_input.sp]
2025-01-20T15:25:27 Run Simulation
2025-01-20T15:25:27 Circuit Solver Option - Enabling additional performance improvements (lhpc4)
2025-01-20T15:25:27 spdsim(pid 3888) started [D:\Projects\HardwareDesign\Sigrity\secure_ic_emc\result\sparam\3\temp\SParamExtraction.sp]
2025-01-20T15:25:27 spdsim(pid 3888) ended [D:\Projects\HardwareDesign\Sigrity\secure_ic_emc\result\sparam\3\temp\SParamExtraction.sp]
2025-01-20T15:25:27 Finish Connectivity Checker
2025-01-20T15:25:28 Circuit Solver Option - Enabling additional performance improvements (lhpc4)
2025-01-20T15:25:28 spdsim(pid 21524) started [D:\Projects\HardwareDesign\Sigrity\secure_ic_emc\result\3\Tran_Typ_Typ\temp\simulation_input.sp]
2025-01-20T15:25:29 spdsim(pid 21524) ended [D:\Projects\HardwareDesign\Sigrity\secure_ic_emc\result\3\Tran_Typ_Typ\temp\simulation_input.sp]
2025-01-20T15:25:29 Circuit Solver Option - Enabling additional performance improvements (lhpc4)
2025-01-20T15:25:29 spdsim(pid 19528) started [D:\Projects\HardwareDesign\Sigrity\secure_ic_emc\result\buffer\7\temp\simulation_input.sp]
2025-01-20T15:25:29 spdsim(pid 19528) ended [D:\Projects\HardwareDesign\Sigrity\secure_ic_emc\result\buffer\7\temp\simulation_input.sp]
2025-01-20T15:35:05 Run Simulation
2025-01-20T15:35:05 Circuit Solver Option - Enabling additional performance improvements (lhpc4)
2025-01-20T15:35:06 spdsim(pid 5360) started [D:\Projects\HardwareDesign\Sigrity\secure_ic_emc\result\sparam\4\temp\SParamExtraction.sp]
2025-01-20T15:35:06 spdsim(pid 5360) ended [D:\Projects\HardwareDesign\Sigrity\secure_ic_emc\result\sparam\4\temp\SParamExtraction.sp]
2025-01-20T15:35:06 Finish Connectivity Checker
2025-01-20T15:35:06 Circuit Solver Option - Enabling additional performance improvements (lhpc4)
2025-01-20T15:35:06 spdsim(pid 10184) started [D:\Projects\HardwareDesign\Sigrity\secure_ic_emc\result\4\Tran_Typ_Typ\temp\simulation_input.sp]
2025-01-20T15:35:06 spdsim(pid 10184) ended [D:\Projects\HardwareDesign\Sigrity\secure_ic_emc\result\4\Tran_Typ_Typ\temp\simulation_input.sp]
