0.000000e+00 (V)  __Gnd
1.217871e+00 (V)  n1
2.664821e-01 (V)  n10
1.217871e+00 (V)  n11
2.664821e-01 (V)  n12
1.217871e+00 (V)  n13
2.664821e-01 (V)  n14
1.217871e+00 (V)  n15
2.664821e-01 (V)  n16
2.664821e-01 (V)  n17
2.664821e-01 (V)  n18
2.664821e-01 (V)  n19
2.664821e-01 (V)  n2
2.664821e-01 (V)  n20
1.217871e+00 (V)  n21
2.664821e-01 (V)  n22
2.664821e-01 (V)  n23
2.664821e-01 (V)  n24
2.664821e-01 (V)  n25
2.664821e-01 (V)  n26
2.664821e-01 (V)  n27
2.664821e-01 (V)  n28
2.664821e-01 (V)  n29
2.664821e-01 (V)  n3
2.664821e-01 (V)  n30
2.664821e-01 (V)  n31
1.217871e+00 (V)  n32
2.664821e-01 (V)  n33
2.664821e-01 (V)  n34
2.664821e-01 (V)  n35
2.664821e-01 (V)  n36
2.664821e-01 (V)  n4
2.664821e-01 (V)  n5
2.664821e-01 (V)  n6
2.664821e-01 (V)  n7
2.664821e-01 (V)  n8
2.664821e-01 (V)  n9
1.000000e+00 (V)  X1.X_SpeedXP_auto_Ctrl_Controller.nd_en_101
1.000000e+00 (V)  X1.X_SpeedXP_auto_Ctrl_Controller.nd_en_104
1.000000e+00 (V)  X1.X_SpeedXP_auto_Ctrl_Controller.nd_en_106
1.000000e+00 (V)  X1.X_SpeedXP_auto_Ctrl_Controller.nd_en_111
1.000000e+00 (V)  X1.X_SpeedXP_auto_Ctrl_Controller.nd_en_113
1.000000e+00 (V)  X1.X_SpeedXP_auto_Ctrl_Controller.nd_en_116
1.000000e+00 (V)  X1.X_SpeedXP_auto_Ctrl_Controller.nd_en_118
1.000000e+00 (V)  X1.X_SpeedXP_auto_Ctrl_Controller.nd_en_15
1.000000e+00 (V)  X1.X_SpeedXP_auto_Ctrl_Controller.nd_en_17
1.000000e+00 (V)  X1.X_SpeedXP_auto_Ctrl_Controller.nd_en_18
1.000000e+00 (V)  X1.X_SpeedXP_auto_Ctrl_Controller.nd_en_19
1.000000e+00 (V)  X1.X_SpeedXP_auto_Ctrl_Controller.nd_en_2
1.000000e+00 (V)  X1.X_SpeedXP_auto_Ctrl_Controller.nd_en_20
1.000000e+00 (V)  X1.X_SpeedXP_auto_Ctrl_Controller.nd_en_21
1.000000e+00 (V)  X1.X_SpeedXP_auto_Ctrl_Controller.nd_en_22
1.000000e+00 (V)  X1.X_SpeedXP_auto_Ctrl_Controller.nd_en_23
1.000000e+00 (V)  X1.X_SpeedXP_auto_Ctrl_Controller.nd_en_3
1.000000e+00 (V)  X1.X_SpeedXP_auto_Ctrl_Controller.nd_en_32
1.000000e+00 (V)  X1.X_SpeedXP_auto_Ctrl_Controller.nd_en_33
1.000000e+00 (V)  X1.X_SpeedXP_auto_Ctrl_Controller.nd_en_42
1.000000e+00 (V)  X1.X_SpeedXP_auto_Ctrl_Controller.nd_en_43
1.000000e+00 (V)  X1.X_SpeedXP_auto_Ctrl_Controller.nd_en_51
1.000000e+00 (V)  X1.X_SpeedXP_auto_Ctrl_Controller.nd_en_52
1.000000e+00 (V)  X1.X_SpeedXP_auto_Ctrl_Controller.nd_en_62
1.000000e+00 (V)  X1.X_SpeedXP_auto_Ctrl_Controller.nd_en_64
1.000000e+00 (V)  X1.X_SpeedXP_auto_Ctrl_Controller.nd_en_67
1.000000e+00 (V)  X1.X_SpeedXP_auto_Ctrl_Controller.nd_en_69
1.000000e+00 (V)  X1.X_SpeedXP_auto_Ctrl_Controller.nd_en_75
1.000000e+00 (V)  X1.X_SpeedXP_auto_Ctrl_Controller.nd_en_77
1.000000e+00 (V)  X1.X_SpeedXP_auto_Ctrl_Controller.nd_en_80
1.000000e+00 (V)  X1.X_SpeedXP_auto_Ctrl_Controller.nd_en_82
1.000000e+00 (V)  X1.X_SpeedXP_auto_Ctrl_Controller.nd_en_85
1.000000e+00 (V)  X1.X_SpeedXP_auto_Ctrl_Controller.nd_en_87
1.000000e+00 (V)  X1.X_SpeedXP_auto_Ctrl_Controller.nd_en_94
1.000000e+00 (V)  X1.X_SpeedXP_auto_Ctrl_Controller.nd_en_96
1.000000e+00 (V)  X1.X_SpeedXP_auto_Ctrl_Controller.nd_en_99
0.000000e+00 (V)  X1.X_SpeedXP_auto_Ctrl_Controller.nd_in_101
0.000000e+00 (V)  X1.X_SpeedXP_auto_Ctrl_Controller.nd_in_104
1.000000e+00 (V)  X1.X_SpeedXP_auto_Ctrl_Controller.nd_in_106
0.000000e+00 (V)  X1.X_SpeedXP_auto_Ctrl_Controller.nd_in_111
0.000000e+00 (V)  X1.X_SpeedXP_auto_Ctrl_Controller.nd_in_113
0.000000e+00 (V)  X1.X_SpeedXP_auto_Ctrl_Controller.nd_in_116
0.000000e+00 (V)  X1.X_SpeedXP_auto_Ctrl_Controller.nd_in_118
0.000000e+00 (V)  X1.X_SpeedXP_auto_Ctrl_Controller.nd_in_15
0.000000e+00 (V)  X1.X_SpeedXP_auto_Ctrl_Controller.nd_in_17
0.000000e+00 (V)  X1.X_SpeedXP_auto_Ctrl_Controller.nd_in_18
0.000000e+00 (V)  X1.X_SpeedXP_auto_Ctrl_Controller.nd_in_19
1.000000e+00 (V)  X1.X_SpeedXP_auto_Ctrl_Controller.nd_in_2
0.000000e+00 (V)  X1.X_SpeedXP_auto_Ctrl_Controller.nd_in_20
0.000000e+00 (V)  X1.X_SpeedXP_auto_Ctrl_Controller.nd_in_21
0.000000e+00 (V)  X1.X_SpeedXP_auto_Ctrl_Controller.nd_in_22
0.000000e+00 (V)  X1.X_SpeedXP_auto_Ctrl_Controller.nd_in_23
0.000000e+00 (V)  X1.X_SpeedXP_auto_Ctrl_Controller.nd_in_3
1.000000e+00 (V)  X1.X_SpeedXP_auto_Ctrl_Controller.nd_in_32
0.000000e+00 (V)  X1.X_SpeedXP_auto_Ctrl_Controller.nd_in_33
1.000000e+00 (V)  X1.X_SpeedXP_auto_Ctrl_Controller.nd_in_42
0.000000e+00 (V)  X1.X_SpeedXP_auto_Ctrl_Controller.nd_in_43
1.000000e+00 (V)  X1.X_SpeedXP_auto_Ctrl_Controller.nd_in_51
0.000000e+00 (V)  X1.X_SpeedXP_auto_Ctrl_Controller.nd_in_52
0.000000e+00 (V)  X1.X_SpeedXP_auto_Ctrl_Controller.nd_in_62
0.000000e+00 (V)  X1.X_SpeedXP_auto_Ctrl_Controller.nd_in_64
0.000000e+00 (V)  X1.X_SpeedXP_auto_Ctrl_Controller.nd_in_67
0.000000e+00 (V)  X1.X_SpeedXP_auto_Ctrl_Controller.nd_in_69
1.000000e+00 (V)  X1.X_SpeedXP_auto_Ctrl_Controller.nd_in_75
0.000000e+00 (V)  X1.X_SpeedXP_auto_Ctrl_Controller.nd_in_77
0.000000e+00 (V)  X1.X_SpeedXP_auto_Ctrl_Controller.nd_in_80
0.000000e+00 (V)  X1.X_SpeedXP_auto_Ctrl_Controller.nd_in_82
0.000000e+00 (V)  X1.X_SpeedXP_auto_Ctrl_Controller.nd_in_85
0.000000e+00 (V)  X1.X_SpeedXP_auto_Ctrl_Controller.nd_in_87
0.000000e+00 (V)  X1.X_SpeedXP_auto_Ctrl_Controller.nd_in_94
0.000000e+00 (V)  X1.X_SpeedXP_auto_Ctrl_Controller.nd_in_96
0.000000e+00 (V)  X1.X_SpeedXP_auto_Ctrl_Controller.nd_in_99
5.000000e-01 (V)  X1.X_SpeedXP_auto_Ctrl_Controller.nd_out_of_in_101
5.000000e-01 (V)  X1.X_SpeedXP_auto_Ctrl_Controller.nd_out_of_in_104
5.000000e-01 (V)  X1.X_SpeedXP_auto_Ctrl_Controller.nd_out_of_in_106
5.000000e-01 (V)  X1.X_SpeedXP_auto_Ctrl_Controller.nd_out_of_in_111
5.000000e-01 (V)  X1.X_SpeedXP_auto_Ctrl_Controller.nd_out_of_in_113
5.000000e-01 (V)  X1.X_SpeedXP_auto_Ctrl_Controller.nd_out_of_in_116
5.000000e-01 (V)  X1.X_SpeedXP_auto_Ctrl_Controller.nd_out_of_in_118
5.000000e-01 (V)  X1.X_SpeedXP_auto_Ctrl_Controller.nd_out_of_in_15
5.000000e-01 (V)  X1.X_SpeedXP_auto_Ctrl_Controller.nd_out_of_in_17
5.000000e-01 (V)  X1.X_SpeedXP_auto_Ctrl_Controller.nd_out_of_in_18
5.000000e-01 (V)  X1.X_SpeedXP_auto_Ctrl_Controller.nd_out_of_in_19
5.000000e-01 (V)  X1.X_SpeedXP_auto_Ctrl_Controller.nd_out_of_in_2
5.000000e-01 (V)  X1.X_SpeedXP_auto_Ctrl_Controller.nd_out_of_in_20
5.000000e-01 (V)  X1.X_SpeedXP_auto_Ctrl_Controller.nd_out_of_in_21
5.000000e-01 (V)  X1.X_SpeedXP_auto_Ctrl_Controller.nd_out_of_in_22
5.000000e-01 (V)  X1.X_SpeedXP_auto_Ctrl_Controller.nd_out_of_in_23
5.000000e-01 (V)  X1.X_SpeedXP_auto_Ctrl_Controller.nd_out_of_in_3
5.000000e-01 (V)  X1.X_SpeedXP_auto_Ctrl_Controller.nd_out_of_in_32
5.000000e-01 (V)  X1.X_SpeedXP_auto_Ctrl_Controller.nd_out_of_in_33
5.000000e-01 (V)  X1.X_SpeedXP_auto_Ctrl_Controller.nd_out_of_in_42
5.000000e-01 (V)  X1.X_SpeedXP_auto_Ctrl_Controller.nd_out_of_in_43
5.000000e-01 (V)  X1.X_SpeedXP_auto_Ctrl_Controller.nd_out_of_in_51
5.000000e-01 (V)  X1.X_SpeedXP_auto_Ctrl_Controller.nd_out_of_in_52
5.000000e-01 (V)  X1.X_SpeedXP_auto_Ctrl_Controller.nd_out_of_in_62
5.000000e-01 (V)  X1.X_SpeedXP_auto_Ctrl_Controller.nd_out_of_in_64
5.000000e-01 (V)  X1.X_SpeedXP_auto_Ctrl_Controller.nd_out_of_in_67
5.000000e-01 (V)  X1.X_SpeedXP_auto_Ctrl_Controller.nd_out_of_in_69
5.000000e-01 (V)  X1.X_SpeedXP_auto_Ctrl_Controller.nd_out_of_in_75
5.000000e-01 (V)  X1.X_SpeedXP_auto_Ctrl_Controller.nd_out_of_in_77
5.000000e-01 (V)  X1.X_SpeedXP_auto_Ctrl_Controller.nd_out_of_in_80
5.000000e-01 (V)  X1.X_SpeedXP_auto_Ctrl_Controller.nd_out_of_in_82
5.000000e-01 (V)  X1.X_SpeedXP_auto_Ctrl_Controller.nd_out_of_in_85
5.000000e-01 (V)  X1.X_SpeedXP_auto_Ctrl_Controller.nd_out_of_in_87
5.000000e-01 (V)  X1.X_SpeedXP_auto_Ctrl_Controller.nd_out_of_in_94
5.000000e-01 (V)  X1.X_SpeedXP_auto_Ctrl_Controller.nd_out_of_in_96
5.000000e-01 (V)  X1.X_SpeedXP_auto_Ctrl_Controller.nd_out_of_in_99
1.500000e+00 (V)  X1.X_SpeedXP_auto_Ctrl_Controller.pwrbus1_15
1.500000e+00 (V)  X1.X_SpeedXP_auto_Ctrl_Controller.pwrbus1_17
1.500000e+00 (V)  X1.X_SpeedXP_auto_Ctrl_Controller.pwrbus1_18
1.500000e+00 (V)  X1.X_SpeedXP_auto_Ctrl_Controller.pwrbus1_19
1.500000e+00 (V)  X1.X_SpeedXP_auto_Ctrl_Controller.pwrbus1_2
1.500000e+00 (V)  X1.X_SpeedXP_auto_Ctrl_Controller.pwrbus1_20
1.500000e+00 (V)  X1.X_SpeedXP_auto_Ctrl_Controller.pwrbus1_21
1.500000e+00 (V)  X1.X_SpeedXP_auto_Ctrl_Controller.pwrbus1_22
1.500000e+00 (V)  X1.X_SpeedXP_auto_Ctrl_Controller.pwrbus1_23
1.500000e+00 (V)  X1.X_SpeedXP_auto_Ctrl_Controller.pwrbus1_3
1.500000e+00 (V)  X1.X_SpeedXP_auto_Ctrl_Controller.pwrbus1_32
1.500000e+00 (V)  X1.X_SpeedXP_auto_Ctrl_Controller.pwrbus1_33
1.500000e+00 (V)  X1.X_SpeedXP_auto_Ctrl_Controller.pwrbus1_42
1.500000e+00 (V)  X1.X_SpeedXP_auto_Ctrl_Controller.pwrbus1_43
1.500000e+00 (V)  X1.X_SpeedXP_auto_Ctrl_Controller.pwrbus1_51
1.500000e+00 (V)  X1.X_SpeedXP_auto_Ctrl_Controller.pwrbus1_52
1.500000e+00 (V)  X1.X_SpeedXP_auto_Ctrl_Controller.pwrbus2_101
1.500000e+00 (V)  X1.X_SpeedXP_auto_Ctrl_Controller.pwrbus2_104
1.500000e+00 (V)  X1.X_SpeedXP_auto_Ctrl_Controller.pwrbus2_106
1.500000e+00 (V)  X1.X_SpeedXP_auto_Ctrl_Controller.pwrbus2_111
1.500000e+00 (V)  X1.X_SpeedXP_auto_Ctrl_Controller.pwrbus2_113
1.500000e+00 (V)  X1.X_SpeedXP_auto_Ctrl_Controller.pwrbus2_116
1.500000e+00 (V)  X1.X_SpeedXP_auto_Ctrl_Controller.pwrbus2_118
1.500000e+00 (V)  X1.X_SpeedXP_auto_Ctrl_Controller.pwrbus2_62
1.500000e+00 (V)  X1.X_SpeedXP_auto_Ctrl_Controller.pwrbus2_64
1.500000e+00 (V)  X1.X_SpeedXP_auto_Ctrl_Controller.pwrbus2_67
1.500000e+00 (V)  X1.X_SpeedXP_auto_Ctrl_Controller.pwrbus2_69
1.500000e+00 (V)  X1.X_SpeedXP_auto_Ctrl_Controller.pwrbus2_75
1.500000e+00 (V)  X1.X_SpeedXP_auto_Ctrl_Controller.pwrbus2_77
1.500000e+00 (V)  X1.X_SpeedXP_auto_Ctrl_Controller.pwrbus2_80
1.500000e+00 (V)  X1.X_SpeedXP_auto_Ctrl_Controller.pwrbus2_82
1.500000e+00 (V)  X1.X_SpeedXP_auto_Ctrl_Controller.pwrbus2_85
1.500000e+00 (V)  X1.X_SpeedXP_auto_Ctrl_Controller.pwrbus2_87
1.500000e+00 (V)  X1.X_SpeedXP_auto_Ctrl_Controller.pwrbus2_94
1.500000e+00 (V)  X1.X_SpeedXP_auto_Ctrl_Controller.pwrbus2_96
1.500000e+00 (V)  X1.X_SpeedXP_auto_Ctrl_Controller.pwrbus2_99
7.500000e-01 (V)  X2.out_101
7.500000e-01 (V)  X2.out_104
7.500000e-01 (V)  X2.out_106
7.500000e-01 (V)  X2.out_111
7.500000e-01 (V)  X2.out_113
7.500000e-01 (V)  X2.out_116
7.500000e-01 (V)  X2.out_118
7.500000e-01 (V)  X2.out_15
7.500000e-01 (V)  X2.out_17
7.500000e-01 (V)  X2.out_18
7.500000e-01 (V)  X2.out_19
7.500000e-01 (V)  X2.out_2
7.500000e-01 (V)  X2.out_20
7.500000e-01 (V)  X2.out_21
7.500000e-01 (V)  X2.out_22
7.500000e-01 (V)  X2.out_23
7.500000e-01 (V)  X2.out_3
7.500000e-01 (V)  X2.out_32
7.500000e-01 (V)  X2.out_33
7.500000e-01 (V)  X2.out_42
7.500000e-01 (V)  X2.out_43
7.500000e-01 (V)  X2.out_51
7.500000e-01 (V)  X2.out_52
7.500000e-01 (V)  X2.out_62
7.500000e-01 (V)  X2.out_64
7.500000e-01 (V)  X2.out_67
7.500000e-01 (V)  X2.out_69
7.500000e-01 (V)  X2.out_75
7.500000e-01 (V)  X2.out_77
7.500000e-01 (V)  X2.out_80
7.500000e-01 (V)  X2.out_82
7.500000e-01 (V)  X2.out_85
7.500000e-01 (V)  X2.out_87
7.500000e-01 (V)  X2.out_94
7.500000e-01 (V)  X2.out_96
7.500000e-01 (V)  X2.out_99
-5.000000e-11 (A)  X1.X_SpeedXP_auto_Ctrl_Controller.B_SpeedXP_auto_101_OutOfIn
-5.000000e-11 (A)  X1.X_SpeedXP_auto_Ctrl_Controller.B_SpeedXP_auto_104_OutOfIn
-5.000000e-11 (A)  X1.X_SpeedXP_auto_Ctrl_Controller.B_SpeedXP_auto_106_OutOfIn
-5.000000e-11 (A)  X1.X_SpeedXP_auto_Ctrl_Controller.B_SpeedXP_auto_111_OutOfIn
-5.000000e-11 (A)  X1.X_SpeedXP_auto_Ctrl_Controller.B_SpeedXP_auto_113_OutOfIn
-5.000000e-11 (A)  X1.X_SpeedXP_auto_Ctrl_Controller.B_SpeedXP_auto_116_OutOfIn
-5.000000e-11 (A)  X1.X_SpeedXP_auto_Ctrl_Controller.B_SpeedXP_auto_118_OutOfIn
-5.000000e-11 (A)  X1.X_SpeedXP_auto_Ctrl_Controller.B_SpeedXP_auto_15_OutOfIn
-5.000000e-11 (A)  X1.X_SpeedXP_auto_Ctrl_Controller.B_SpeedXP_auto_17_OutOfIn
-5.000000e-11 (A)  X1.X_SpeedXP_auto_Ctrl_Controller.B_SpeedXP_auto_18_OutOfIn
-5.000000e-11 (A)  X1.X_SpeedXP_auto_Ctrl_Controller.B_SpeedXP_auto_19_OutOfIn
-5.000000e-11 (A)  X1.X_SpeedXP_auto_Ctrl_Controller.B_SpeedXP_auto_20_OutOfIn
-5.000000e-11 (A)  X1.X_SpeedXP_auto_Ctrl_Controller.B_SpeedXP_auto_21_OutOfIn
-5.000000e-11 (A)  X1.X_SpeedXP_auto_Ctrl_Controller.B_SpeedXP_auto_22_OutOfIn
-5.000000e-11 (A)  X1.X_SpeedXP_auto_Ctrl_Controller.B_SpeedXP_auto_23_OutOfIn
-5.000000e-11 (A)  X1.X_SpeedXP_auto_Ctrl_Controller.B_SpeedXP_auto_2_OutOfIn
-5.000000e-11 (A)  X1.X_SpeedXP_auto_Ctrl_Controller.B_SpeedXP_auto_32_OutOfIn
-5.000000e-11 (A)  X1.X_SpeedXP_auto_Ctrl_Controller.B_SpeedXP_auto_33_OutOfIn
-5.000000e-11 (A)  X1.X_SpeedXP_auto_Ctrl_Controller.B_SpeedXP_auto_3_OutOfIn
-5.000000e-11 (A)  X1.X_SpeedXP_auto_Ctrl_Controller.B_SpeedXP_auto_42_OutOfIn
-5.000000e-11 (A)  X1.X_SpeedXP_auto_Ctrl_Controller.B_SpeedXP_auto_43_OutOfIn
-5.000000e-11 (A)  X1.X_SpeedXP_auto_Ctrl_Controller.B_SpeedXP_auto_51_OutOfIn
-5.000000e-11 (A)  X1.X_SpeedXP_auto_Ctrl_Controller.B_SpeedXP_auto_52_OutOfIn
-5.000000e-11 (A)  X1.X_SpeedXP_auto_Ctrl_Controller.B_SpeedXP_auto_62_OutOfIn
-5.000000e-11 (A)  X1.X_SpeedXP_auto_Ctrl_Controller.B_SpeedXP_auto_64_OutOfIn
-5.000000e-11 (A)  X1.X_SpeedXP_auto_Ctrl_Controller.B_SpeedXP_auto_67_OutOfIn
-5.000000e-11 (A)  X1.X_SpeedXP_auto_Ctrl_Controller.B_SpeedXP_auto_69_OutOfIn
-5.000000e-11 (A)  X1.X_SpeedXP_auto_Ctrl_Controller.B_SpeedXP_auto_75_OutOfIn
-5.000000e-11 (A)  X1.X_SpeedXP_auto_Ctrl_Controller.B_SpeedXP_auto_77_OutOfIn
-5.000000e-11 (A)  X1.X_SpeedXP_auto_Ctrl_Controller.B_SpeedXP_auto_80_OutOfIn
-5.000000e-11 (A)  X1.X_SpeedXP_auto_Ctrl_Controller.B_SpeedXP_auto_82_OutOfIn
-5.000000e-11 (A)  X1.X_SpeedXP_auto_Ctrl_Controller.B_SpeedXP_auto_85_OutOfIn
-5.000000e-11 (A)  X1.X_SpeedXP_auto_Ctrl_Controller.B_SpeedXP_auto_87_OutOfIn
-5.000000e-11 (A)  X1.X_SpeedXP_auto_Ctrl_Controller.B_SpeedXP_auto_94_OutOfIn
-5.000000e-11 (A)  X1.X_SpeedXP_auto_Ctrl_Controller.B_SpeedXP_auto_96_OutOfIn
-5.000000e-11 (A)  X1.X_SpeedXP_auto_Ctrl_Controller.B_SpeedXP_auto_99_OutOfIn
-1.000000e-10 (A)  X1.X_SpeedXP_auto_Ctrl_Controller.V_SpeedXP_auto_101_En
-1.000000e-10 (A)  X1.X_SpeedXP_auto_Ctrl_Controller.V_SpeedXP_auto_104_En
-1.000000e-10 (A)  X1.X_SpeedXP_auto_Ctrl_Controller.V_SpeedXP_auto_106_En
-1.000000e-10 (A)  X1.X_SpeedXP_auto_Ctrl_Controller.V_SpeedXP_auto_111_En
-1.000000e-10 (A)  X1.X_SpeedXP_auto_Ctrl_Controller.V_SpeedXP_auto_113_En
-1.000000e-10 (A)  X1.X_SpeedXP_auto_Ctrl_Controller.V_SpeedXP_auto_116_En
-1.000000e-10 (A)  X1.X_SpeedXP_auto_Ctrl_Controller.V_SpeedXP_auto_118_En
-1.000000e-10 (A)  X1.X_SpeedXP_auto_Ctrl_Controller.V_SpeedXP_auto_15_En
-1.000000e-10 (A)  X1.X_SpeedXP_auto_Ctrl_Controller.V_SpeedXP_auto_17_En
-1.000000e-10 (A)  X1.X_SpeedXP_auto_Ctrl_Controller.V_SpeedXP_auto_18_En
-1.000000e-10 (A)  X1.X_SpeedXP_auto_Ctrl_Controller.V_SpeedXP_auto_19_En
-1.000000e-10 (A)  X1.X_SpeedXP_auto_Ctrl_Controller.V_SpeedXP_auto_20_En
-1.000000e-10 (A)  X1.X_SpeedXP_auto_Ctrl_Controller.V_SpeedXP_auto_21_En
-1.000000e-10 (A)  X1.X_SpeedXP_auto_Ctrl_Controller.V_SpeedXP_auto_22_En
-1.000000e-10 (A)  X1.X_SpeedXP_auto_Ctrl_Controller.V_SpeedXP_auto_23_En
-1.000000e-10 (A)  X1.X_SpeedXP_auto_Ctrl_Controller.V_SpeedXP_auto_2_En
-1.000000e-10 (A)  X1.X_SpeedXP_auto_Ctrl_Controller.V_SpeedXP_auto_32_En
-1.000000e-10 (A)  X1.X_SpeedXP_auto_Ctrl_Controller.V_SpeedXP_auto_33_En
-1.000000e-10 (A)  X1.X_SpeedXP_auto_Ctrl_Controller.V_SpeedXP_auto_3_En
-1.000000e-10 (A)  X1.X_SpeedXP_auto_Ctrl_Controller.V_SpeedXP_auto_42_En
-1.000000e-10 (A)  X1.X_SpeedXP_auto_Ctrl_Controller.V_SpeedXP_auto_43_En
-1.000000e-10 (A)  X1.X_SpeedXP_auto_Ctrl_Controller.V_SpeedXP_auto_51_En
-1.000000e-10 (A)  X1.X_SpeedXP_auto_Ctrl_Controller.V_SpeedXP_auto_52_En
-1.000000e-10 (A)  X1.X_SpeedXP_auto_Ctrl_Controller.V_SpeedXP_auto_62_En
-1.000000e-10 (A)  X1.X_SpeedXP_auto_Ctrl_Controller.V_SpeedXP_auto_64_En
-1.000000e-10 (A)  X1.X_SpeedXP_auto_Ctrl_Controller.V_SpeedXP_auto_67_En
-1.000000e-10 (A)  X1.X_SpeedXP_auto_Ctrl_Controller.V_SpeedXP_auto_69_En
-1.000000e-10 (A)  X1.X_SpeedXP_auto_Ctrl_Controller.V_SpeedXP_auto_75_En
-1.000000e-10 (A)  X1.X_SpeedXP_auto_Ctrl_Controller.V_SpeedXP_auto_77_En
-1.000000e-10 (A)  X1.X_SpeedXP_auto_Ctrl_Controller.V_SpeedXP_auto_80_En
-1.000000e-10 (A)  X1.X_SpeedXP_auto_Ctrl_Controller.V_SpeedXP_auto_82_En
-1.000000e-10 (A)  X1.X_SpeedXP_auto_Ctrl_Controller.V_SpeedXP_auto_85_En
-1.000000e-10 (A)  X1.X_SpeedXP_auto_Ctrl_Controller.V_SpeedXP_auto_87_En
-1.000000e-10 (A)  X1.X_SpeedXP_auto_Ctrl_Controller.V_SpeedXP_auto_94_En
-1.000000e-10 (A)  X1.X_SpeedXP_auto_Ctrl_Controller.V_SpeedXP_auto_96_En
-1.000000e-10 (A)  X1.X_SpeedXP_auto_Ctrl_Controller.V_SpeedXP_auto_99_En
-9.341283e-03 (A)  X1.X_SpeedXP_auto_Ctrl_Controller.V_SpeedXP_auto_pwrbus1_15
-9.341283e-03 (A)  X1.X_SpeedXP_auto_Ctrl_Controller.V_SpeedXP_auto_pwrbus1_17
-9.341283e-03 (A)  X1.X_SpeedXP_auto_Ctrl_Controller.V_SpeedXP_auto_pwrbus1_18
-9.341283e-03 (A)  X1.X_SpeedXP_auto_Ctrl_Controller.V_SpeedXP_auto_pwrbus1_19
-2.503164e-02 (A)  X1.X_SpeedXP_auto_Ctrl_Controller.V_SpeedXP_auto_pwrbus1_2
-9.341283e-03 (A)  X1.X_SpeedXP_auto_Ctrl_Controller.V_SpeedXP_auto_pwrbus1_20
-9.341283e-03 (A)  X1.X_SpeedXP_auto_Ctrl_Controller.V_SpeedXP_auto_pwrbus1_21
-9.341283e-03 (A)  X1.X_SpeedXP_auto_Ctrl_Controller.V_SpeedXP_auto_pwrbus1_22
-9.341283e-03 (A)  X1.X_SpeedXP_auto_Ctrl_Controller.V_SpeedXP_auto_pwrbus1_23
-2.461713e-02 (A)  X1.X_SpeedXP_auto_Ctrl_Controller.V_SpeedXP_auto_pwrbus1_3
-2.503164e-02 (A)  X1.X_SpeedXP_auto_Ctrl_Controller.V_SpeedXP_auto_pwrbus1_32
-2.461713e-02 (A)  X1.X_SpeedXP_auto_Ctrl_Controller.V_SpeedXP_auto_pwrbus1_33
-2.503164e-02 (A)  X1.X_SpeedXP_auto_Ctrl_Controller.V_SpeedXP_auto_pwrbus1_42
-2.461713e-02 (A)  X1.X_SpeedXP_auto_Ctrl_Controller.V_SpeedXP_auto_pwrbus1_43
-2.503164e-02 (A)  X1.X_SpeedXP_auto_Ctrl_Controller.V_SpeedXP_auto_pwrbus1_51
-2.461713e-02 (A)  X1.X_SpeedXP_auto_Ctrl_Controller.V_SpeedXP_auto_pwrbus1_52
-9.341283e-03 (A)  X1.X_SpeedXP_auto_Ctrl_Controller.V_SpeedXP_auto_pwrbus2_101
-2.461713e-02 (A)  X1.X_SpeedXP_auto_Ctrl_Controller.V_SpeedXP_auto_pwrbus2_104
-2.503164e-02 (A)  X1.X_SpeedXP_auto_Ctrl_Controller.V_SpeedXP_auto_pwrbus2_106
-9.341283e-03 (A)  X1.X_SpeedXP_auto_Ctrl_Controller.V_SpeedXP_auto_pwrbus2_111
-9.341283e-03 (A)  X1.X_SpeedXP_auto_Ctrl_Controller.V_SpeedXP_auto_pwrbus2_113
-9.341283e-03 (A)  X1.X_SpeedXP_auto_Ctrl_Controller.V_SpeedXP_auto_pwrbus2_116
-9.341283e-03 (A)  X1.X_SpeedXP_auto_Ctrl_Controller.V_SpeedXP_auto_pwrbus2_118
-9.341283e-03 (A)  X1.X_SpeedXP_auto_Ctrl_Controller.V_SpeedXP_auto_pwrbus2_62
-9.341283e-03 (A)  X1.X_SpeedXP_auto_Ctrl_Controller.V_SpeedXP_auto_pwrbus2_64
-9.341283e-03 (A)  X1.X_SpeedXP_auto_Ctrl_Controller.V_SpeedXP_auto_pwrbus2_67
-9.341283e-03 (A)  X1.X_SpeedXP_auto_Ctrl_Controller.V_SpeedXP_auto_pwrbus2_69
-2.503164e-02 (A)  X1.X_SpeedXP_auto_Ctrl_Controller.V_SpeedXP_auto_pwrbus2_75
-2.461713e-02 (A)  X1.X_SpeedXP_auto_Ctrl_Controller.V_SpeedXP_auto_pwrbus2_77
-9.341283e-03 (A)  X1.X_SpeedXP_auto_Ctrl_Controller.V_SpeedXP_auto_pwrbus2_80
-9.341283e-03 (A)  X1.X_SpeedXP_auto_Ctrl_Controller.V_SpeedXP_auto_pwrbus2_82
-9.341283e-03 (A)  X1.X_SpeedXP_auto_Ctrl_Controller.V_SpeedXP_auto_pwrbus2_85
-9.341283e-03 (A)  X1.X_SpeedXP_auto_Ctrl_Controller.V_SpeedXP_auto_pwrbus2_87
-9.341283e-03 (A)  X1.X_SpeedXP_auto_Ctrl_Controller.V_SpeedXP_auto_pwrbus2_94
-9.341283e-03 (A)  X1.X_SpeedXP_auto_Ctrl_Controller.V_SpeedXP_auto_pwrbus2_96
-9.341283e-03 (A)  X1.X_SpeedXP_auto_Ctrl_Controller.V_SpeedXP_auto_pwrbus2_99
0.000000e+00 (A)  X1.X_SpeedXP_auto_Ctrl_Controller.X_SpeedXP_auto_101_St.v1
0.000000e+00 (A)  X1.X_SpeedXP_auto_Ctrl_Controller.X_SpeedXP_auto_104_St.v1
-1.000000e-10 (A)  X1.X_SpeedXP_auto_Ctrl_Controller.X_SpeedXP_auto_106_St.v1
0.000000e+00 (A)  X1.X_SpeedXP_auto_Ctrl_Controller.X_SpeedXP_auto_111_St.v1
0.000000e+00 (A)  X1.X_SpeedXP_auto_Ctrl_Controller.X_SpeedXP_auto_113_St.v1
0.000000e+00 (A)  X1.X_SpeedXP_auto_Ctrl_Controller.X_SpeedXP_auto_116_St.v1
0.000000e+00 (A)  X1.X_SpeedXP_auto_Ctrl_Controller.X_SpeedXP_auto_118_St.v1
0.000000e+00 (A)  X1.X_SpeedXP_auto_Ctrl_Controller.X_SpeedXP_auto_15_St.v1
0.000000e+00 (A)  X1.X_SpeedXP_auto_Ctrl_Controller.X_SpeedXP_auto_17_St.v1
0.000000e+00 (A)  X1.X_SpeedXP_auto_Ctrl_Controller.X_SpeedXP_auto_18_St.v1
0.000000e+00 (A)  X1.X_SpeedXP_auto_Ctrl_Controller.X_SpeedXP_auto_19_St.v1
0.000000e+00 (A)  X1.X_SpeedXP_auto_Ctrl_Controller.X_SpeedXP_auto_20_St.v1
0.000000e+00 (A)  X1.X_SpeedXP_auto_Ctrl_Controller.X_SpeedXP_auto_21_St.v1
0.000000e+00 (A)  X1.X_SpeedXP_auto_Ctrl_Controller.X_SpeedXP_auto_22_St.v1
0.000000e+00 (A)  X1.X_SpeedXP_auto_Ctrl_Controller.X_SpeedXP_auto_23_St.v1
-1.000000e-10 (A)  X1.X_SpeedXP_auto_Ctrl_Controller.X_SpeedXP_auto_2_St.v1
-1.000000e-10 (A)  X1.X_SpeedXP_auto_Ctrl_Controller.X_SpeedXP_auto_32_St.v1
0.000000e+00 (A)  X1.X_SpeedXP_auto_Ctrl_Controller.X_SpeedXP_auto_33_St.v1
0.000000e+00 (A)  X1.X_SpeedXP_auto_Ctrl_Controller.X_SpeedXP_auto_3_St.v1
-1.000000e-10 (A)  X1.X_SpeedXP_auto_Ctrl_Controller.X_SpeedXP_auto_42_St.v1
0.000000e+00 (A)  X1.X_SpeedXP_auto_Ctrl_Controller.X_SpeedXP_auto_43_St.v1
-1.000000e-10 (A)  X1.X_SpeedXP_auto_Ctrl_Controller.X_SpeedXP_auto_51_St.v1
0.000000e+00 (A)  X1.X_SpeedXP_auto_Ctrl_Controller.X_SpeedXP_auto_52_St.v1
0.000000e+00 (A)  X1.X_SpeedXP_auto_Ctrl_Controller.X_SpeedXP_auto_62_St.v1
0.000000e+00 (A)  X1.X_SpeedXP_auto_Ctrl_Controller.X_SpeedXP_auto_64_St.v1
0.000000e+00 (A)  X1.X_SpeedXP_auto_Ctrl_Controller.X_SpeedXP_auto_67_St.v1
0.000000e+00 (A)  X1.X_SpeedXP_auto_Ctrl_Controller.X_SpeedXP_auto_69_St.v1
-1.000000e-10 (A)  X1.X_SpeedXP_auto_Ctrl_Controller.X_SpeedXP_auto_75_St.v1
0.000000e+00 (A)  X1.X_SpeedXP_auto_Ctrl_Controller.X_SpeedXP_auto_77_St.v1
0.000000e+00 (A)  X1.X_SpeedXP_auto_Ctrl_Controller.X_SpeedXP_auto_80_St.v1
0.000000e+00 (A)  X1.X_SpeedXP_auto_Ctrl_Controller.X_SpeedXP_auto_82_St.v1
0.000000e+00 (A)  X1.X_SpeedXP_auto_Ctrl_Controller.X_SpeedXP_auto_85_St.v1
0.000000e+00 (A)  X1.X_SpeedXP_auto_Ctrl_Controller.X_SpeedXP_auto_87_St.v1
0.000000e+00 (A)  X1.X_SpeedXP_auto_Ctrl_Controller.X_SpeedXP_auto_94_St.v1
0.000000e+00 (A)  X1.X_SpeedXP_auto_Ctrl_Controller.X_SpeedXP_auto_96_St.v1
0.000000e+00 (A)  X1.X_SpeedXP_auto_Ctrl_Controller.X_SpeedXP_auto_99_St.v1
-9.670358e-03 (A)  X2.v_101
-9.670358e-03 (A)  X2.v_104
9.357411e-03 (A)  X2.v_106
-9.670358e-03 (A)  X2.v_111
-9.670358e-03 (A)  X2.v_113
-9.670358e-03 (A)  X2.v_116
-9.670358e-03 (A)  X2.v_118
-9.670358e-03 (A)  X2.v_15
-9.670358e-03 (A)  X2.v_17
-9.670358e-03 (A)  X2.v_18
-9.670358e-03 (A)  X2.v_19
9.357411e-03 (A)  X2.v_2
-9.670358e-03 (A)  X2.v_20
-9.670358e-03 (A)  X2.v_21
-9.670358e-03 (A)  X2.v_22
-9.670358e-03 (A)  X2.v_23
-9.670358e-03 (A)  X2.v_3
9.357411e-03 (A)  X2.v_32
-9.670358e-03 (A)  X2.v_33
9.357411e-03 (A)  X2.v_42
-9.670358e-03 (A)  X2.v_43
9.357411e-03 (A)  X2.v_51
-9.670358e-03 (A)  X2.v_52
-9.670358e-03 (A)  X2.v_62
-9.670358e-03 (A)  X2.v_64
-9.670358e-03 (A)  X2.v_67
-9.670358e-03 (A)  X2.v_69
9.357411e-03 (A)  X2.v_75
-9.670358e-03 (A)  X2.v_77
-9.670358e-03 (A)  X2.v_80
-9.670358e-03 (A)  X2.v_82
-9.670358e-03 (A)  X2.v_85
-9.670358e-03 (A)  X2.v_87
-9.670358e-03 (A)  X2.v_94
-9.670358e-03 (A)  X2.v_96
-9.670358e-03 (A)  X2.v_99
