(---------------------------------------------------------------------)
(                                                                     )
(    QUICKPLACE LOG                                                   )
(                                                                     )
(    Drawing          : ultima_new.brd                                )
(    Software Version : 23.1S005                                      )
(    Date/Time        : Sat Aug 24 16:31:12 2024                      )
(                                                                     )
(---------------------------------------------------------------------)


State: Placing on layer TOP

WARNING: Could not place:  IC2 / XC7K325T-2FFG900I_BGA900C100P30X30_3100X3100X335_XC7K325T-2FFG900I / BGA900C100P30X30_3100X3100X335; outside of drawing extents
         Placed symbol:  J4 / ASP-134486-01_ASP13448601_ASP-134486-01 / ASP13448601 at (64.328 412.153)
WARNING: Could not place:  J3 / 2-2013310-2_220133102_DDR3_SODIMM / 220133102; outside of drawing extents
         Placed symbol:  J5 / ASP-134603-01_ASP13460301_ASP-134603-01 / ASP13460301 at (123.841 415.578)
         Placed symbol:  J7 / 87715-9202_877159202_87715-9202 / 877159202 at (132.889 417.603)
ERROR:   Could not find symbol:  IC5 / SI5324C-C-GM_QFN50P600X600X95-37N-D_SI5324C-C-GM / QFN50P600X600X95-37N-D
WARNING: Could not place:  J10 / 74754-0101_747540101_74754-0101 / 747540101; outside of drawing extents
         Placed symbol:  U3 / SN74LV541APWR_SOP65P640X120-20N_SN74LV541APWR / SOP65P640X120-20N at (192.758 413.805)
         Placed symbol:  J2 / 87832-1420_87832-1420_87832-1420 / 87832-1420 at (200.102 411.578)
ERROR:   Could not find symbol:  IC9 / TPS51200DRCT_SON50P300X300X100-11N-D_TPS51200DRCT / SON50P300X300X100-11N-D
         Placed symbol:  U4 / SN74AVC2T245RSWR_0_RSW_RPUQFNN10__SN74AVC2T245RSWR / RSW_RPUQFNN10_ at (217.408 411.628)
         Placed symbol:  U1 / 08-0625-70_HDRV8W51P0X254_1X8_2032X254X816P_DIGILENT_USB_JTAG / HDRV8W51P0X254_1X8_2032X254X816P at (220.818 411.748)
         Placed symbol:  CP8 / W2A4YC104KAT2A_W2A4YC104KAT2A_W2A4YC104KAT2A / W2A4YC104KAT2A at (242.396 412.143)
         Placed symbol:  IC7 / LMZ12002TZE-ADJ_NOPB_0_NDW0007A_LMZ12002TZE-ADJ_NOPB / NDW0007A at (250.615 411.733)
         Placed symbol:  IC4 / SI52112-B5-GT_SOP65P640X120-8N_10MHZ-810MHZ / SOP65P640X120-8N at (259.903 412.003)
         Placed symbol:  IC3 / SI52112-B5-GT_SOP65P640X120-8N_SI52112-B5-GT / SOP65P640X120-8N at (267.956 412.003)
         Placed symbol:  CP7 / W2A4YC104KAT2A_W2A4YC104KAT2A_W2A4YC104KAT2A / W2A4YC104KAT2A at (274.134 412.143)
         Placed symbol:  CP9 / W2A4YC104KAT2A_W2A4YC104KAT2A_W2A4YC104KAT2A / W2A4YC104KAT2A at (278.437 412.143)
         Placed symbol:  CP5 / W2A4YC104KAT2A_W2A4YC104KAT2A_W2A4YC104KAT2A / W2A4YC104KAT2A at (282.740 412.143)
         Placed symbol:  CP4 / W2A4YC104KAT2A_W2A4YC104KAT2A_W2A4YC104KAT2A / W2A4YC104KAT2A at (287.043 412.143)
         Placed symbol:  CP6 / W2A4YC104KAT2A_W2A4YC104KAT2A_W2A4YC104KAT2A / W2A4YC104KAT2A at (291.346 412.143)
         Placed symbol:  CP3 / W2A4YC104KAT2A_W2A4YC104KAT2A_W2A4YC104KAT2A / W2A4YC104KAT2A at (295.649 412.143)
         Placed symbol:  CP2 / W2A4YC104KAT2A_W2A4YC104KAT2A_W2A4YC104KAT2A / W2A4YC104KAT2A at (299.952 412.143)
         Placed symbol:  CP1 / W2A4YC104KAT2A_W2A4YC104KAT2A_W2A4YC104KAT2A / W2A4YC104KAT2A at (304.255 412.143)
ERROR:   Could not find symbol:  IC8 / ADP123ACPZ-R7_SON65P200X200X65-7N-D_ADP123ACPZ-R7 / SON65P200X200X65-7N-D
         Placed symbol:  IC6 / TL1963ADCQR_SOT127P706X180-6N_TL1963ADCQR / SOT127P706X180-6N at (310.783 413.753)
         Placed symbol:  Y33 / AX3HAF1-114_0.0000T_AX3_3_2X2_5_AX3HAF1-114.0000T / AX3_3_2X2_5 at (317.911 413.353)
         Placed symbol:  Y2 / SIT9102AI-243N25E200.00000X_SIT9102AI243N25E20000000X_SIT9102AI-243N25E200.00000X / SIT9102AI243N25E20000000X at (325.264 414.803)
         Placed symbol:  J6 / HTSW-103-07-T-D_HDRV6W64P254_2X3_762X502X838P_HTSW-103-07-T-D / HDRV6W64P254_2X3_762X502X838P at (331.512 411.718)
         Placed symbol:  U5 / SN74AVC1T45DBVR_SOT95P280X145-6N_SN74AVC1T45DBVR / SOT95P280X145-6N at (340.465 412.003)
         Placed symbol:  IC1 / SN74AVC1T45DBVR_SOT95P280X145-6N_SN74AVC1T45DBVR / SOT95P280X145-6N at (344.918 412.003)
         Placed symbol:  U7 / SN74LVC1G66DBVR_SOT95P280X145-5N_SN74LVC1G66DBVR / SOT95P280X145-5N at (349.371 412.003)
         Placed symbol:  U6 / SN74LVC1G66DBVR_SOT95P280X145-5N_SN74LVC1G66DBVR / SOT95P280X145-5N at (353.824 412.003)
         Placed symbol:  Y1 / ASE-25.000MHZ-LC-T_ASE24576MHZLCT_ASE-25.000MHZ-LC-T / ASE24576MHZLCT at (358.852 412.853)
         Placed symbol:  U2 / ASFLMB-66.000MHZ-XY-T_ABRACONASFLM4PIN_ASFLMB-66.000MHZ-XY-T / ABRACONASFLM4PIN at (365.255 412.903)
         Placed symbol:  J15 / 69167-103_SHDR3W64P0X254_1X3_762X516X980P_69167-103 / SHDR3W64P0X254_1X3_762X516X980P at (370.478 413.033)
         Placed symbol:  D1 / BAS4004E6327HTSA1_SOT95P240X110-3N_BAS4004E6327HTSA1 / SOT95P240X110-3N at (379.293 411.953)
         Placed symbol:  Q2 / NDS331N_SOT95P251X112-3N_NDS331N / SOT95P251X112-3N at (383.458 411.973)
         Placed symbol:  Q1 / NDS331N_SOT95P251X112-3N_NDS331N / SOT95P251X112-3N at (387.561 411.973)
         Placed symbol:  J8 / 69167-103_SHDR3W64P0X254_1X3_762X516X980P_69167-103 / SHDR3W64P0X254_1X3_762X516X980P at (391.234 413.033)
         Placed symbol:  J14 / 69167-103_SHDR3W64P0X254_1X3_762X516X980P_69167-103 / SHDR3W64P0X254_1X3_762X516X980P at (399.557 413.033)
         Placed symbol:  C99 / C1206C223F8HACAUTO_C1206_DISCRETE_0.022U / C1206 at (409.235 412.003)
         Placed symbol:  C98 / C1206C223F8HACAUTO_C1206_DISCRETE_0.022U / C1206 at (415.188 412.003)
         Placed symbol:  C113 / JMK325BJ107MM-T_CAPC3225X270N_DISCRETE_0.1U / CAPC3225X270N at (420.378 411.713)
         Placed symbol:  C117 / JMK325BJ107MM-T_CAPC3225X270N_DISCRETE_0.1U / CAPC3225X270N at (424.805 411.713)
         Placed symbol:  C124 / JMK325BJ107MM-T_CAPC3225X270N_DISCRETE_0.1U / CAPC3225X270N at (429.232 411.713)
         Placed symbol:  C118 / JMK325BJ107MM-T_CAPC3225X270N_DISCRETE_0.1U / CAPC3225X270N at (433.659 411.713)
         Placed symbol:  C129 / JMK325BJ107MM-T_CAPC3225X270N_DISCRETE_0.1U / CAPC3225X270N at (438.086 411.713)
         Placed symbol:  C120 / JMK325BJ107MM-T_CAPC3225X270N_DISCRETE_0.1U / CAPC3225X270N at (442.513 411.713)
         Placed symbol:  C137 / JMK325BJ107MM-T_CAPC3225X270N_DISCRETE_0.1U / CAPC3225X270N at (446.940 411.713)
         Placed symbol:  C139 / JMK325BJ107MM-T_CAPC3225X270N_DISCRETE_0.1U / CAPC3225X270N at (451.367 411.713)
         Placed symbol:  C127 / JMK325BJ107MM-T_CAPC3225X270N_DISCRETE_0.1U / CAPC3225X270N at (455.794 411.713)
         Placed symbol:  C44 / JMK325BJ107MM-T_CAPC3225X270N_DISCRETE_0.1U / CAPC3225X270N at (460.221 411.713)
         Placed symbol:  C68 / JMK325BJ107MM-T_CAPC3225X270N_DISCRETE_0.1U / CAPC3225X270N at (464.648 411.713)
         Placed symbol:  C97 / C1206C223F8HACAUTO_C1206_DISCRETE_0.022U / C1206 at (469.838 412.003)
         Placed symbol:  C71 / JMK325BJ107MM-T_CAPC3225X270N_DISCRETE_0.1U / CAPC3225X270N at (475.028 411.713)
         Placed symbol:  C133 / JMK325BJ107MM-T_CAPC3225X270N_DISCRETE_0.1U / CAPC3225X270N at (479.455 411.713)
         Placed symbol:  C72 / JMK325BJ107MM-T_CAPC3225X270N_DISCRETE_0.1U / CAPC3225X270N at (483.882 411.713)
         Placed symbol:  C73 / JMK325BJ107MM-T_CAPC3225X270N_DISCRETE_0.1U / CAPC3225X270N at (488.309 411.713)
         Placed symbol:  C74 / JMK325BJ107MM-T_CAPC3225X270N_DISCRETE_0.1U / CAPC3225X270N at (492.736 411.713)
         Placed symbol:  C43 / JMK325BJ107MM-T_CAPC3225X270N_DISCRETE_0.1U / CAPC3225X270N at (497.163 411.713)
         Placed symbol:  C80 / JMK325BJ107MM-T_CAPC3225X270N_DISCRETE_0.1U / CAPC3225X270N at (501.590 411.713)
         Placed symbol:  C82 / JMK325BJ107MM-T_CAPC3225X270N_DISCRETE_0.1U / CAPC3225X270N at (506.017 411.713)
         Placed symbol:  C83 / JMK325BJ107MM-T_CAPC3225X270N_DISCRETE_0.1U / CAPC3225X270N at (12.315 428.131)
         Placed symbol:  C84 / JMK325BJ107MM-T_CAPC3225X270N_DISCRETE_0.1U / CAPC3225X270N at (16.742 428.131)
         Placed symbol:  C69 / JMK325BJ107MM-T_CAPC3225X270N_DISCRETE_0.1U / CAPC3225X270N at (21.169 428.131)
         Placed symbol:  C95 / JMK325BJ107MM-T_CAPC3225X270N_DISCRETE_0.1U / CAPC3225X270N at (25.596 428.131)
         Placed symbol:  C114 / JMK325BJ107MM-T_CAPC3225X270N_DISCRETE_22U / CAPC3225X270N at (30.023 428.131)
         Placed symbol:  C115 / JMK325BJ107MM-T_CAPC3225X270N_DISCRETE_22U / CAPC3225X270N at (34.450 428.131)
         Placed symbol:  C116 / JMK325BJ107MM-T_CAPC3225X270N_DISCRETE_22U / CAPC3225X270N at (38.877 428.131)
         Placed symbol:  C119 / JMK325BJ107MM-T_CAPC3225X270N_DISCRETE_10U / CAPC3225X270N at (43.304 428.131)
         Placed symbol:  C132 / JMK325BJ107MM-T_CAPC3225X270N_DISCRETE_10U / CAPC3225X270N at (47.731 428.131)
         Placed symbol:  C70 / JMK325BJ107MM-T_CAPC3225X270N_DISCRETE_0.1U / CAPC3225X270N at (52.158 428.131)
         Placed symbol:  C81 / JMK325BJ107MM-T_CAPC3225X270N_DISCRETE_10U / CAPC3225X270N at (56.585 428.131)
         Placed symbol:  C96 / C1206C223F8HACAUTO_C1206_DISCRETE_0.022U / C1206 at (61.775 428.421)
         Placed symbol:  C78 / JMK325BJ107MM-T_CAPC3225X270N_DISCRETE_0.1U / CAPC3225X270N at (66.965 428.131)
         Placed symbol:  C122 / TR3E337K010C0060_CAPPM7343X430N_DISCRETE_330U / CAPPM7343X430N at (73.830 429.196)
         Placed symbol:  C2 / TR3E337K010C0060_CAPPM7343X430N_DISCRETE_330U / CAPPM7343X430N at (83.133 429.196)
         Placed symbol:  C3 / TR3E337K010C0060_CAPPM7343X430N_DISCRETE_330U / CAPPM7343X430N at (92.436 429.196)
         Placed symbol:  C4 / TR3E337K010C0060_CAPPM7343X430N_DISCRETE_330U / CAPPM7343X430N at (101.739 429.196)
         Placed symbol:  C46 / TR3E337K010C0060_CAPPM7343X430N_DISCRETE_330U / CAPPM7343X430N at (111.042 429.196)
         Placed symbol:  C47 / TR3E337K010C0060_CAPPM7343X430N_DISCRETE_330U / CAPPM7343X430N at (120.345 429.196)
         Placed symbol:  C77 / TR3E337K010C0060_CAPPM7343X430N_DISCRETE_330U / CAPPM7343X430N at (129.648 429.196)
         Placed symbol:  C121 / C1206C223F8HACAUTO_C1206_DISCRETE_0.1U / C1206 at (137.276 428.421)
         Placed symbol:  C94 / JMK325BJ107MM-T_CAPC3225X270N_DISCRETE_0.1U / CAPC3225X270N at (142.466 428.131)
         Placed symbol:  C123 / JMK325BJ107MM-T_CAPC3225X270N_DISCRETE_1U / CAPC3225X270N at (146.893 428.131)
         Placed symbol:  C86 / JMK325BJ107MM-T_CAPC3225X270N_DISCRETE_1U / CAPC3225X270N at (151.320 428.131)
         Placed symbol:  C87 / JMK325BJ107MM-T_CAPC3225X270N_DISCRETE_1U / CAPC3225X270N at (155.747 428.131)
         Placed symbol:  C88 / JMK325BJ107MM-T_CAPC3225X270N_DISCRETE_1U / CAPC3225X270N at (160.174 428.131)
         Placed symbol:  C90 / JMK325BJ107MM-T_CAPC3225X270N_DISCRETE_1U / CAPC3225X270N at (164.601 428.131)
         Placed symbol:  C91 / JMK325BJ107MM-T_CAPC3225X270N_DISCRETE_1U / CAPC3225X270N at (169.028 428.131)
         Placed symbol:  C92 / JMK325BJ107MM-T_CAPC3225X270N_DISCRETE_1U / CAPC3225X270N at (173.455 428.131)
         Placed symbol:  C128 / C1206C223F8HACAUTO_C1206_DISCRETE_18P / C1206 at (178.645 428.421)
         Placed symbol:  C134 / C1206C223F8HACAUTO_C1206_DISCRETE_18P / C1206 at (184.598 428.421)
         Placed symbol:  C75 / JMK325BJ107MM-T_CAPC3225X270N_DISCRETE_10U / CAPC3225X270N at (189.788 428.131)
         Placed symbol:  C14 / JMK105BBJ475MV8F_CAPC1005X55N_DISCRETE_4.7U / CAPC1005X55N at (193.325 427.298)
         Placed symbol:  C15 / JMK105BBJ475MV8F_CAPC1005X55N_DISCRETE_4.7U / CAPC1005X55N at (195.972 427.298)
         Placed symbol:  C16 / JMK105BBJ475MV8F_CAPC1005X55N_DISCRETE_4.7U / CAPC1005X55N at (198.619 427.298)
         Placed symbol:  C17 / JMK105BBJ475MV8F_CAPC1005X55N_DISCRETE_4.7U / CAPC1005X55N at (201.266 427.298)
         Placed symbol:  C18 / JMK105BBJ475MV8F_CAPC1005X55N_DISCRETE_4.7U / CAPC1005X55N at (203.913 427.298)
         Placed symbol:  C39 / JMK105BBJ475MV8F_CAPC1005X55N_DISCRETE_4.7U / CAPC1005X55N at (206.560 427.298)
         Placed symbol:  C40 / JMK105BBJ475MV8F_CAPC1005X55N_DISCRETE_4.7U / CAPC1005X55N at (209.207 427.298)
         Placed symbol:  C42 / JMK105BBJ475MV8F_CAPC1005X55N_DISCRETE_4.7U / CAPC1005X55N at (211.854 427.298)
         Placed symbol:  C53 / JMK105BBJ475MV8F_CAPC1005X55N_DISCRETE_4.7U / CAPC1005X55N at (214.501 427.298)
         Placed symbol:  C54 / JMK105BBJ475MV8F_CAPC1005X55N_DISCRETE_4.7U / CAPC1005X55N at (217.148 427.298)
         Placed symbol:  C55 / JMK105BBJ475MV8F_CAPC1005X55N_DISCRETE_4.7U / CAPC1005X55N at (219.795 427.298)
         Placed symbol:  C59 / JMK105BBJ475MV8F_CAPC1005X55N_DISCRETE_4.7U / CAPC1005X55N at (222.442 427.298)
         Placed symbol:  C67 / JMK105BBJ475MV8F_CAPC1005X55N_DISCRETE_4.7U / CAPC1005X55N at (225.089 427.298)
         Placed symbol:  C12 / TR3E337K010C0060_CAPPM7343X430N_DISCRETE_330U / CAPPM7343X430N at (231.064 429.196)
         Placed symbol:  C85 / JMK325BJ107MM-T_CAPC3225X270N_DISCRETE_10U / CAPC3225X270N at (237.929 428.131)
         Placed symbol:  C76 / JMK325BJ107MM-T_CAPC3225X270N_DISCRETE_0.01U / CAPC3225X270N at (242.356 428.131)
         Placed symbol:  C135 / C1206C223F8HACAUTO_C1206_DISCRETE_0.01U / C1206 at (247.546 428.421)
         Placed symbol:  C136 / C1206C223F8HACAUTO_C1206_DISCRETE_0.01U / C1206 at (253.499 428.421)
         Placed symbol:  C131 / JMK325BJ107MM-T_CAPC3225X270N_DISCRETE_0.01U / CAPC3225X270N at (258.689 428.131)
         Placed symbol:  C125 / C1206C223F8HACAUTO_C1206_DISCRETE_0.1U / C1206 at (263.879 428.421)
         Placed symbol:  C20 / JMK325BJ107MM-T_CAPC3225X270N_DISCRETE_100U / CAPC3225X270N at (269.069 428.131)
         Placed symbol:  C48 / JMK325BJ107MM-T_CAPC3225X270N_DISCRETE_100U / CAPC3225X270N at (273.496 428.131)
         Placed symbol:  C49 / JMK325BJ107MM-T_CAPC3225X270N_DISCRETE_100U / CAPC3225X270N at (277.923 428.131)
         Placed symbol:  C5 / JMK325BJ107MM-T_CAPC3225X270N_DISCRETE_100U / CAPC3225X270N at (282.350 428.131)
         Placed symbol:  C56 / JMK325BJ107MM-T_CAPC3225X270N_DISCRETE_100U / CAPC3225X270N at (286.777 428.131)
         Placed symbol:  C111 / C1206C223F8HACAUTO_C1206_DISCRETE_0.022U / C1206 at (291.967 428.421)
         Placed symbol:  C7 / JMK325BJ107MM-T_CAPC3225X270N_DISCRETE_100U / CAPC3225X270N at (297.157 428.131)
         Placed symbol:  C8 / JMK325BJ107MM-T_CAPC3225X270N_DISCRETE_100U / CAPC3225X270N at (301.584 428.131)
         Placed symbol:  C9 / JMK325BJ107MM-T_CAPC3225X270N_DISCRETE_100U / CAPC3225X270N at (306.011 428.131)
         Placed symbol:  C21 / JMK105BBJ475MV8F_CAPC1005X55N_DISCRETE_47U / CAPC1005X55N at (309.548 427.298)
         Placed symbol:  C22 / JMK105BBJ475MV8F_CAPC1005X55N_DISCRETE_47U / CAPC1005X55N at (312.195 427.298)
         Placed symbol:  C30 / JMK105BBJ475MV8F_CAPC1005X55N_DISCRETE_47U / CAPC1005X55N at (314.842 427.298)
         Placed symbol:  C57 / JMK105BBJ475MV8F_CAPC1005X55N_DISCRETE_47U / CAPC1005X55N at (317.489 427.298)
         Placed symbol:  C63 / JMK105BBJ475MV8F_CAPC1005X55N_DISCRETE_47U / CAPC1005X55N at (320.136 427.298)
         Placed symbol:  C24 / JMK105BBJ475MV8F_CAPC1005X55N_DISCRETE_1U / CAPC1005X55N at (322.783 427.298)
         Placed symbol:  C38 / JMK105BBJ475MV8F_CAPC1005X55N_DISCRETE_1U / CAPC1005X55N at (325.430 427.298)
         Placed symbol:  C41 / JMK105BBJ475MV8F_CAPC1005X55N_DISCRETE_1U / CAPC1005X55N at (328.077 427.298)
         Placed symbol:  C65 / JMK105BBJ475MV8F_CAPC1005X55N_DISCRETE_1U / CAPC1005X55N at (330.724 427.298)
         Placed symbol:  C13 / JMK105BBJ475MV8F_CAPC1005X55N_DISCRETE_4.7U / CAPC1005X55N at (333.371 427.298)
         Placed symbol:  C31 / JMK105BBJ475MV8F_CAPC1005X55N_DISCRETE_0.47U / CAPC1005X55N at (336.018 427.298)
         Placed symbol:  C32 / JMK105BBJ475MV8F_CAPC1005X55N_DISCRETE_0.47U / CAPC1005X55N at (338.665 427.298)
         Placed symbol:  C130 / JMK325BJ107MM-T_CAPC3225X270N_DISCRETE_0.01U / CAPC3225X270N at (342.202 428.131)
         Placed symbol:  C34 / JMK105BBJ475MV8F_CAPC1005X55N_DISCRETE_0.47U / CAPC1005X55N at (345.739 427.298)
         Placed symbol:  C35 / JMK105BBJ475MV8F_CAPC1005X55N_DISCRETE_0.47U / CAPC1005X55N at (348.386 427.298)
         Placed symbol:  C36 / JMK105BBJ475MV8F_CAPC1005X55N_DISCRETE_0.47U / CAPC1005X55N at (351.033 427.298)
         Placed symbol:  C37 / JMK105BBJ475MV8F_CAPC1005X55N_DISCRETE_0.47U / CAPC1005X55N at (353.680 427.298)
         Placed symbol:  C64 / JMK105BBJ475MV8F_CAPC1005X55N_DISCRETE_0.47U / CAPC1005X55N at (356.327 427.298)
         Placed symbol:  C89 / 06034C104KAT2A_CAPC1608X90N_DISCRETE_0.01U / CAPC1608X90N at (359.214 427.298)
         Placed symbol:  C93 / 06034C104KAT2A_CAPC1608X90N_DISCRETE_0.01U / CAPC1608X90N at (362.341 427.298)
         Placed symbol:  C110 / C1206C223F8HACAUTO_C1206_DISCRETE_0.022U / C1206 at (366.881 428.421)
         Placed symbol:  C109 / C1206C223F8HACAUTO_C1206_DISCRETE_0.022U / C1206 at (372.834 428.421)
         Placed symbol:  C108 / C1206C223F8HACAUTO_C1206_DISCRETE_0.022U / C1206 at (378.787 428.421)
         Placed symbol:  C107 / C1206C223F8HACAUTO_C1206_DISCRETE_0.022U / C1206 at (384.740 428.421)
         Placed symbol:  C106 / C1206C223F8HACAUTO_C1206_DISCRETE_0.022U / C1206 at (390.693 428.421)
         Placed symbol:  C105 / C1206C223F8HACAUTO_C1206_DISCRETE_0.022U / C1206 at (396.646 428.421)
         Placed symbol:  C104 / C1206C223F8HACAUTO_C1206_DISCRETE_0.022U / C1206 at (402.599 428.421)
         Placed symbol:  C103 / C1206C223F8HACAUTO_C1206_DISCRETE_0.022U / C1206 at (408.552 428.421)
         Placed symbol:  C102 / C1206C223F8HACAUTO_C1206_DISCRETE_0.022U / C1206 at (414.505 428.421)
         Placed symbol:  C61 / C1206C223F8HACAUTO_C1206_DISCRETE_0.022U / C1206 at (420.458 428.421)
         Placed symbol:  DS1 / SM0603GCL_LEDC1608X60N_SM0603GCL / LEDC1608X60N at (425.261 427.571)
         Placed symbol:  LED2 / SM0603GCL_LEDC1608X60N_SM0603GCL / LEDC1608X60N at (428.914 427.571)
         Placed symbol:  FB1 / BLM15EG221SZ1D_NFZ15SG152SN10B_BLM15EG221SZ1D / NFZ15SG152SN10B at (432.042 427.346)
         Placed symbol:  FB2 / BLM15EG221SZ1D_NFZ15SG152SN10B_BLM15EG221SZ1D / NFZ15SG152SN10B at (434.645 427.346)
         Placed symbol:  FB3 / BLM15EG221SZ1D_NFZ15SG152SN10B_BLM15EG221SZ1D / NFZ15SG152SN10B at (437.248 427.346)
         Placed symbol:  C29 / C1206C223F8HACAUTO_C1206_DISCRETE_0.022U / C1206 at (441.526 428.421)
         Placed symbol:  C28 / C1206C223F8HACAUTO_C1206_DISCRETE_0.022U / C1206 at (447.479 428.421)
         Placed symbol:  C101 / C1206C223F8HACAUTO_C1206_DISCRETE_0.022U / C1206 at (453.432 428.421)
         Placed symbol:  C100 / C1206C223F8HACAUTO_C1206_DISCRETE_0.022U / C1206 at (459.385 428.421)
         Placed symbol:  C79 / 06034C104KAT2A_CAPC1608X90N_DISCRETE_0.1U / CAPC1608X90N at (463.925 427.298)
         Placed symbol:  C52 / 06034C104KAT2A_CAPC1608X90N_DISCRETE_0.1U / CAPC1608X90N at (467.052 427.298)
WARNING: Could not place:  J1 / S8421-45R_S8421-45R_1_S8421-45R / S8421-45R_1; outside of drawing extents
         Placed symbol:  C51 / 06034C104KAT2A_CAPC1608X90N_DISCRETE_0.1U / CAPC1608X90N at (470.179 427.298)
WARNING: Could not place:  J11 / 149-0801-801_1490801801_149-0801-801 / 1490801801; outside of drawing extents
WARNING: Could not place:  J12 / 149-0801-801_1490801801_149-0801-801 / 1490801801; outside of drawing extents
WARNING: Could not place:  J16 / 149-0801-801_1490801801_149-0801-801 / 1490801801; outside of drawing extents
WARNING: Could not place:  J17 / 149-0801-801_1490801801_149-0801-801 / 1490801801; outside of drawing extents
WARNING: Could not place:  J18 / 149-0801-801_1490801801_149-0801-801 / 1490801801; outside of drawing extents
WARNING: Could not place:  J19 / 149-0801-801_1490801801_149-0801-801 / 1490801801; outside of drawing extents
WARNING: Could not place:  J20 / 149-0801-801_1490801801_149-0801-801 / 1490801801; outside of drawing extents
WARNING: Could not place:  J21 / 149-0801-801_1490801801_149-0801-801 / 1490801801; outside of drawing extents
WARNING: Could not place:  J22 / 149-0801-801_1490801801_149-0801-801 / 1490801801; outside of drawing extents
WARNING: Could not place:  J23 / 149-0801-801_1490801801_149-0801-801 / 1490801801; outside of drawing extents
WARNING: Could not place:  J24 / 149-0801-801_1490801801_149-0801-801 / 1490801801; outside of drawing extents
WARNING: Could not place:  J25 / 149-0801-801_1490801801_149-0801-801 / 1490801801; outside of drawing extents
WARNING: Could not place:  J9 / 149-0801-801_1490801801_149-0801-801 / 1490801801; outside of drawing extents
WARNING: Could not place:  J13 / 67996-100HLF_HDRV2W67P254_2X1_254X483X858P_67996-100HLF / HDRV2W67P254_2X1_254X483X858P; outside of drawing extents
         Placed symbol:  C62 / C1206C223F8HACAUTO_C1206_DISCRETE_0.022U / C1206 at (474.719 428.421)
         Placed symbol:  C19 / JMK325BJ107MM-T_CAPC3225X270N_DISCRETE_100U / CAPC3225X270N at (479.909 428.131)
         Placed symbol:  C138 / C1206C223F8HACAUTO_C1206_DISCRETE_0.01U / C1206 at (485.099 428.421)
         Placed symbol:  C50 / 06034C104KAT2A_CAPC1608X90N_DISCRETE_0.1U / CAPC1608X90N at (489.639 427.298)
         Placed symbol:  C45 / 06034C104KAT2A_CAPC1608X90N_DISCRETE_0.1U / CAPC1608X90N at (492.766 427.298)
         Placed symbol:  C126 / 06034C104KAT2A_CAPC1608X90N_DISCRETE_0.1U / CAPC1608X90N at (495.893 427.298)
         Placed symbol:  C11 / 06034C104KAT2A_CAPC1608X90N_DISCRETE_0.1U / CAPC1608X90N at (499.020 427.298)
         Placed symbol:  C27 / C1206C223F8HACAUTO_C1206_DISCRETE_0.022U / C1206 at (503.560 428.421)
         Placed symbol:  C10 / 06034C104KAT2A_CAPC1608X90N_DISCRETE_0.1U / CAPC1608X90N at (508.100 427.298)
WARNING: Could not place:  L1 / NLCV32T-4R7M-EFR_INDPM3225X240N_DISCRETE_4.7UH / INDPM3225X240N; outside of drawing extents
WARNING: Could not place:  L2 / NLCV32T-4R7M-EFR_INDPM3225X240N_DISCRETE_4.7UH / INDPM3225X240N; outside of drawing extents
WARNING: Could not place:  LED1 / SM0603SRC_SM0603SRC_SM0603SRC / SM0603SRC; outside of drawing extents
WARNING: Could not place:  C60 / C1206C223F8HACAUTO_C1206_DISCRETE_0.022U / C1206; outside of drawing extents
WARNING: Could not place:  C58 / C1206C223F8HACAUTO_C1206_DISCRETE_0.022U / C1206; outside of drawing extents
WARNING: Could not place:  R1 / ERA-3AEB80R6V_ERA3AEB101V_DISCRETE_80.6 / ERA3AEB101V; outside of drawing extents
WARNING: Could not place:  R4 / ERA-3AEB80R6V_ERA3AEB101V_DISCRETE_80.6 / ERA3AEB101V; outside of drawing extents
WARNING: Could not place:  R10 / ERA-6ARB472V_ERA6AEB1020V_DISCRETE_10K / ERA6AEB1020V; outside of drawing extents
WARNING: Could not place:  R12 / ERA-6ARB472V_ERA6AEB1020V_DISCRETE_10K / ERA6AEB1020V; outside of drawing extents
WARNING: Could not place:  R11 / ERA-6ARB472V_ERA6AEB1020V_DISCRETE_15 / ERA6AEB1020V; outside of drawing extents
WARNING: Could not place:  R7 / ERA-6ARB472V_ERA6AEB1020V_DISCRETE_15 / ERA6AEB1020V; outside of drawing extents
WARNING: Could not place:  R8 / ERA-6ARB472V_ERA6AEB1020V_DISCRETE_15 / ERA6AEB1020V; outside of drawing extents
WARNING: Could not place:  R13 / RT0603FRE10100RL_RESC1608X55N_DISCRETE_100 / RESC1608X55N; outside of drawing extents
WARNING: Could not place:  R14 / ERA-6ARB472V_ERA6AEB1020V_DISCRETE_4.7K / ERA6AEB1020V; outside of drawing extents
WARNING: Could not place:  R16 / ERA-6ARB472V_ERA6AEB1020V_DISCRETE_4.7K / ERA6AEB1020V; outside of drawing extents
WARNING: Could not place:  R17 / ERA-6ARB472V_ERA6AEB1020V_DISCRETE_4.7K / ERA6AEB1020V; outside of drawing extents
WARNING: Could not place:  R18 / ERA-6ARB472V_ERA6AEB1020V_DISCRETE_4.7K / ERA6AEB1020V; outside of drawing extents
WARNING: Could not place:  R3 / ERA-6ARB472V_ERA6AEB1020V_DISCRETE_4.7K / ERA6AEB1020V; outside of drawing extents
WARNING: Could not place:  R5 / ERA-6ARB472V_ERA6AEB1020V_DISCRETE_4.7K / ERA6AEB1020V; outside of drawing extents
WARNING: Could not place:  R15 / PCF0603R-1K0BT1_RESC1608X55N_DISCRETE_10K / RESC1608X55N; outside of drawing extents
WARNING: Could not place:  R20 / PCF0603R-1K0BT1_RESC1608X55N_DISCRETE_10K / RESC1608X55N; outside of drawing extents
WARNING: Could not place:  R21 / PCF0603R-1K0BT1_RESC1608X55N_DISCRETE_10K / RESC1608X55N; outside of drawing extents
WARNING: Could not place:  R22 / PCF0603R-1K0BT1_RESC1608X55N_DISCRETE_10K / RESC1608X55N; outside of drawing extents
WARNING: Could not place:  R19 / PCF0603R-1K0BT1_RESC1608X55N_DISCRETE_249 / RESC1608X55N; outside of drawing extents
WARNING: Could not place:  R2 / MCT06030D2610BP100_RESC1608X55N_DISCRETE_261 / RESC1608X55N; outside of drawing extents
WARNING: Could not place:  R6 / MCT06030D2610BP100_RESC1608X55N_DISCRETE_261 / RESC1608X55N; outside of drawing extents
WARNING: Could not place:  R23 / PCF0603R-1K0BT1_RESC1608X55N_DISCRETE_15 / RESC1608X55N; outside of drawing extents
WARNING: Could not place:  R24 / PCF0603R-1K0BT1_RESC1608X55N_DISCRETE_DNP / RESC1608X55N; outside of drawing extents
WARNING: Could not place:  R25 / PCF0603R-1K0BT1_RESC1608X55N_DISCRETE_4.7K / RESC1608X55N; outside of drawing extents
WARNING: Could not place:  R26 / PCF0603R-1K0BT1_RESC1608X55N_DISCRETE_4.7K / RESC1608X55N; outside of drawing extents
WARNING: Could not place:  R27 / PCF0603R-1K0BT1_RESC1608X55N_DISCRETE_4.7K / RESC1608X55N; outside of drawing extents
WARNING: Could not place:  R28 / PCF0603R-1K0BT1_RESC1608X55N_DISCRETE_4.7K / RESC1608X55N; outside of drawing extents
WARNING: Could not place:  R29 / PCF0603R-1K0BT1_RESC1608X55N_DISCRETE_4.7K / RESC1608X55N; outside of drawing extents
WARNING: Could not place:  R30 / PCF0603R-1K0BT1_RESC1608X55N_DISCRETE_4.7K / RESC1608X55N; outside of drawing extents
WARNING: Could not place:  R33 / PCF0603R-1K0BT1_RESC1608X55N_DISCRETE_4.7K / RESC1608X55N; outside of drawing extents
WARNING: Could not place:  R31 / PCF0603R-1K0BT1_RESC1608X55N_DISCRETE_1K / RESC1608X55N; outside of drawing extents
WARNING: Could not place:  R32 / PCF0603R-1K0BT1_RESC1608X55N_DISCRETE_10 / RESC1608X55N; outside of drawing extents
WARNING: Could not place:  R34 / PCF0603R-1K0BT1_RESC1608X55N_DISCRETE_100 / RESC1608X55N; outside of drawing extents
WARNING: Could not place:  R37 / PCF0603R-1K0BT1_RESC1608X55N_DISCRETE_100 / RESC1608X55N; outside of drawing extents
WARNING: Could not place:  R35 / PCF0603R-1K0BT1_RESC1608X55N_DISCRETE_4.7 / RESC1608X55N; outside of drawing extents
WARNING: Could not place:  R36 / PCF0603R-1K0BT1_RESC1608X55N_DISCRETE_4.7 / RESC1608X55N; outside of drawing extents
WARNING: Could not place:  R9 / ERA-6ARB472V_ERA6AEB1020V_DISCRETE_24.9 / ERA6AEB1020V; outside of drawing extents
WARNING: Could not place:  C1 / 06034C104KAT2A_CAPC1608X90N_DISCRETE_0.1U / CAPC1608X90N; outside of drawing extents
WARNING: Could not place:  C33 / JMK105BBJ475MV8F_CAPC1005X55N_DISCRETE_0.47U / CAPC1005X55N; outside of drawing extents
WARNING: Could not place:  R38 / PCF0603R-1K0BT1_RESC1608X55N_DISCRETE_2K / RESC1608X55N; outside of drawing extents
WARNING: Could not place:  C6 / JMK325BJ107MM-T_CAPC3225X270N_DISCRETE_100U / CAPC3225X270N; outside of drawing extents
WARNING: Could not place:  C26 / C1206C223F8HACAUTO_C1206_DISCRETE_0.022U / C1206; outside of drawing extents
WARNING: Could not place:  C25 / C1206C223F8HACAUTO_C1206_DISCRETE_0.022U / C1206; outside of drawing extents
WARNING: Could not place:  C66 / JMK105BBJ475MV8F_CAPC1005X55N_DISCRETE_1U / CAPC1005X55N; outside of drawing extents
WARNING: Could not place:  C23 / C1206C223F8HACAUTO_C1206_DISCRETE_0.022U / C1206; outside of drawing extents
WARNING: Could not place:  C140 / C1206C223F8HACAUTO_C1206_DISCRETE_10U / C1206; outside of drawing extents


Placed 169 of 241 applicable (241 total) symbols.

-----------------------------------------------------------------------

