! Log file started at 23:42:1 8/25/2024 
INFO (SPGRE-16): Strategy file Date: May-16-2019
INFO (SPGRE-16): Strategy file Version: 17.2
WARNING (SPGRE-1): No route keepin found.
WARNING (SPGRE-15): Constraint Set DEFAULT: Neck Gap on layer BOTTOM is 0. Primary Gap is 0.
WARNING (SPGRE-15): Constraint Set DEFAULT: Neck Gap on layer 19_GND is 0. Primary Gap is 0.
WARNING (SPGRE-15): Constraint Set DEFAULT: Neck Gap on layer 18_SIG2 is 0. Primary Gap is 0.
WARNING (SPGRE-15): Constraint Set DEFAULT: Neck Gap on layer 17_GND is 0. Primary Gap is 0.
WARNING (SPGRE-15): Constraint Set DEFAULT: Neck Gap on layer 16 is 0. Primary Gap is 0.
WARNING (SPGRE-15): Constraint Set DEFAULT: Neck Gap on layer 15 is 0. Primary Gap is 0.
WARNING (SPGRE-15): Constraint Set DEFAULT: Neck Gap on layer 14 is 0. Primary Gap is 0.
WARNING (SPGRE-15): Constraint Set DEFAULT: Neck Gap on layer 13 is 0. Primary Gap is 0.
WARNING (SPGRE-15): Constraint Set DEFAULT: Neck Gap on layer 12 is 0. Primary Gap is 0.
WARNING (SPGRE-15): Constraint Set DEFAULT: Neck Gap on layer 11_1V8 is 0. Primary Gap is 0.
WARNING (SPGRE-15): Constraint Set DEFAULT: Neck Gap on layer 10_GND is 0. Primary Gap is 0.
WARNING (SPGRE-15): Constraint Set DEFAULT: Neck Gap on layer 09_3V3 is 0. Primary Gap is 0.
WARNING (SPGRE-15): Constraint Set DEFAULT: Neck Gap on layer 08_GND is 0. Primary Gap is 0.
WARNING (SPGRE-15): Constraint Set DEFAULT: Neck Gap on layer 07_RFGND is 0. Primary Gap is 0.
WARNING (SPGRE-15): Constraint Set DEFAULT: Neck Gap on layer 06_GND is 0. Primary Gap is 0.
WARNING (SPGRE-15): Constraint Set DEFAULT: Neck Gap on layer 05_2V5 is 0. Primary Gap is 0.
WARNING (SPGRE-15): Constraint Set DEFAULT: Neck Gap on layer 04_GND is 0. Primary Gap is 0.
WARNING (SPGRE-15): Constraint Set DEFAULT: Neck Gap on layer 03_SIG1 is 0. Primary Gap is 0.
WARNING (SPGRE-15): Constraint Set DEFAULT: Neck Gap on layer 02_GND is 0. Primary Gap is 0.
WARNING (SPGRE-15): Constraint Set DEFAULT: Neck Gap on layer TOP is 0. Primary Gap is 0.
INFO (SPGRE-16): Status: Routing initialization completed successfully

INFO (SPGRE-16): CommandStart AiPT ***********************************************
INFO (SPGRE-16):  
INFO (SPGRE-16): Status: Auto Phase Tune completed normally
INFO (SPGRE-16):   Number of rats scheduled = 1
INFO (SPGRE-16):   Number of electrical violations on scheduled rats = 0
INFO (SPGRE-16):   Number of timing constraints on scheduled rats = 0
INFO (SPGRE-16):   Number of timing constraint violations on scheduled rats = 0
INFO (SPGRE-16):   DiffPair Phase Mismatch = 0.000 millimeters
INFO (SPGRE-16):   Routed length of scheduled rats = 17.864 millimeters
INFO (SPGRE-16):   Execution time = 0 seconds
INFO (SPGRE-16):   Memory currently in use = 680366 KB
INFO (SPGRE-16):  
INFO (SPGRE-16): Clines selected: 1, Rats processed: 1, Phase constraints: 0, Phase violations: 0, Outside ideal range: 0
INFO (SPGRE-16):  
INFO (SPGRE-16): Cline on net RFGND from T(134.620, 347.593) - Pin J12.2(147.150, 344.500) on TOP
INFO (SPGRE-16):   ----: Rat J11.2 - J12.2 : No Phase Constraints
INFO (SPGRE-16):  
INFO (SPGRE-16): CommandEnd AiPT *************************************************
