0.000000e+00 (V)  __Gnd
5.000005e-01 (V)  n1
9.225061e-01 (V)  n17
4.999995e-01 (V)  n221
9.041589e-01 (V)  n222
0.000000e+00 (V)  n223
0.000000e+00 (V)  n224
0.000000e+00 (V)  n225
0.000000e+00 (V)  n226
0.000000e+00 (V)  n227
0.000000e+00 (V)  n228
0.000000e+00 (V)  n229
0.000000e+00 (V)  n230
1.000000e+00 (V)  n231
1.000000e+00 (V)  n232
1.000000e+00 (V)  n233
0.000000e+00 (V)  n234
0.000000e+00 (V)  n235
0.000000e+00 (V)  n236
0.000000e+00 (V)  n237
1.000000e+00 (V)  n238
1.000000e+00 (V)  n239
1.000000e+00 (V)  n240
0.000000e+00 (V)  n241
0.000000e+00 (V)  n242
0.000000e+00 (V)  n243
0.000000e+00 (V)  n244
1.000000e+00 (V)  n245
1.000000e+00 (V)  n246
1.000000e+00 (V)  n247
4.999995e-01 (V)  n6
9.041589e-01 (V)  n92
1.000000e+00 (V)  X1.X_SpeedXP_auto_Tx_transmit.nd_in_1
1.000000e+00 (V)  X1.X_SpeedXP_auto_Tx_transmit.pwrbus_1
0.000000e+00 (V)  X14.X1.3
-0.000000e+00 (V)  X14.X1.4
-0.000000e+00 (V)  X14.X1.5
0.000000e+00 (V)  X14.X2.3
-0.000000e+00 (V)  X14.X2.4
-0.000000e+00 (V)  X14.X2.5
4.999995e-01 (V)  X2.x_1.1
1.000000e+00 (V)  X5.X_SpeedXP_auto_Ctrl_transmit.nd_en_3
1.000000e+00 (V)  X5.X_SpeedXP_auto_Ctrl_transmit.nd_in_3
5.000000e-01 (V)  X5.X_SpeedXP_auto_Ctrl_transmit.nd_out_of_in_3
1.500000e+00 (V)  X5.X_SpeedXP_auto_Ctrl_transmit.pwrbus1_3
9.041589e-01 (V)  X6.x_3.1
-9.999990e-03 (A)  X1.X_SpeedXP_auto_Tx_transmit.V_SpeedXP_auto_pwrbus_1
-1.000000e-10 (A)  X1.X_SpeedXP_auto_Tx_transmit.X_SpeedXP_auto_1_St.v1
0.000000e+00 (A)  X10.WTL1~0
0.000000e+00 (A)  X10.WTL1~1
0.000000e+00 (A)  X11.W1~0
0.000000e+00 (A)  X11.W1~1
0.000000e+00 (A)  X12.W1~0
0.000000e+00 (A)  X12.W1~1
-0.000000e+00 (A)  X13.W1~0
-0.000000e+00 (A)  X13.W1~1
0.000000e+00 (A)  X14.X1.L1
0.000000e+00 (A)  X14.X1.L2
0.000000e+00 (A)  X14.X1.r1
0.000000e+00 (A)  X14.X1.r2
0.000000e+00 (A)  X14.X2.L1
0.000000e+00 (A)  X14.X2.L2
0.000000e+00 (A)  X14.X2.r1
0.000000e+00 (A)  X14.X2.r2
-2.000000e-08 (A)  X15.Vsupply
-2.000000e-08 (A)  X16.Vsupply
-2.000000e-08 (A)  X17.Vsupply
9.999990e-03 (A)  X2.x_1.l1
-5.000000e-11 (A)  X5.X_SpeedXP_auto_Ctrl_transmit.B_SpeedXP_auto_3_OutOfIn
-1.000000e-10 (A)  X5.X_SpeedXP_auto_Ctrl_transmit.V_SpeedXP_auto_3_En
-1.808318e-02 (A)  X5.X_SpeedXP_auto_Ctrl_transmit.V_SpeedXP_auto_pwrbus1_3
-1.000000e-10 (A)  X5.X_SpeedXP_auto_Ctrl_transmit.X_SpeedXP_auto_3_St.v1
1.808318e-02 (A)  X6.x_3.l1
9.999990e-03 (A)  X9.WTL1~0
1.808318e-02 (A)  X9.WTL1~1
