0.000000e+00 (V)  __Gnd
1.760583e+00 (V)  n1
9.225061e-01 (V)  n17
1.760585e+00 (V)  n221
9.041589e-01 (V)  n222
2.500000e-10 (V)  n223
0.000000e+00 (V)  n224
2.500000e-10 (V)  n225
0.000000e+00 (V)  n226
0.000000e+00 (V)  n227
0.000000e+00 (V)  n228
0.000000e+00 (V)  n229
0.000000e+00 (V)  n230
1.000000e+00 (V)  n231
1.000000e+00 (V)  n232
1.000000e+00 (V)  n233
0.000000e+00 (V)  n234
0.000000e+00 (V)  n235
0.000000e+00 (V)  n236
0.000000e+00 (V)  n237
1.000000e+00 (V)  n238
1.000000e+00 (V)  n239
1.000000e+00 (V)  n240
0.000000e+00 (V)  n241
0.000000e+00 (V)  n242
0.000000e+00 (V)  n243
0.000000e+00 (V)  n244
1.000000e+00 (V)  n245
1.000000e+00 (V)  n246
1.000000e+00 (V)  n247
1.761089e+00 (V)  n248
2.500500e-10 (V)  n252
1.760585e+00 (V)  n6
9.041589e-01 (V)  n92
1.000000e+00 (V)  X1.X_SpeedXP_auto_Tx_transmit.nd_in_1
1.000000e+00 (V)  X1.X_SpeedXP_auto_Tx_transmit.pwrbus_1
0.000000e+00 (V)  X14.X1.3
-0.000000e+00 (V)  X14.X1.4
-0.000000e+00 (V)  X14.X1.5
0.000000e+00 (V)  X14.X2.3
-0.000000e+00 (V)  X14.X2.4
-0.000000e+00 (V)  X14.X2.5
1.000000e+00 (V)  X18.X_SpeedXP_auto_IO_transmit.nd_en_1
1.000000e+00 (V)  X18.X_SpeedXP_auto_IO_transmit.nd_in_1
5.000000e-01 (V)  X18.X_SpeedXP_auto_IO_transmit.nd_out_of_in_1
2.500000e+00 (V)  X18.X_SpeedXP_auto_IO_transmit.pwr_1
1.760585e+00 (V)  X19.x_1.1
1.760585e+00 (V)  X2.x_1.1
0.000000e+00 (V)  X20.X_SpeedXP_auto_IO1_receive.nd_en_1
0.000000e+00 (V)  X20.X_SpeedXP_auto_IO1_receive.nd_in_1
0.000000e+00 (V)  X20.X_SpeedXP_auto_IO1_receive.nd_out_of_in_1
2.500000e+00 (V)  X20.X_SpeedXP_auto_IO1_receive.pwr_1
2.500000e-10 (V)  X21.x_1.1
1.000000e+00 (V)  X5.X_SpeedXP_auto_Ctrl_transmit.nd_en_3
1.000000e+00 (V)  X5.X_SpeedXP_auto_Ctrl_transmit.nd_in_3
5.000000e-01 (V)  X5.X_SpeedXP_auto_Ctrl_transmit.nd_out_of_in_3
1.500000e+00 (V)  X5.X_SpeedXP_auto_Ctrl_transmit.pwrbus1_3
9.041589e-01 (V)  X6.x_3.1
1.521167e-02 (A)  X1.X_SpeedXP_auto_Tx_transmit.V_SpeedXP_auto_pwrbus_1
-1.000000e-10 (A)  X1.X_SpeedXP_auto_Tx_transmit.X_SpeedXP_auto_1_St.v1
-5.000000e-12 (A)  X10.WTL1~0
0.000000e+00 (A)  X10.WTL1~1
0.000000e+00 (A)  X11.W1~0
0.000000e+00 (A)  X11.W1~1
0.000000e+00 (A)  X12.W1~0
0.000000e+00 (A)  X12.W1~1
-0.000000e+00 (A)  X13.W1~0
-0.000000e+00 (A)  X13.W1~1
0.000000e+00 (A)  X14.X1.L1
0.000000e+00 (A)  X14.X1.L2
0.000000e+00 (A)  X14.X1.r1
0.000000e+00 (A)  X14.X1.r2
0.000000e+00 (A)  X14.X2.L1
0.000000e+00 (A)  X14.X2.L2
0.000000e+00 (A)  X14.X2.r1
0.000000e+00 (A)  X14.X2.r2
-2.000000e-08 (A)  X15.Vsupply
-2.000000e-08 (A)  X16.Vsupply
-2.000000e-08 (A)  X17.Vsupply
-5.000000e-11 (A)  X18.X_SpeedXP_auto_IO_transmit.B_SpeedXP_auto_1_OutOfIn
-1.000000e-10 (A)  X18.X_SpeedXP_auto_IO_transmit.V_SpeedXP_auto_1_En
-5.042337e-02 (A)  X18.X_SpeedXP_auto_IO_transmit.V_SpeedXP_auto_pwr_1
-1.000000e-10 (A)  X18.X_SpeedXP_auto_IO_transmit.X_SpeedXP_auto_1_St.v1
5.042337e-02 (A)  X19.x_1.l1
-1.521167e-02 (A)  X2.x_1.l1
0.000000e+00 (A)  X20.X_SpeedXP_auto_IO1_receive.B_SpeedXP_auto_1_OutOfIn
0.000000e+00 (A)  X20.X_SpeedXP_auto_IO1_receive.V_SpeedXP_auto_1_En
-5.000000e-12 (A)  X20.X_SpeedXP_auto_IO1_receive.V_SpeedXP_auto_pwr_1
5.000000e-12 (A)  X21.x_1.l1
-5.000000e-11 (A)  X5.X_SpeedXP_auto_Ctrl_transmit.B_SpeedXP_auto_3_OutOfIn
-1.000000e-10 (A)  X5.X_SpeedXP_auto_Ctrl_transmit.V_SpeedXP_auto_3_En
-1.808318e-02 (A)  X5.X_SpeedXP_auto_Ctrl_transmit.V_SpeedXP_auto_pwrbus1_3
-1.000000e-10 (A)  X5.X_SpeedXP_auto_Ctrl_transmit.X_SpeedXP_auto_3_St.v1
1.808318e-02 (A)  X6.x_3.l1
3.521170e-02 (A)  X9.WTL1~0
1.808318e-02 (A)  X9.WTL1~1
