0.000000e+00 (V)  __Gnd
9.000000e-01 (V)  n1
8.998819e-01 (V)  n10
8.999185e-01 (V)  n2
8.998815e-01 (V)  n3
8.998815e-01 (V)  n4
8.998816e-01 (V)  n5
8.998819e-01 (V)  n6
8.998833e-01 (V)  n7
8.998832e-01 (V)  n8
8.998815e-01 (V)  n9
9.018832e-01 (V)  X1.S~AN0
8.980354e-01 (V)  X1.S~AN1
0.000000e+00 (V)  X10.X_a.node_1
0.000000e+00 (V)  X11.X_a.node_1
9.018016e-01 (V)  X3.S~AN0
8.996717e-01 (V)  X3.S~AN1
8.996717e-01 (V)  X3.S~AN2
8.996718e-01 (V)  X3.S~AN3
8.996721e-01 (V)  X3.S~AN4
8.996734e-01 (V)  X3.S~AN5
8.996734e-01 (V)  X3.S~AN6
8.996717e-01 (V)  X3.S~AN7
8.996721e-01 (V)  X3.S~AN8
0.000000e+00 (V)  X4.X_a.node_1
0.000000e+00 (V)  X5.X_a.node_1
0.000000e+00 (V)  X6.X_a.node_1
0.000000e+00 (V)  X7.X_a.node_1
0.000000e+00 (V)  X8.X_a.node_1
0.000000e+00 (V)  X9.X_a.node_1
-1.883231e-02 (A)  X2.Vsupply
