0.000000e+00 (V)  __Gnd
4.994377e-01 (V)  n1
1.000000e+00 (V)  n10
5.002522e-01 (V)  n11
1.000000e+00 (V)  n12
1.000000e+00 (V)  n13
1.000000e+00 (V)  n14
0.000000e+00 (V)  n15
0.000000e+00 (V)  n16
0.000000e+00 (V)  n17
0.000000e+00 (V)  n18
5.016403e-01 (V)  n19
4.994377e-01 (V)  n2
5.000000e-11 (V)  n3
5.000000e-11 (V)  n4
4.983597e-01 (V)  n5
0.000000e+00 (V)  n6
5.007211e-11 (V)  n7
1.000000e+00 (V)  n8
1.000000e+00 (V)  n9
4.994377e-01 (V)  X1.X1.3
4.994377e-01 (V)  X1.X1.4
4.994377e-01 (V)  X1.X1.5
1.000000e+00 (V)  X10.X_SpeedXP_auto_Tx_transmit.nd_in_5
1.000000e+00 (V)  X10.X_SpeedXP_auto_Tx_transmit.pwrbus_5
1.000000e+00 (V)  X11.S~AN0
1.892582e-03 (V)  X11.S~AN1
5.000000e-11 (V)  X2.X1.3
5.000000e-11 (V)  X2.X1.4
5.000000e-11 (V)  X2.X1.5
0.000000e+00 (V)  X8.S~AN0
0.000000e+00 (V)  X8.S~AN1
-0.000000e+00 (V)  X8.S~AN2
0.000000e+00 (V)  X8.S~AN3
0.000000e+00 (V)  X9.X_SpeedXP_auto_Rx_receive.nd_out_of_in_6
1.000000e+00 (V)  X9.X_SpeedXP_auto_Rx_receive.pwrbus_6
9.967193e-03 (A)  X1.X1.L1
9.967193e-03 (A)  X1.X1.L2
9.967193e-03 (A)  X1.X1.r1
9.967193e-03 (A)  X1.X1.r2
-9.967194e-03 (A)  X10.X_SpeedXP_auto_Tx_transmit.V_SpeedXP_auto_pwrbus_5
-1.010000e-10 (A)  X10.X_SpeedXP_auto_Tx_transmit.X_SpeedXP_auto_5_St.v1
-1.000000e-12 (A)  X2.X1.L1
-1.000000e-12 (A)  X2.X1.L2
-1.000000e-12 (A)  X2.X1.r1
-1.000000e-12 (A)  X2.X1.r2
9.967193e-03 (A)  X3.W1~0
-1.000000e-12 (A)  X4.W1~0
9.967193e-03 (A)  X5.W1~0
-2.000300e-08 (A)  X6.Vsupply
-2.000300e-08 (A)  X7.Vsupply
0.000000e+00 (A)  X9.X_SpeedXP_auto_Rx_receive.B_SpeedXP_auto_6_OutOfIn
-2.000000e-12 (A)  X9.X_SpeedXP_auto_Rx_receive.V_SpeedXP_auto_pwrbus_6
