(---------------------------------------------------------------------)
(                                                                     )
(    IPC2581 Export                                                   )
(                                                                     )
(    Software Version : 23.1S005                                      )
(    Date/Time        : Thu Jul 25 12:33:22 2024                      )
(                                                                     )
(---------------------------------------------------------------------)




WARNING: Design outline is missing on the layer "BOARD GEOMETRY/DESIGN_OUTLINE"
 'DESIGN_OUTLINE' and 'CUTOUT', are the preferred subclasses for defining an outline.



Collecting net list ...



Collecting package defintions ...



Collecting component descriptions ...



Property configuration file: D:/Projects/HardwareDesign/PCB_ST-LINK V3_1/allegro/ipc2581_attr_config.atr
IPC2581 file: ST-LINKV3_open.xml
IPC2581 version: IPC2581-B
BRD file: D:/Projects/HardwareDesign/PCB_ST-LINK V3_1/allegro/ST-LINKV3_open.brd
IPC2581 units: MILLIMETER
Global package pin1 orientation: OTHER
Default symbol height: 3.81
Export drill information?: YES
Export backdrill information?: NO
Export BOM information?: NO
Export component descriptions?: YES
Export component packages?: YES
Export land patterns?: NO
Export device descriptions?: NO
Export net list?: YES
Export hierarchical layer/stack instance?: YES
Export Outer Copper Layers?: YES
Export Inner Layers?: YES
Export Documentation Layers?: YES
Export Miscellaneous Image Layers?: YES
Export SolderMask/SolderPaste Legend Layers?: YES
Export vector text?: YES
Export cavities?: NO
Export padstack definitions?: NO
Export zip file?: NO
a2ipc2581 complete.
