(---------------------------------------------------------------------)
(                                                                     )
(    NC DRILL Log                                                     )
(                                                                     )
(    Drawing          : ST-LINKV3_open.brd                            )
(    Software Version : 23.1S005                                      )
(    Date/Time        : Thu Jul 25 17:20:28 2024                      )
(                                                                     )
(---------------------------------------------------------------------)



 Processing NC Parameters file 'nc_param.txt' ...

 NC PARAMETERS
 -------------

 FORMAT   		3.5
 MACHINE-OFFSET		x:0.00000	y:0.00000   (mm)
 FEEDRATE		1
 COORDINATES		ABSOLUTE
 OUTPUT-UNITS		METRIC
 TOOL-ORDER		INCREASING
 REPEAT-CODES		YES
 SUPPRESS-LEAD-ZEROES	YES
 SUPPRESS-TRAIL-ZEROES	NO
 SUPPRESS-EQUAL		YES
 TOOL-SELECT		YES
 HEADER			none
 LEADER			12
 CODE			ASCII
 SEPARATE		YES
 SEPARATE-ROUTING	NO
 OPTIMIZE_DRILLING	YES
 ENHANCED_EXCELLON	YES
 SCALE			1.000000

 WARNING(SPMHMF-368): Cannot find NC Drill tool file 'nc_tools.txt'
 WARNING(SPMHMF-369): ... will auto-generate tool file 'nc_tools_auto.txt'.


     Auto-generating tool file 'nc_tools_auto.txt' ...

           Size  Plating  Tool        + Tolerance  - Tolerance

         0.3302  P        T01            0.000000     0.000000
         0.7000  P        T02            0.000000     0.000000
         1.1001  P        T03            0.000000     0.000000
         0.5999  N        T04            0.000000     0.000000
         0.8999  N        T05            0.000000     0.000000
         1.1699  N        T06            0.000000     0.000000


Drill files being output to directory 'D:/Projects/HardwareDesign/PCB_ST-LINK V3_1/allegro' ...



     'ST-LINKV3-1-4.drl' created for holes connecting TOP and BOTTOM ; Plating = PLATED
     ----------------------------------------------------------------------------------

     Tool  Num     Size      +/- Tolerance     Plating   Quantity

     T01    1.   0.3302    0.0000/  0.0000      PLATED         77
     T02    2.   0.7000    0.0000/  0.0000      PLATED         12
     T03    3.   1.1001    0.0000/  0.0000      PLATED         12

     ---- Total holes:                                        101

     ---- Total head travel:              2.61 feet (0.80 meters)




     'ST-LINKV3-1-4-np.drl' created for holes connecting TOP and BOTTOM ; Plating = NON_PLATED
     -----------------------------------------------------------------------------------------

     Tool  Num     Size      +/- Tolerance     Plating   Quantity

     T04    1.   0.5999    0.0000/  0.0000  NON_PLATED          1
     T05    2.   0.8999    0.0000/  0.0000  NON_PLATED          2
     T06    3.   1.1699    0.0000/  0.0000  NON_PLATED          1

     ---- Total holes:                                          4

     ---- Total head travel:              2.18 feet (0.66 meters)

