(---------------------------------------------------------------------)
(                                                                     )
(    ARTWORK LOG                                                      )
(                                                                     )
(    Drawing          : ST-LINKV3_open.brd                            )
(    Software Version : 23.1S005                                      )
(    Date/Time        : Fri Jul 26 11:07:03 2024                      )
(                                                                     )
(---------------------------------------------------------------------)



 ******************************************
 WARNING: DRC OUT OF DATE on this layout.
 ******************************************

 ---- Photoplot outline rectangle not found; using drawing extents.



Results from parameter file ...
    DEVICE-TYPE           GERBER_RS274X
    OUTPUT-UNITS          MM
    FILM-SIZE             2400000 1600000
    FORMAT                3.5
    ABORT-ON-ERROR        NO
    SCALE                 1
    SUPPRESS-LEAD-ZEROES  NO
    SUPPRESS-TRAIL-ZEROES YES
    SUPPRESS-EQUAL        YES
    UNDEF-APT-CONT        YES



================================================================
     PROCESSING FILM < TOP >
     TO FILE < D:/Projects/HardwareDesign/PCB_ST-LINK V3_1/allegro/TOP.art > ...
================================================================

  FILM PARAMETERS :
  ---------------------------------------------------------
  Undefined line width                0.0100
  Mirror code                         NONE
  Rotate angle                        NONE
  Offset x:                           0.0000
  Offset y:                           0.0000
  Plot negative                       NO
  Suppress unconnected internal pads  NO
  Draw holes only                     NO



  APERTURES USED:
  ---------------------------------------------------------
  TYPE       SIZE/NAME                   ROT   MIRROR MODE 
  ---------------------------------------------------------
  CIRCLE     0.12700                                  DARK 
  CIRCLE     0.22400                                  DARK 
  CIRCLE     0.25400                                  DARK 
  CIRCLE     0.38100                                  DARK 
  CIRCLE     0.50800                                  DARK 
  CIRCLE     0.59990                                  DARK 
  CIRCLE     0.60960                                  DARK 
  CIRCLE     0.89990                                  DARK 
  CIRCLE     1.10010                                  DARK 
  CIRCLE     1.16990                                  DARK 
  CIRCLE     1.65000                                  DARK 
  SQUARE     0.80010                     0.000 NO     DARK 
  SQUARE     1.10010                     0.000 NO     DARK 
  SQUARE     1.15010                     0.000 NO     DARK 
  SQUARE     1.65000                     0.000 NO     DARK 
  RECTANGLE  0.30000     x 0.84990       0.000 NO     DARK 
  RECTANGLE  0.40000     x 1.00000       0.000 NO     DARK 
  RECTANGLE  0.42010     x 0.46000       0.000 NO     DARK 
  RECTANGLE  0.42010     x 0.46000      90.000 NO     DARK 
  RECTANGLE  0.45010     x 1.47500       0.000 NO     DARK 
  RECTANGLE  0.59990     x 1.15010      90.000 NO     DARK 
  RECTANGLE  0.70000     x 1.50010      90.000 NO     DARK 
  RECTANGLE  0.80010     x 0.95000       0.000 NO     DARK 
  RECTANGLE  0.80010     x 1.00000       0.000 NO     DARK 
  RECTANGLE  0.95000     x 1.75010      90.000 NO     DARK 
  RECTANGLE  1.10010     x 1.30000      90.000 NO     DARK 
  RECTANGLE  1.27000     x 2.54000      90.000 NO     DARK 
  RECTANGLE  1.75010     x 3.19990       0.000 NO     DARK 

     TOP created with warnings


================================================================
     PROCESSING FILM < GND >
     TO FILE < D:/Projects/HardwareDesign/PCB_ST-LINK V3_1/allegro/GND.art > ...
================================================================

  FILM PARAMETERS :
  ---------------------------------------------------------
  Undefined line width                0.0000
  Mirror code                         NONE
  Rotate angle                        NONE
  Offset x:                           0.0000
  Offset y:                           0.0000
  Plot negative                       NO
  Suppress unconnected internal pads  NO
  Draw holes only                     NO



  APERTURES USED:
  ---------------------------------------------------------
  TYPE       SIZE/NAME                   ROT   MIRROR MODE 
  ---------------------------------------------------------
  CIRCLE     0.12700                                  DARK 
  CIRCLE     0.38100                                  DARK 
  CIRCLE     0.59990                                  DARK 
  CIRCLE     0.60960                                  DARK 
  CIRCLE     0.89990                                  DARK 
  CIRCLE     1.10010                                  DARK 
  CIRCLE     1.16990                                  DARK 
  CIRCLE     1.65000                                  DARK 

     GND created with warnings


================================================================
     PROCESSING FILM < POWER >
     TO FILE < D:/Projects/HardwareDesign/PCB_ST-LINK V3_1/allegro/POWER.art > ...
================================================================

  FILM PARAMETERS :
  ---------------------------------------------------------
  Undefined line width                0.0000
  Mirror code                         NONE
  Rotate angle                        NONE
  Offset x:                           0.0000
  Offset y:                           0.0000
  Plot negative                       NO
  Suppress unconnected internal pads  NO
  Draw holes only                     NO



  APERTURES USED:
  ---------------------------------------------------------
  TYPE       SIZE/NAME                   ROT   MIRROR MODE 
  ---------------------------------------------------------
  CIRCLE     0.38100                                  DARK 
  CIRCLE     0.59990                                  DARK 
  CIRCLE     0.60960                                  DARK 
  CIRCLE     0.89990                                  DARK 
  CIRCLE     1.10010                                  DARK 
  CIRCLE     1.16990                                  DARK 
  CIRCLE     1.65000                                  DARK 

     POWER created with warnings


================================================================
     PROCESSING FILM < BOTTOM >
     TO FILE < D:/Projects/HardwareDesign/PCB_ST-LINK V3_1/allegro/BOTTOM.art > ...
================================================================

  FILM PARAMETERS :
  ---------------------------------------------------------
  Undefined line width                0.0000
  Mirror code                         NONE
  Rotate angle                        NONE
  Offset x:                           0.0000
  Offset y:                           0.0000
  Plot negative                       NO
  Suppress unconnected internal pads  NO
  Draw holes only                     NO



  APERTURES USED:
  ---------------------------------------------------------
  TYPE       SIZE/NAME                   ROT   MIRROR MODE 
  ---------------------------------------------------------
  CIRCLE     0.12700                                  DARK 
  CIRCLE     0.59990                                  DARK 
  CIRCLE     0.60960                                  DARK 
  CIRCLE     0.89990                                  DARK 
  CIRCLE     1.10010                                  DARK 
  CIRCLE     1.16990                                  DARK 
  CIRCLE     1.65000                                  DARK 
  SQUARE     1.10010                     0.000 NO     DARK 
  SQUARE     1.65000                     0.000 NO     DARK 

     BOTTOM created with warnings


================================================================
     PROCESSING FILM < OUTLINE >
     TO FILE < D:/Projects/HardwareDesign/PCB_ST-LINK V3_1/allegro/OUTLINE.art > ...
================================================================

  FILM PARAMETERS :
  ---------------------------------------------------------
  Undefined line width                0.0000
  Mirror code                         NONE
  Rotate angle                        NONE
  Offset x:                           0.0000
  Offset y:                           0.0000
  Plot negative                       NO
  Suppress unconnected internal pads  NO
  Draw holes only                     NO



  APERTURES USED:
  ---------------------------------------------------------
  TYPE       SIZE/NAME                   ROT   MIRROR MODE 
  ---------------------------------------------------------
  CIRCLE     0.12700                                  DARK 

     OUTLINE created with warnings


================================================================
     PROCESSING FILM < TOP_SILK >
     TO FILE < D:/Projects/HardwareDesign/PCB_ST-LINK V3_1/allegro/TOP_SILK.art > ...
================================================================

  FILM PARAMETERS :
  ---------------------------------------------------------
  Undefined line width                0.0100
  Mirror code                         NONE
  Rotate angle                        NONE
  Offset x:                           0.0000
  Offset y:                           0.0000
  Plot negative                       NO
  Suppress unconnected internal pads  NO
  Draw holes only                     NO

    WARNING: text composed 0 width line found at (161.7980 246.1260)
           ... using undefined line width of 0.0100

    WARNING: text having Multiple 0 width lines; all will be treated the same as the first.
           ... using undefined line width of 0.0100



  APERTURES USED:
  ---------------------------------------------------------
  TYPE       SIZE/NAME                   ROT   MIRROR MODE 
  ---------------------------------------------------------
  CIRCLE     0.01000                                  DARK 
  CIRCLE     0.10000                                  DARK 
  CIRCLE     0.20000                                  DARK 

     TOP_SILK created with warnings


================================================================
     PROCESSING FILM < BOTTOM_SILK >
     TO FILE < D:/Projects/HardwareDesign/PCB_ST-LINK V3_1/allegro/BOTTOM_SILK.art > ...
================================================================

  FILM PARAMETERS :
  ---------------------------------------------------------
  Undefined line width                0.0000
  Mirror code                         NONE
  Rotate angle                        NONE
  Offset x:                           0.0000
  Offset y:                           0.0000
  Plot negative                       NO
  Suppress unconnected internal pads  NO
  Draw holes only                     NO



  APERTURES USED:  NONE
     BOTTOM_SILK created with warnings


================================================================
     PROCESSING FILM < TOP_SOLDER >
     TO FILE < D:/Projects/HardwareDesign/PCB_ST-LINK V3_1/allegro/TOP_SOLDER.art > ...
================================================================

  FILM PARAMETERS :
  ---------------------------------------------------------
  Undefined line width                0.0000
  Mirror code                         NONE
  Rotate angle                        NONE
  Offset x:                           0.0000
  Offset y:                           0.0000
  Plot negative                       NO
  Suppress unconnected internal pads  NO
  Draw holes only                     NO



  APERTURES USED:
  ---------------------------------------------------------
  TYPE       SIZE/NAME                   ROT   MIRROR MODE 
  ---------------------------------------------------------
  CIRCLE     1.11760                                  DARK 
  CIRCLE     1.65000                                  DARK 
  SQUARE     1.15010                     0.000 NO     DARK 
  SQUARE     1.65000                     0.000 NO     DARK 
  RECTANGLE  0.30000     x 0.84990       0.000 NO     DARK 
  RECTANGLE  0.45010     x 1.47500       0.000 NO     DARK 
  RECTANGLE  0.70000     x 1.50010      90.000 NO     DARK 
  RECTANGLE  0.80010     x 1.00000       0.000 NO     DARK 
  RECTANGLE  0.95000     x 1.75010      90.000 NO     DARK 
  RECTANGLE  1.10010     x 1.30000      90.000 NO     DARK 
  RECTANGLE  1.27000     x 2.54000      90.000 NO     DARK 
  RECTANGLE  1.75010     x 3.19990       0.000 NO     DARK 

     TOP_SOLDER created with warnings


================================================================
     PROCESSING FILM < BOTTOM_SOLDER >
     TO FILE < D:/Projects/HardwareDesign/PCB_ST-LINK V3_1/allegro/BOTTOM_SOLDER.art > ...
================================================================

  FILM PARAMETERS :
  ---------------------------------------------------------
  Undefined line width                0.0000
  Mirror code                         NONE
  Rotate angle                        NONE
  Offset x:                           0.0000
  Offset y:                           0.0000
  Plot negative                       NO
  Suppress unconnected internal pads  NO
  Draw holes only                     NO



  APERTURES USED:
  ---------------------------------------------------------
  TYPE       SIZE/NAME                   ROT   MIRROR MODE 
  ---------------------------------------------------------
  CIRCLE     1.11760                                  DARK 
  CIRCLE     1.65000                                  DARK 
  SQUARE     1.65000                     0.000 NO     DARK 

     BOTTOM_SOLDER created with warnings


------------------------------------------------------
 SUMMARY:
        TOP created with warnings
        GND created with warnings
        POWER created with warnings
        BOTTOM created with warnings
        OUTLINE created with warnings
        TOP_SILK created with warnings
        BOTTOM_SILK created with warnings
        TOP_SOLDER created with warnings
        BOTTOM_SOLDER created with warnings

 ARTWORK had warnings
