(---------------------------------------------------------------------)
(                                                                     )
(    STEP Export                                                      )
(                                                                     )
(    Software Version : 23.1S005                                      )
(    Date/Time        : Thu Jul 25 18:57:26 2024                      )
(                                                                     )
(---------------------------------------------------------------------)




WARNING: Design outline is missing on the layer "BOARD GEOMETRY/DESIGN_OUTLINE".



STEP file: D:/Projects/HardwareDesign/PCB_ST-LINK V3_1/allegro/ST-LINKV3_v3.stp
Design file: D:/Projects/HardwareDesign/PCB_ST-LINK V3_1/allegro/ST-LINKV3_open.brd
Export units: Millimeter
STEP protocol: AP-214
Source identification: allegro_23.1S005
Export selected and highlighted parts?: NO
Export secondary parts?: NO
Export parts with mapped STEP Models?: YES
Ignore STEP definitions for mapped parts?: NO
Export parts without mapped STEP Models?: NO
Export assemblies and enclosures parts?: NO
Export mechanical drills?: YES
Export electrical through pin drills?: YES
Export electrical through via drills?: YES
Export bare board only?: NO
Export external copper?: NO
step_out complete.
