0.000000e+00 (V)  __Gnd
0.000000e+00 (V)  in
4.961081e-01 (V)  n1
1.007832e+00 (V)  n10
5.021620e-01 (V)  n11
1.007884e+00 (V)  n12
5.603784e-01 (V)  n13
1.020034e+00 (V)  n14
5.600570e-01 (V)  n15
1.020029e+00 (V)  n16
5.608212e-01 (V)  n17
1.020042e+00 (V)  n18
5.647612e-01 (V)  n19
1.007760e+00 (V)  n2
1.019862e+00 (V)  n20
5.637197e-01 (V)  n21
1.019880e+00 (V)  n22
5.661971e-01 (V)  n23
1.019825e+00 (V)  n24
-4.551011e-01 (V)  n25
-4.536281e-01 (V)  n26
4.965769e-01 (V)  n3
1.007749e+00 (V)  n4
5.015104e-01 (V)  n5
1.007854e+00 (V)  n6
4.969162e-01 (V)  n7
1.007751e+00 (V)  n8
5.010377e-01 (V)  n9
1.000000e+00 (V)  pwr1
1.000000e+00 (V)  pwr2
1.000000e+00 (V)  pwr3
1.000000e+00 (V)  pwr4
1.000000e+00 (V)  pwr5
1.000000e+00 (V)  pwr6
-4.561601e-01 (V)  rxnode
1.000000e+00 (V)  X1.en
1.000000e+00 (V)  X1.inn
6.846128e-03 (V)  X2.x1.SNPORT0~AN0
1.086535e+00 (V)  X2.x1.SNPORT0~AN1
1.000000e+00 (V)  X2.x1.SNPORT0~AN10
1.016795e+00 (V)  X2.x1.SNPORT0~AN11
9.984800e-01 (V)  X2.x1.SNPORT0~AN2
1.017099e+00 (V)  X2.x1.SNPORT0~AN3
-7.571227e-02 (V)  X2.x1.SNPORT0~AN4
1.038834e+00 (V)  X2.x1.SNPORT0~AN5
9.990706e-01 (V)  X2.x1.SNPORT0~AN6
1.016505e+00 (V)  X2.x1.SNPORT0~AN7
6.167562e-03 (V)  X2.x1.SNPORT0~AN8
1.071530e+00 (V)  X2.x1.SNPORT0~AN9
1.174138e-02 (V)  X3.x1.S1~AN0
1.000028e+00 (V)  X3.x1.S1~AN1
9.955740e-01 (V)  X3.x1.S1~AN2
1.000093e+00 (V)  X3.x1.S1~AN3
1.378960e-02 (V)  X3.x2.S1~AN0
1.000027e+00 (V)  X3.x2.S1~AN1
9.945696e-01 (V)  X3.x2.S1~AN2
1.000118e+00 (V)  X3.x2.S1~AN3
1.025682e-02 (V)  X3.xp.S1~AN0
1.000018e+00 (V)  X3.xp.S1~AN1
9.963010e-01 (V)  X3.xp.S1~AN2
1.000084e+00 (V)  X3.xp.S1~AN3
1.000000e+00 (V)  X4.en
1.000000e+00 (V)  X4.inn
1.000000e+00 (V)  X5.en
1.000000e+00 (V)  X5.inn
1.251827e-01 (V)  X6.x1.SNPORT0~AN0
1.084650e+00 (V)  X6.x1.SNPORT0~AN1
1.039973e+00 (V)  X6.x1.SNPORT0~AN10
9.970801e-01 (V)  X6.x1.SNPORT0~AN11
1.043887e+00 (V)  X6.x1.SNPORT0~AN2
9.964032e-01 (V)  X6.x1.SNPORT0~AN3
5.290818e-02 (V)  X6.x1.SNPORT0~AN4
1.042903e+00 (V)  X6.x1.SNPORT0~AN5
1.042352e+00 (V)  X6.x1.SNPORT0~AN6
9.980718e-01 (V)  X6.x1.SNPORT0~AN7
1.238129e-01 (V)  X6.x1.SNPORT0~AN8
1.070859e+00 (V)  X6.x1.SNPORT0~AN9
-8.328009e-03 (A)  Vrx1
-8.307531e-03 (A)  Vrx2
-8.279552e-03 (A)  Vrx3
-9.922648e-03 (A)  Vtx1
-9.906664e-03 (A)  Vtx2
-9.913489e-03 (A)  Vtx3
-1.000000e-12 (A)  X1.einn
-1.000000e-12 (A)  X1.ven
-1.000000e-12 (A)  X4.einn
-1.000000e-12 (A)  X4.ven
-1.000000e-12 (A)  X5.einn
-1.000000e-12 (A)  X5.ven
4.561601e-13 (A)  X7.erxnode
4.551011e-13 (A)  X8.erxnode
4.536281e-13 (A)  X9.erxnode
0.000000e+00 (A)  Xstim.vstep
