Reading Layer Conversion File 
Reading DXF file...
NOTE: Replacing illegal character * with X in *Model_Space.
NOTE: Replacing illegal character * with X in *Paper_Space.
NOTE: Replacing illegal character * with X in *Paper_Space0.
done.
WARNING: DXF Elements are outside the design extents.
Incresing the extents to accomodate these entities.
DXF entities may be out of their desired positions.
WARNING: DXF Elements are outside the design extents.
Incresing the extents to accomodate these entities.
DXF entities may be out of their desired positions.

ERROR: ERROR(SPMHDB-183): 'LINE' object may not exist on layer 'BOARD GEOMETRY/DESIGN_OUTLINE'.
ERROR: Failed to add LINE on line number 2310
WARNING: DXF Elements are outside the design extents.
Incresing the extents to accomodate these entities.
DXF entities may be out of their desired positions.

ERROR: ERROR(SPMHDB-183): 'LINE' object may not exist on layer 'BOARD GEOMETRY/DESIGN_OUTLINE'.
ERROR: Failed to add LINE on line number 2334
WARNING: DXF Elements are outside the design extents.
Incresing the extents to accomodate these entities.
DXF entities may be out of their desired positions.

ERROR: ERROR(SPMHDB-183): 'LINE' object may not exist on layer 'BOARD GEOMETRY/DESIGN_OUTLINE'.
ERROR: Failed to add LINE on line number 2358
WARNING: DXF Elements are outside the design extents.
Incresing the extents to accomodate these entities.
DXF entities may be out of their desired positions.
WARNING: DXF Elements are outside the design extents.
Incresing the extents to accomodate these entities.
DXF entities may be out of their desired positions.

ERROR: ERROR(SPMHDB-183): 'LINE' object may not exist on layer 'BOARD GEOMETRY/DESIGN_OUTLINE'.
ERROR: Failed to add LINE on line number 2382

ERROR: ERROR(SPMHDB-183): 'LINE' object may not exist on layer 'BOARD GEOMETRY/DESIGN_OUTLINE'.
ERROR: Failed to add CIRCLE on line number 2406

ERROR: ERROR(SPMHDB-183): 'LINE' object may not exist on layer 'BOARD GEOMETRY/DESIGN_OUTLINE'.
ERROR: Failed to add CIRCLE on line number 2426

ERROR: ERROR(SPMHDB-183): 'LINE' object may not exist on layer 'BOARD GEOMETRY/DESIGN_OUTLINE'.
ERROR: Failed to add CIRCLE on line number 2446

ERROR: ERROR(SPMHDB-183): 'LINE' object may not exist on layer 'BOARD GEOMETRY/DESIGN_OUTLINE'.
ERROR: Failed to add CIRCLE on line number 2466

ERROR: ERROR(SPMHDB-183): 'LINE' object may not exist on layer 'BOARD GEOMETRY/DESIGN_OUTLINE'.
ERROR: Failed to add CIRCLE on line number 2486

ERROR: ERROR(SPMHDB-183): 'LINE' object may not exist on layer 'BOARD GEOMETRY/DESIGN_OUTLINE'.
ERROR: Failed to add CIRCLE on line number 2506

ERROR: ERROR(SPMHDB-183): 'LINE' object may not exist on layer 'BOARD GEOMETRY/DESIGN_OUTLINE'.
ERROR: Failed to add CIRCLE on line number 2526

ERROR: ERROR(SPMHDB-183): 'LINE' object may not exist on layer 'BOARD GEOMETRY/DESIGN_OUTLINE'.
ERROR: Failed to add CIRCLE on line number 2546

ERROR: ERROR(SPMHDB-183): 'LINE' object may not exist on layer 'BOARD GEOMETRY/DESIGN_OUTLINE'.
ERROR: Failed to add CIRCLE on line number 2566

ERROR: ERROR(SPMHDB-183): 'LINE' object may not exist on layer 'BOARD GEOMETRY/DESIGN_OUTLINE'.
ERROR: Failed to add CIRCLE on line number 2586

ERROR: ERROR(SPMHDB-183): 'LINE' object may not exist on layer 'BOARD GEOMETRY/DESIGN_OUTLINE'.
ERROR: Failed to add CIRCLE on line number 2606

ERROR: ERROR(SPMHDB-183): 'LINE' object may not exist on layer 'BOARD GEOMETRY/DESIGN_OUTLINE'.
ERROR: Failed to add CIRCLE on line number 2626
Layer conversion file: C:/Cadence/SPB_23.1/share/pcb/text/dlibx2iff.cnv
DXF file: C:/Users/Prometheus/Downloads/Downloads/Telegram Desktop/EATX Scale01 v3.dxf
BRD file: D:/PROJECTS/HARDWAREDESIGN/PCB_ULTIMA/allegro/#Taaaaau02228.tmp
Update existing design?: YES
Use default text?: NO
DXF units: MILLIMETERS
Design units: MILS
Design precision: 1
dxf2a complete.
