(---------------------------------------------------------------------)
(                                                                     )
(    Allegro Netrev Import Logic                                      )
(                                                                     )
(    Drawing          : ultima_new.brd                                )
(    Software Version : 23.1S005                                      )
(    Date/Time        : Thu Aug 22 18:25:57 2024                      )
(                                                                     )
(---------------------------------------------------------------------)


------ Directives ------------

Ripup etch:                  No
Ripup delete first segment:  No
Ripup retain bondwire:       No
Ripup symbols:               Always
Missing symbol has error:    No
DRC update:                  Yes
Schematic directory:         'D:\Projects\HardwareDesign\PCB_Ultima\allegro'
Design Directory:            'D:/Projects/HardwareDesign/PCB_Ultima/allegro'
Old design name:             'D:/Projects/HardwareDesign/PCB_Ultima/allegro/ultima_new.brd'
New design name:             'D:/Projects/HardwareDesign/PCB_Ultima/allegro/ultima_new.brd'

CmdLine: netrev.exe -y 1 -v -n -i D:\Projects\HardwareDesign\PCB_Ultima\allegro D:/Projects/HardwareDesign/PCB_Ultima/allegro/ultima_new.brd D:/Projects/HardwareDesign/PCB_Ultima/allegro/ultima_new.brd

------ Preparing to read pst files ------

Starting to read D:/Projects/HardwareDesign/PCB_Ultima/allegro/pstchip.dat 
   Finished reading D:/Projects/HardwareDesign/PCB_Ultima/allegro/pstchip.dat (00:00:00.54)
Starting to read D:/Projects/HardwareDesign/PCB_Ultima/allegro/pstxprt.dat 
   Finished reading D:/Projects/HardwareDesign/PCB_Ultima/allegro/pstxprt.dat (00:00:00.00)
Starting to read D:/Projects/HardwareDesign/PCB_Ultima/allegro/pstxnet.dat 
   Finished reading D:/Projects/HardwareDesign/PCB_Ultima/allegro/pstxnet.dat (00:00:00.00)

------ Oversights/Warnings/Errors ------


#1   WARNING(SPMHNI-192): Device/Symbol check warning detected. [help]

WARNING(SPMHNI-337): Unable to load symbol 'QFN50P600X600X95-37N-D' used by RefDes IC5 for device 'SI5324C-C-GM_QFN50P600X600X95-37N-D_SI5324C-C-GM': WARNING(SPMHUT-127): Could not find padstack D105_30.
    due to ERROR(SPMHDB-273): Unable to load shape symbol D105_30 (Check PSMPATH setting for thi

     Could not find padstack D105_30.



===========================================================
Start Constraint Override Import
	Constraint File:    D:/Projects/HardwareDesign/PCB_Ultima/allegro/pstcmdb.dat
	Start time: Thu Aug 22 18:25:58 2024
===========================================================
===========================================================
Finished Constraint Update	Time: Thu Aug 22 18:25:58 2024
===========================================================

------ Library Paths ------
MODULEPATH =  . 
           C:/Cadence/SPB_23.1/share/orApps/OrCaptureApp/../../../share/local/pcb/modules 

PSMPATH =  . 
           symbols 
           .. 
           ../symbols 
           C:/Cadence/SPB_23.1/share/orApps/OrCaptureApp/../../../share/local/pcb/symbols 
           C:/Cadence/SPB_23.1/share/orApps/OrCaptureApp/../../../share/pcb/pcb_lib/symbols 
           C:/Cadence/SPB_23.1/share/orApps/OrCaptureApp/../../../share/pcb/allegrolib/symbols 

PADPATH =  . 
           symbols 
           .. 
           ../symbols 
           C:/Cadence/SPB_23.1/share/orApps/OrCaptureApp/../../../share/local/pcb/padstacks 
           C:/Cadence/SPB_23.1/share/orApps/OrCaptureApp/../../../share/pcb/pcb_lib/symbols 
           C:/Cadence/SPB_23.1/share/orApps/OrCaptureApp/../../../share/pcb/allegrolib/symbols 


------ Summary Statistics ------


netrev run on Aug 22 18:25:57 2024
   DESIGN NAME : 'ULTIMA'
   PACKAGING ON Jun 12 2024 12:32:55

   COMPILE 'logic'
   CHECK_PIN_NAMES OFF
   CROSS_REFERENCE OFF
   FEEDBACK OFF
   INCREMENTAL OFF
   INTERFACE_TYPE PHYSICAL
   MAX_ERRORS 500
   MERGE_MINIMUM 5
   NET_NAME_CHARS '#%&()*+-./:=>?@[]^_`|'
   NET_NAME_LENGTH 24
   OVERSIGHTS ON
   REPLACE_CHECK OFF
   SINGLE_NODE_NETS ON
   SPLIT_MINIMUM 0
   SUPPRESS   20
   WARNINGS ON

 No error detected
 No oversight detected
  1 warnings detected

cpu time      0:04:04
elapsed time  0:00:01

