(---------------------------------------------------------------------)
(                                                                     )
(    QUICKPLACE LOG                                                   )
(                                                                     )
(    Drawing          : ultima_new.brd                                )
(    Software Version : 23.1S005                                      )
(    Date/Time        : Fri Aug 23 00:23:33 2024                      )
(                                                                     )
(---------------------------------------------------------------------)


State: Placing on layer TOP

WARNING: Could not place:  IC2 / XC7K325T-2FFG900I_BGA900C100P30X30_3100X3100X335_XC7K325T-2FFG900I / BGA900C100P30X30_3100X3100X335; outside of drawing extents
         Placed symbol:  J4 / ASP-134486-01_ASP13448601_ASP-134486-01 / ASP13448601 at (6.4328 41.2153)
WARNING: Could not place:  J3 / 2-2013310-2_220133102_DDR3_SODIMM / 220133102; outside of drawing extents
         Placed symbol:  J5 / ASP-134603-01_ASP13460301_ASP-134603-01 / ASP13460301 at (12.3841 41.5578)
         Placed symbol:  J7 / 87715-9202_877159202_87715-9202 / 877159202 at (13.2889 41.7603)
ERROR:   Could not find symbol:  IC5 / SI5324C-C-GM_QFN50P600X600X95-37N-D_SI5324C-C-GM / QFN50P600X600X95-37N-D
WARNING: Could not place:  J10 / 74754-0101_747540101_74754-0101 / 747540101; outside of drawing extents
         Placed symbol:  U3 / SN74LV541APWR_SOP65P640X120-20N_SN74LV541APWR / SOP65P640X120-20N at (19.2758 41.3805)
         Placed symbol:  J2 / 87832-1420_87832-1420_87832-1420 / 87832-1420 at (20.0102 41.1578)
ERROR:   Could not find symbol:  IC9 / TPS51200DRCT_SON50P300X300X100-11N-D_TPS51200DRCT / SON50P300X300X100-11N-D
         Placed symbol:  U4 / SN74AVC2T245RSWR_0_RSW_RPUQFNN10__SN74AVC2T245RSWR / RSW_RPUQFNN10_ at (21.7408 41.1628)
         Placed symbol:  U1 / 08-0625-70_HDRV8W51P0X254_1X8_2032X254X816P_DIGILENT_USB_JTAG / HDRV8W51P0X254_1X8_2032X254X816P at (22.0818 41.1748)
         Placed symbol:  CP8 / W2A4YC104KAT2A_W2A4YC104KAT2A_W2A4YC104KAT2A / W2A4YC104KAT2A at (24.2396 41.2143)
         Placed symbol:  IC7 / LMZ12002TZE-ADJ_NOPB_0_NDW0007A_LMZ12002TZE-ADJ_NOPB / NDW0007A at (25.0615 41.1733)
         Placed symbol:  IC4 / SI52112-B5-GT_SOP65P640X120-8N_10MHZ-810MHZ / SOP65P640X120-8N at (25.9903 41.2003)
         Placed symbol:  IC3 / SI52112-B5-GT_SOP65P640X120-8N_SI52112-B5-GT / SOP65P640X120-8N at (26.7956 41.2003)
         Placed symbol:  CP7 / W2A4YC104KAT2A_W2A4YC104KAT2A_W2A4YC104KAT2A / W2A4YC104KAT2A at (27.4134 41.2143)
         Placed symbol:  CP9 / W2A4YC104KAT2A_W2A4YC104KAT2A_W2A4YC104KAT2A / W2A4YC104KAT2A at (27.8437 41.2143)
         Placed symbol:  CP5 / W2A4YC104KAT2A_W2A4YC104KAT2A_W2A4YC104KAT2A / W2A4YC104KAT2A at (28.2740 41.2143)
         Placed symbol:  CP4 / W2A4YC104KAT2A_W2A4YC104KAT2A_W2A4YC104KAT2A / W2A4YC104KAT2A at (28.7043 41.2143)
         Placed symbol:  CP6 / W2A4YC104KAT2A_W2A4YC104KAT2A_W2A4YC104KAT2A / W2A4YC104KAT2A at (29.1346 41.2143)
         Placed symbol:  CP3 / W2A4YC104KAT2A_W2A4YC104KAT2A_W2A4YC104KAT2A / W2A4YC104KAT2A at (29.5649 41.2143)
         Placed symbol:  CP2 / W2A4YC104KAT2A_W2A4YC104KAT2A_W2A4YC104KAT2A / W2A4YC104KAT2A at (29.9952 41.2143)
         Placed symbol:  CP1 / W2A4YC104KAT2A_W2A4YC104KAT2A_W2A4YC104KAT2A / W2A4YC104KAT2A at (30.4255 41.2143)
ERROR:   Could not find symbol:  IC8 / ADP123ACPZ-R7_SON65P200X200X65-7N-D_ADP123ACPZ-R7 / SON65P200X200X65-7N-D
         Placed symbol:  IC6 / TL1963ADCQR_SOT127P706X180-6N_TL1963ADCQR / SOT127P706X180-6N at (31.0783 41.3753)
         Placed symbol:  Y33 / AX3HAF1-114_0.0000T_AX3_3_2X2_5_AX3HAF1-114.0000T / AX3_3_2X2_5 at (31.7911 41.3353)
         Placed symbol:  Y2 / SIT9102AI-243N25E200.00000X_SIT9102AI243N25E20000000X_SIT9102AI-243N25E200.00000X / SIT9102AI243N25E20000000X at (32.5264 41.4803)
         Placed symbol:  J6 / HTSW-103-07-T-D_HDRV6W64P254_2X3_762X502X838P_HTSW-103-07-T-D / HDRV6W64P254_2X3_762X502X838P at (33.1512 41.1718)
         Placed symbol:  U5 / SN74AVC1T45DBVR_SOT95P280X145-6N_SN74AVC1T45DBVR / SOT95P280X145-6N at (34.0465 41.2003)
         Placed symbol:  IC1 / SN74AVC1T45DBVR_SOT95P280X145-6N_SN74AVC1T45DBVR / SOT95P280X145-6N at (34.4918 41.2003)
         Placed symbol:  U7 / SN74LVC1G66DBVR_SOT95P280X145-5N_SN74LVC1G66DBVR / SOT95P280X145-5N at (34.9371 41.2003)
         Placed symbol:  U6 / SN74LVC1G66DBVR_SOT95P280X145-5N_SN74LVC1G66DBVR / SOT95P280X145-5N at (35.3824 41.2003)
         Placed symbol:  Y1 / ASE-25.000MHZ-LC-T_ASE24576MHZLCT_ASE-25.000MHZ-LC-T / ASE24576MHZLCT at (35.8852 41.2853)
         Placed symbol:  U2 / ASFLMB-66.000MHZ-XY-T_ABRACONASFLM4PIN_ASFLMB-66.000MHZ-XY-T / ABRACONASFLM4PIN at (36.5255 41.2903)
         Placed symbol:  J15 / 69167-103_SHDR3W64P0X254_1X3_762X516X980P_69167-103 / SHDR3W64P0X254_1X3_762X516X980P at (37.0478 41.3033)
         Placed symbol:  D1 / BAS4004E6327HTSA1_SOT95P240X110-3N_BAS4004E6327HTSA1 / SOT95P240X110-3N at (37.9293 41.1953)
         Placed symbol:  Q2 / NDS331N_SOT95P251X112-3N_NDS331N / SOT95P251X112-3N at (38.3458 41.1973)
         Placed symbol:  Q1 / NDS331N_SOT95P251X112-3N_NDS331N / SOT95P251X112-3N at (38.7561 41.1973)
         Placed symbol:  J8 / 69167-103_SHDR3W64P0X254_1X3_762X516X980P_69167-103 / SHDR3W64P0X254_1X3_762X516X980P at (39.1234 41.3033)
         Placed symbol:  J14 / 69167-103_SHDR3W64P0X254_1X3_762X516X980P_69167-103 / SHDR3W64P0X254_1X3_762X516X980P at (39.9557 41.3033)
         Placed symbol:  C99 / C1206C223F8HACAUTO_C1206_DISCRETE_0.022U / C1206 at (40.9235 41.2003)
         Placed symbol:  C98 / C1206C223F8HACAUTO_C1206_DISCRETE_0.022U / C1206 at (41.5188 41.2003)
         Placed symbol:  C113 / JMK325BJ107MM-T_CAPC3225X270N_DISCRETE_0.1U / CAPC3225X270N at (42.0378 41.1713)
         Placed symbol:  C117 / JMK325BJ107MM-T_CAPC3225X270N_DISCRETE_0.1U / CAPC3225X270N at (42.4805 41.1713)
         Placed symbol:  C124 / JMK325BJ107MM-T_CAPC3225X270N_DISCRETE_0.1U / CAPC3225X270N at (42.9232 41.1713)
         Placed symbol:  C118 / JMK325BJ107MM-T_CAPC3225X270N_DISCRETE_0.1U / CAPC3225X270N at (43.3659 41.1713)
         Placed symbol:  C129 / JMK325BJ107MM-T_CAPC3225X270N_DISCRETE_0.1U / CAPC3225X270N at (43.8086 41.1713)
         Placed symbol:  C120 / JMK325BJ107MM-T_CAPC3225X270N_DISCRETE_0.1U / CAPC3225X270N at (44.2513 41.1713)
         Placed symbol:  C137 / JMK325BJ107MM-T_CAPC3225X270N_DISCRETE_0.1U / CAPC3225X270N at (44.6940 41.1713)
         Placed symbol:  C139 / JMK325BJ107MM-T_CAPC3225X270N_DISCRETE_0.1U / CAPC3225X270N at (45.1367 41.1713)
         Placed symbol:  C127 / JMK325BJ107MM-T_CAPC3225X270N_DISCRETE_0.1U / CAPC3225X270N at (45.5794 41.1713)
         Placed symbol:  C44 / JMK325BJ107MM-T_CAPC3225X270N_DISCRETE_0.1U / CAPC3225X270N at (46.0221 41.1713)
         Placed symbol:  C68 / JMK325BJ107MM-T_CAPC3225X270N_DISCRETE_0.1U / CAPC3225X270N at (46.4648 41.1713)
         Placed symbol:  C97 / C1206C223F8HACAUTO_C1206_DISCRETE_0.022U / C1206 at (46.9838 41.2003)
         Placed symbol:  C71 / JMK325BJ107MM-T_CAPC3225X270N_DISCRETE_0.1U / CAPC3225X270N at (47.5028 41.1713)
         Placed symbol:  C133 / JMK325BJ107MM-T_CAPC3225X270N_DISCRETE_0.1U / CAPC3225X270N at (47.9455 41.1713)
         Placed symbol:  C72 / JMK325BJ107MM-T_CAPC3225X270N_DISCRETE_0.1U / CAPC3225X270N at (48.3882 41.1713)
         Placed symbol:  C73 / JMK325BJ107MM-T_CAPC3225X270N_DISCRETE_0.1U / CAPC3225X270N at (48.8309 41.1713)
         Placed symbol:  C74 / JMK325BJ107MM-T_CAPC3225X270N_DISCRETE_0.1U / CAPC3225X270N at (49.2736 41.1713)
         Placed symbol:  C43 / JMK325BJ107MM-T_CAPC3225X270N_DISCRETE_0.1U / CAPC3225X270N at (49.7163 41.1713)
         Placed symbol:  C80 / JMK325BJ107MM-T_CAPC3225X270N_DISCRETE_0.1U / CAPC3225X270N at (50.1590 41.1713)
         Placed symbol:  C82 / JMK325BJ107MM-T_CAPC3225X270N_DISCRETE_0.1U / CAPC3225X270N at (50.6017 41.1713)
         Placed symbol:  C83 / JMK325BJ107MM-T_CAPC3225X270N_DISCRETE_0.1U / CAPC3225X270N at (1.2315 42.8131)
         Placed symbol:  C84 / JMK325BJ107MM-T_CAPC3225X270N_DISCRETE_0.1U / CAPC3225X270N at (1.6742 42.8131)
         Placed symbol:  C69 / JMK325BJ107MM-T_CAPC3225X270N_DISCRETE_0.1U / CAPC3225X270N at (2.1169 42.8131)
         Placed symbol:  C95 / JMK325BJ107MM-T_CAPC3225X270N_DISCRETE_0.1U / CAPC3225X270N at (2.5596 42.8131)
         Placed symbol:  C114 / JMK325BJ107MM-T_CAPC3225X270N_DISCRETE_22U / CAPC3225X270N at (3.0023 42.8131)
         Placed symbol:  C115 / JMK325BJ107MM-T_CAPC3225X270N_DISCRETE_22U / CAPC3225X270N at (3.4450 42.8131)
         Placed symbol:  C116 / JMK325BJ107MM-T_CAPC3225X270N_DISCRETE_22U / CAPC3225X270N at (3.8877 42.8131)
         Placed symbol:  C119 / JMK325BJ107MM-T_CAPC3225X270N_DISCRETE_10U / CAPC3225X270N at (4.3304 42.8131)
         Placed symbol:  C132 / JMK325BJ107MM-T_CAPC3225X270N_DISCRETE_10U / CAPC3225X270N at (4.7731 42.8131)
         Placed symbol:  C70 / JMK325BJ107MM-T_CAPC3225X270N_DISCRETE_0.1U / CAPC3225X270N at (5.2158 42.8131)
         Placed symbol:  C81 / JMK325BJ107MM-T_CAPC3225X270N_DISCRETE_10U / CAPC3225X270N at (5.6585 42.8131)
         Placed symbol:  C96 / C1206C223F8HACAUTO_C1206_DISCRETE_0.022U / C1206 at (6.1775 42.8421)
         Placed symbol:  C78 / JMK325BJ107MM-T_CAPC3225X270N_DISCRETE_0.1U / CAPC3225X270N at (6.6965 42.8131)
         Placed symbol:  C122 / TR3E337K010C0060_CAPPM7343X430N_DISCRETE_330U / CAPPM7343X430N at (7.3830 42.9196)
         Placed symbol:  C2 / TR3E337K010C0060_CAPPM7343X430N_DISCRETE_330U / CAPPM7343X430N at (8.3133 42.9196)
         Placed symbol:  C3 / TR3E337K010C0060_CAPPM7343X430N_DISCRETE_330U / CAPPM7343X430N at (9.2436 42.9196)
         Placed symbol:  C4 / TR3E337K010C0060_CAPPM7343X430N_DISCRETE_330U / CAPPM7343X430N at (10.1739 42.9196)
         Placed symbol:  C46 / TR3E337K010C0060_CAPPM7343X430N_DISCRETE_330U / CAPPM7343X430N at (11.1042 42.9196)
         Placed symbol:  C47 / TR3E337K010C0060_CAPPM7343X430N_DISCRETE_330U / CAPPM7343X430N at (12.0345 42.9196)
         Placed symbol:  C77 / TR3E337K010C0060_CAPPM7343X430N_DISCRETE_330U / CAPPM7343X430N at (12.9648 42.9196)
         Placed symbol:  C121 / C1206C223F8HACAUTO_C1206_DISCRETE_0.1U / C1206 at (13.7276 42.8421)
         Placed symbol:  C94 / JMK325BJ107MM-T_CAPC3225X270N_DISCRETE_0.1U / CAPC3225X270N at (14.2466 42.8131)
         Placed symbol:  C123 / JMK325BJ107MM-T_CAPC3225X270N_DISCRETE_1U / CAPC3225X270N at (14.6893 42.8131)
         Placed symbol:  C86 / JMK325BJ107MM-T_CAPC3225X270N_DISCRETE_1U / CAPC3225X270N at (15.1320 42.8131)
         Placed symbol:  C87 / JMK325BJ107MM-T_CAPC3225X270N_DISCRETE_1U / CAPC3225X270N at (15.5747 42.8131)
         Placed symbol:  C88 / JMK325BJ107MM-T_CAPC3225X270N_DISCRETE_1U / CAPC3225X270N at (16.0174 42.8131)
         Placed symbol:  C90 / JMK325BJ107MM-T_CAPC3225X270N_DISCRETE_1U / CAPC3225X270N at (16.4601 42.8131)
         Placed symbol:  C91 / JMK325BJ107MM-T_CAPC3225X270N_DISCRETE_1U / CAPC3225X270N at (16.9028 42.8131)
         Placed symbol:  C92 / JMK325BJ107MM-T_CAPC3225X270N_DISCRETE_1U / CAPC3225X270N at (17.3455 42.8131)
         Placed symbol:  C128 / C1206C223F8HACAUTO_C1206_DISCRETE_18P / C1206 at (17.8645 42.8421)
         Placed symbol:  C134 / C1206C223F8HACAUTO_C1206_DISCRETE_18P / C1206 at (18.4598 42.8421)
         Placed symbol:  C75 / JMK325BJ107MM-T_CAPC3225X270N_DISCRETE_10U / CAPC3225X270N at (18.9788 42.8131)
         Placed symbol:  C14 / JMK105BBJ475MV8F_CAPC1005X55N_DISCRETE_4.7U / CAPC1005X55N at (19.3325 42.7298)
         Placed symbol:  C15 / JMK105BBJ475MV8F_CAPC1005X55N_DISCRETE_4.7U / CAPC1005X55N at (19.5972 42.7298)
         Placed symbol:  C16 / JMK105BBJ475MV8F_CAPC1005X55N_DISCRETE_4.7U / CAPC1005X55N at (19.8619 42.7298)
         Placed symbol:  C17 / JMK105BBJ475MV8F_CAPC1005X55N_DISCRETE_4.7U / CAPC1005X55N at (20.1266 42.7298)
         Placed symbol:  C18 / JMK105BBJ475MV8F_CAPC1005X55N_DISCRETE_4.7U / CAPC1005X55N at (20.3913 42.7298)
         Placed symbol:  C39 / JMK105BBJ475MV8F_CAPC1005X55N_DISCRETE_4.7U / CAPC1005X55N at (20.6560 42.7298)
         Placed symbol:  C40 / JMK105BBJ475MV8F_CAPC1005X55N_DISCRETE_4.7U / CAPC1005X55N at (20.9207 42.7298)
         Placed symbol:  C42 / JMK105BBJ475MV8F_CAPC1005X55N_DISCRETE_4.7U / CAPC1005X55N at (21.1854 42.7298)
         Placed symbol:  C53 / JMK105BBJ475MV8F_CAPC1005X55N_DISCRETE_4.7U / CAPC1005X55N at (21.4501 42.7298)
         Placed symbol:  C54 / JMK105BBJ475MV8F_CAPC1005X55N_DISCRETE_4.7U / CAPC1005X55N at (21.7148 42.7298)
         Placed symbol:  C55 / JMK105BBJ475MV8F_CAPC1005X55N_DISCRETE_4.7U / CAPC1005X55N at (21.9795 42.7298)
         Placed symbol:  C59 / JMK105BBJ475MV8F_CAPC1005X55N_DISCRETE_4.7U / CAPC1005X55N at (22.2442 42.7298)
         Placed symbol:  C67 / JMK105BBJ475MV8F_CAPC1005X55N_DISCRETE_4.7U / CAPC1005X55N at (22.5089 42.7298)
         Placed symbol:  C12 / TR3E337K010C0060_CAPPM7343X430N_DISCRETE_330U / CAPPM7343X430N at (23.1064 42.9196)
         Placed symbol:  C85 / JMK325BJ107MM-T_CAPC3225X270N_DISCRETE_10U / CAPC3225X270N at (23.7929 42.8131)
         Placed symbol:  C76 / JMK325BJ107MM-T_CAPC3225X270N_DISCRETE_0.01U / CAPC3225X270N at (24.2356 42.8131)
         Placed symbol:  C135 / C1206C223F8HACAUTO_C1206_DISCRETE_0.01U / C1206 at (24.7546 42.8421)
         Placed symbol:  C136 / C1206C223F8HACAUTO_C1206_DISCRETE_0.01U / C1206 at (25.3499 42.8421)
         Placed symbol:  C131 / JMK325BJ107MM-T_CAPC3225X270N_DISCRETE_0.01U / CAPC3225X270N at (25.8689 42.8131)
         Placed symbol:  C125 / C1206C223F8HACAUTO_C1206_DISCRETE_0.1U / C1206 at (26.3879 42.8421)
         Placed symbol:  C20 / JMK325BJ107MM-T_CAPC3225X270N_DISCRETE_100U / CAPC3225X270N at (26.9069 42.8131)
         Placed symbol:  C48 / JMK325BJ107MM-T_CAPC3225X270N_DISCRETE_100U / CAPC3225X270N at (27.3496 42.8131)
         Placed symbol:  C49 / JMK325BJ107MM-T_CAPC3225X270N_DISCRETE_100U / CAPC3225X270N at (27.7923 42.8131)
         Placed symbol:  C5 / JMK325BJ107MM-T_CAPC3225X270N_DISCRETE_100U / CAPC3225X270N at (28.2350 42.8131)
         Placed symbol:  C56 / JMK325BJ107MM-T_CAPC3225X270N_DISCRETE_100U / CAPC3225X270N at (28.6777 42.8131)
         Placed symbol:  C111 / C1206C223F8HACAUTO_C1206_DISCRETE_0.022U / C1206 at (29.1967 42.8421)
         Placed symbol:  C7 / JMK325BJ107MM-T_CAPC3225X270N_DISCRETE_100U / CAPC3225X270N at (29.7157 42.8131)
         Placed symbol:  C8 / JMK325BJ107MM-T_CAPC3225X270N_DISCRETE_100U / CAPC3225X270N at (30.1584 42.8131)
         Placed symbol:  C9 / JMK325BJ107MM-T_CAPC3225X270N_DISCRETE_100U / CAPC3225X270N at (30.6011 42.8131)
         Placed symbol:  C21 / JMK105BBJ475MV8F_CAPC1005X55N_DISCRETE_47U / CAPC1005X55N at (30.9548 42.7298)
         Placed symbol:  C22 / JMK105BBJ475MV8F_CAPC1005X55N_DISCRETE_47U / CAPC1005X55N at (31.2195 42.7298)
         Placed symbol:  C30 / JMK105BBJ475MV8F_CAPC1005X55N_DISCRETE_47U / CAPC1005X55N at (31.4842 42.7298)
         Placed symbol:  C57 / JMK105BBJ475MV8F_CAPC1005X55N_DISCRETE_47U / CAPC1005X55N at (31.7489 42.7298)
         Placed symbol:  C63 / JMK105BBJ475MV8F_CAPC1005X55N_DISCRETE_47U / CAPC1005X55N at (32.0136 42.7298)
         Placed symbol:  C24 / JMK105BBJ475MV8F_CAPC1005X55N_DISCRETE_1U / CAPC1005X55N at (32.2783 42.7298)
         Placed symbol:  C38 / JMK105BBJ475MV8F_CAPC1005X55N_DISCRETE_1U / CAPC1005X55N at (32.5430 42.7298)
         Placed symbol:  C41 / JMK105BBJ475MV8F_CAPC1005X55N_DISCRETE_1U / CAPC1005X55N at (32.8077 42.7298)
         Placed symbol:  C65 / JMK105BBJ475MV8F_CAPC1005X55N_DISCRETE_1U / CAPC1005X55N at (33.0724 42.7298)
         Placed symbol:  C13 / JMK105BBJ475MV8F_CAPC1005X55N_DISCRETE_4.7U / CAPC1005X55N at (33.3371 42.7298)
         Placed symbol:  C31 / JMK105BBJ475MV8F_CAPC1005X55N_DISCRETE_0.47U / CAPC1005X55N at (33.6018 42.7298)
         Placed symbol:  C32 / JMK105BBJ475MV8F_CAPC1005X55N_DISCRETE_0.47U / CAPC1005X55N at (33.8665 42.7298)
         Placed symbol:  C130 / JMK325BJ107MM-T_CAPC3225X270N_DISCRETE_0.01U / CAPC3225X270N at (34.2202 42.8131)
         Placed symbol:  C34 / JMK105BBJ475MV8F_CAPC1005X55N_DISCRETE_0.47U / CAPC1005X55N at (34.5739 42.7298)
         Placed symbol:  C35 / JMK105BBJ475MV8F_CAPC1005X55N_DISCRETE_0.47U / CAPC1005X55N at (34.8386 42.7298)
         Placed symbol:  C36 / JMK105BBJ475MV8F_CAPC1005X55N_DISCRETE_0.47U / CAPC1005X55N at (35.1033 42.7298)
         Placed symbol:  C37 / JMK105BBJ475MV8F_CAPC1005X55N_DISCRETE_0.47U / CAPC1005X55N at (35.3680 42.7298)
         Placed symbol:  C64 / JMK105BBJ475MV8F_CAPC1005X55N_DISCRETE_0.47U / CAPC1005X55N at (35.6327 42.7298)
         Placed symbol:  C89 / 06034C104KAT2A_CAPC1608X90N_DISCRETE_0.01U / CAPC1608X90N at (35.9214 42.7298)
         Placed symbol:  C93 / 06034C104KAT2A_CAPC1608X90N_DISCRETE_0.01U / CAPC1608X90N at (36.2341 42.7298)
         Placed symbol:  C110 / C1206C223F8HACAUTO_C1206_DISCRETE_0.022U / C1206 at (36.6881 42.8421)
         Placed symbol:  C109 / C1206C223F8HACAUTO_C1206_DISCRETE_0.022U / C1206 at (37.2834 42.8421)
         Placed symbol:  C108 / C1206C223F8HACAUTO_C1206_DISCRETE_0.022U / C1206 at (37.8787 42.8421)
         Placed symbol:  C107 / C1206C223F8HACAUTO_C1206_DISCRETE_0.022U / C1206 at (38.4740 42.8421)
         Placed symbol:  C106 / C1206C223F8HACAUTO_C1206_DISCRETE_0.022U / C1206 at (39.0693 42.8421)
         Placed symbol:  C105 / C1206C223F8HACAUTO_C1206_DISCRETE_0.022U / C1206 at (39.6646 42.8421)
         Placed symbol:  C104 / C1206C223F8HACAUTO_C1206_DISCRETE_0.022U / C1206 at (40.2599 42.8421)
         Placed symbol:  C103 / C1206C223F8HACAUTO_C1206_DISCRETE_0.022U / C1206 at (40.8552 42.8421)
         Placed symbol:  C102 / C1206C223F8HACAUTO_C1206_DISCRETE_0.022U / C1206 at (41.4505 42.8421)
         Placed symbol:  C61 / C1206C223F8HACAUTO_C1206_DISCRETE_0.022U / C1206 at (42.0458 42.8421)
         Placed symbol:  DS1 / SM0603GCL_LEDC1608X60N_SM0603GCL / LEDC1608X60N at (42.5261 42.7571)
         Placed symbol:  LED2 / SM0603GCL_LEDC1608X60N_SM0603GCL / LEDC1608X60N at (42.8914 42.7571)
         Placed symbol:  FB1 / BLM15EG221SZ1D_NFZ15SG152SN10B_BLM15EG221SZ1D / NFZ15SG152SN10B at (43.2042 42.7346)
         Placed symbol:  FB2 / BLM15EG221SZ1D_NFZ15SG152SN10B_BLM15EG221SZ1D / NFZ15SG152SN10B at (43.4645 42.7346)
         Placed symbol:  FB3 / BLM15EG221SZ1D_NFZ15SG152SN10B_BLM15EG221SZ1D / NFZ15SG152SN10B at (43.7248 42.7346)
         Placed symbol:  C29 / C1206C223F8HACAUTO_C1206_DISCRETE_0.022U / C1206 at (44.1526 42.8421)
         Placed symbol:  C28 / C1206C223F8HACAUTO_C1206_DISCRETE_0.022U / C1206 at (44.7479 42.8421)
         Placed symbol:  C101 / C1206C223F8HACAUTO_C1206_DISCRETE_0.022U / C1206 at (45.3432 42.8421)
         Placed symbol:  C100 / C1206C223F8HACAUTO_C1206_DISCRETE_0.022U / C1206 at (45.9385 42.8421)
         Placed symbol:  C79 / 06034C104KAT2A_CAPC1608X90N_DISCRETE_0.1U / CAPC1608X90N at (46.3925 42.7298)
         Placed symbol:  C52 / 06034C104KAT2A_CAPC1608X90N_DISCRETE_0.1U / CAPC1608X90N at (46.7052 42.7298)
WARNING: Could not place:  J1 / S8421-45R_S8421-45R_1_S8421-45R / S8421-45R_1; outside of drawing extents
         Placed symbol:  C51 / 06034C104KAT2A_CAPC1608X90N_DISCRETE_0.1U / CAPC1608X90N at (47.0179 42.7298)
WARNING: Could not place:  J11 / 149-0801-801_1490801801_149-0801-801 / 1490801801; outside of drawing extents
WARNING: Could not place:  J12 / 149-0801-801_1490801801_149-0801-801 / 1490801801; outside of drawing extents
WARNING: Could not place:  J16 / 149-0801-801_1490801801_149-0801-801 / 1490801801; outside of drawing extents
WARNING: Could not place:  J17 / 149-0801-801_1490801801_149-0801-801 / 1490801801; outside of drawing extents
WARNING: Could not place:  J18 / 149-0801-801_1490801801_149-0801-801 / 1490801801; outside of drawing extents
WARNING: Could not place:  J19 / 149-0801-801_1490801801_149-0801-801 / 1490801801; outside of drawing extents
WARNING: Could not place:  J20 / 149-0801-801_1490801801_149-0801-801 / 1490801801; outside of drawing extents
WARNING: Could not place:  J21 / 149-0801-801_1490801801_149-0801-801 / 1490801801; outside of drawing extents
WARNING: Could not place:  J22 / 149-0801-801_1490801801_149-0801-801 / 1490801801; outside of drawing extents
WARNING: Could not place:  J23 / 149-0801-801_1490801801_149-0801-801 / 1490801801; outside of drawing extents
WARNING: Could not place:  J24 / 149-0801-801_1490801801_149-0801-801 / 1490801801; outside of drawing extents
WARNING: Could not place:  J25 / 149-0801-801_1490801801_149-0801-801 / 1490801801; outside of drawing extents
WARNING: Could not place:  J9 / 149-0801-801_1490801801_149-0801-801 / 1490801801; outside of drawing extents
WARNING: Could not place:  J13 / 67996-100HLF_HDRV2W67P254_2X1_254X483X858P_67996-100HLF / HDRV2W67P254_2X1_254X483X858P; outside of drawing extents
         Placed symbol:  C62 / C1206C223F8HACAUTO_C1206_DISCRETE_0.022U / C1206 at (47.4719 42.8421)
         Placed symbol:  C19 / JMK325BJ107MM-T_CAPC3225X270N_DISCRETE_100U / CAPC3225X270N at (47.9909 42.8131)
         Placed symbol:  C138 / C1206C223F8HACAUTO_C1206_DISCRETE_0.01U / C1206 at (48.5099 42.8421)
         Placed symbol:  C50 / 06034C104KAT2A_CAPC1608X90N_DISCRETE_0.1U / CAPC1608X90N at (48.9639 42.7298)
         Placed symbol:  C45 / 06034C104KAT2A_CAPC1608X90N_DISCRETE_0.1U / CAPC1608X90N at (49.2766 42.7298)
         Placed symbol:  C126 / 06034C104KAT2A_CAPC1608X90N_DISCRETE_0.1U / CAPC1608X90N at (49.5893 42.7298)
         Placed symbol:  C11 / 06034C104KAT2A_CAPC1608X90N_DISCRETE_0.1U / CAPC1608X90N at (49.9020 42.7298)
         Placed symbol:  C27 / C1206C223F8HACAUTO_C1206_DISCRETE_0.022U / C1206 at (50.3560 42.8421)
         Placed symbol:  C10 / 06034C104KAT2A_CAPC1608X90N_DISCRETE_0.1U / CAPC1608X90N at (50.8100 42.7298)
WARNING: Could not place:  L1 / NLCV32T-4R7M-EFR_INDPM3225X240N_DISCRETE_4.7UH / INDPM3225X240N; outside of drawing extents
WARNING: Could not place:  L2 / NLCV32T-4R7M-EFR_INDPM3225X240N_DISCRETE_4.7UH / INDPM3225X240N; outside of drawing extents
WARNING: Could not place:  LED1 / SM0603SRC_SM0603SRC_SM0603SRC / SM0603SRC; outside of drawing extents
WARNING: Could not place:  C60 / C1206C223F8HACAUTO_C1206_DISCRETE_0.022U / C1206; outside of drawing extents
WARNING: Could not place:  C58 / C1206C223F8HACAUTO_C1206_DISCRETE_0.022U / C1206; outside of drawing extents
WARNING: Could not place:  R1 / ERA-3AEB80R6V_ERA3AEB101V_DISCRETE_80.6 / ERA3AEB101V; outside of drawing extents
WARNING: Could not place:  R4 / ERA-3AEB80R6V_ERA3AEB101V_DISCRETE_80.6 / ERA3AEB101V; outside of drawing extents
WARNING: Could not place:  R10 / ERA-6ARB472V_ERA6AEB1020V_DISCRETE_10K / ERA6AEB1020V; outside of drawing extents
WARNING: Could not place:  R12 / ERA-6ARB472V_ERA6AEB1020V_DISCRETE_10K / ERA6AEB1020V; outside of drawing extents
WARNING: Could not place:  R11 / ERA-6ARB472V_ERA6AEB1020V_DISCRETE_15 / ERA6AEB1020V; outside of drawing extents
WARNING: Could not place:  R7 / ERA-6ARB472V_ERA6AEB1020V_DISCRETE_15 / ERA6AEB1020V; outside of drawing extents
WARNING: Could not place:  R8 / ERA-6ARB472V_ERA6AEB1020V_DISCRETE_15 / ERA6AEB1020V; outside of drawing extents
WARNING: Could not place:  R13 / RT0603FRE10100RL_RESC1608X55N_DISCRETE_100 / RESC1608X55N; outside of drawing extents
WARNING: Could not place:  R14 / ERA-6ARB472V_ERA6AEB1020V_DISCRETE_4.7K / ERA6AEB1020V; outside of drawing extents
WARNING: Could not place:  R16 / ERA-6ARB472V_ERA6AEB1020V_DISCRETE_4.7K / ERA6AEB1020V; outside of drawing extents
WARNING: Could not place:  R17 / ERA-6ARB472V_ERA6AEB1020V_DISCRETE_4.7K / ERA6AEB1020V; outside of drawing extents
WARNING: Could not place:  R18 / ERA-6ARB472V_ERA6AEB1020V_DISCRETE_4.7K / ERA6AEB1020V; outside of drawing extents
WARNING: Could not place:  R3 / ERA-6ARB472V_ERA6AEB1020V_DISCRETE_4.7K / ERA6AEB1020V; outside of drawing extents
WARNING: Could not place:  R5 / ERA-6ARB472V_ERA6AEB1020V_DISCRETE_4.7K / ERA6AEB1020V; outside of drawing extents
WARNING: Could not place:  R15 / PCF0603R-1K0BT1_RESC1608X55N_DISCRETE_10K / RESC1608X55N; outside of drawing extents
WARNING: Could not place:  R20 / PCF0603R-1K0BT1_RESC1608X55N_DISCRETE_10K / RESC1608X55N; outside of drawing extents
WARNING: Could not place:  R21 / PCF0603R-1K0BT1_RESC1608X55N_DISCRETE_10K / RESC1608X55N; outside of drawing extents
WARNING: Could not place:  R22 / PCF0603R-1K0BT1_RESC1608X55N_DISCRETE_10K / RESC1608X55N; outside of drawing extents
WARNING: Could not place:  R19 / PCF0603R-1K0BT1_RESC1608X55N_DISCRETE_249 / RESC1608X55N; outside of drawing extents
WARNING: Could not place:  R2 / MCT06030D2610BP100_RESC1608X55N_DISCRETE_261 / RESC1608X55N; outside of drawing extents
WARNING: Could not place:  R6 / MCT06030D2610BP100_RESC1608X55N_DISCRETE_261 / RESC1608X55N; outside of drawing extents
WARNING: Could not place:  R23 / PCF0603R-1K0BT1_RESC1608X55N_DISCRETE_15 / RESC1608X55N; outside of drawing extents
WARNING: Could not place:  R24 / PCF0603R-1K0BT1_RESC1608X55N_DISCRETE_DNP / RESC1608X55N; outside of drawing extents
WARNING: Could not place:  R25 / PCF0603R-1K0BT1_RESC1608X55N_DISCRETE_4.7K / RESC1608X55N; outside of drawing extents
WARNING: Could not place:  R26 / PCF0603R-1K0BT1_RESC1608X55N_DISCRETE_4.7K / RESC1608X55N; outside of drawing extents
WARNING: Could not place:  R27 / PCF0603R-1K0BT1_RESC1608X55N_DISCRETE_4.7K / RESC1608X55N; outside of drawing extents
WARNING: Could not place:  R28 / PCF0603R-1K0BT1_RESC1608X55N_DISCRETE_4.7K / RESC1608X55N; outside of drawing extents
WARNING: Could not place:  R29 / PCF0603R-1K0BT1_RESC1608X55N_DISCRETE_4.7K / RESC1608X55N; outside of drawing extents
WARNING: Could not place:  R30 / PCF0603R-1K0BT1_RESC1608X55N_DISCRETE_4.7K / RESC1608X55N; outside of drawing extents
WARNING: Could not place:  R33 / PCF0603R-1K0BT1_RESC1608X55N_DISCRETE_4.7K / RESC1608X55N; outside of drawing extents
WARNING: Could not place:  R31 / PCF0603R-1K0BT1_RESC1608X55N_DISCRETE_1K / RESC1608X55N; outside of drawing extents
WARNING: Could not place:  R32 / PCF0603R-1K0BT1_RESC1608X55N_DISCRETE_10 / RESC1608X55N; outside of drawing extents
WARNING: Could not place:  R34 / PCF0603R-1K0BT1_RESC1608X55N_DISCRETE_100 / RESC1608X55N; outside of drawing extents
WARNING: Could not place:  R37 / PCF0603R-1K0BT1_RESC1608X55N_DISCRETE_100 / RESC1608X55N; outside of drawing extents
WARNING: Could not place:  R35 / PCF0603R-1K0BT1_RESC1608X55N_DISCRETE_4.7 / RESC1608X55N; outside of drawing extents
WARNING: Could not place:  R36 / PCF0603R-1K0BT1_RESC1608X55N_DISCRETE_4.7 / RESC1608X55N; outside of drawing extents
WARNING: Could not place:  R9 / ERA-6ARB472V_ERA6AEB1020V_DISCRETE_24.9 / ERA6AEB1020V; outside of drawing extents
WARNING: Could not place:  C1 / 06034C104KAT2A_CAPC1608X90N_DISCRETE_0.1U / CAPC1608X90N; outside of drawing extents
WARNING: Could not place:  C33 / JMK105BBJ475MV8F_CAPC1005X55N_DISCRETE_0.47U / CAPC1005X55N; outside of drawing extents
WARNING: Could not place:  R38 / PCF0603R-1K0BT1_RESC1608X55N_DISCRETE_2K / RESC1608X55N; outside of drawing extents
WARNING: Could not place:  C6 / JMK325BJ107MM-T_CAPC3225X270N_DISCRETE_100U / CAPC3225X270N; outside of drawing extents
WARNING: Could not place:  C26 / C1206C223F8HACAUTO_C1206_DISCRETE_0.022U / C1206; outside of drawing extents
WARNING: Could not place:  C25 / C1206C223F8HACAUTO_C1206_DISCRETE_0.022U / C1206; outside of drawing extents
WARNING: Could not place:  C66 / JMK105BBJ475MV8F_CAPC1005X55N_DISCRETE_1U / CAPC1005X55N; outside of drawing extents
WARNING: Could not place:  C23 / C1206C223F8HACAUTO_C1206_DISCRETE_0.022U / C1206; outside of drawing extents
WARNING: Could not place:  C? / C1206C223F8HACAUTO_C1206_DISCRETE_10U / C1206; outside of drawing extents


Placed 169 of 241 applicable (241 total) symbols.

-----------------------------------------------------------------------

