(---------------------------------------------------------------------)
(                                                                     )
(    STEP Export                                                      )
(                                                                     )
(    Software Version : 23.1S006                                      )
(    Date/Time        : Sun Aug 25 23:50:36 2024                      )
(                                                                     )
(---------------------------------------------------------------------)




STEP file: ultima_new
Design file: D:/Projects/HardwareDesign/PCB_Ultima/allegro/ultima_new.brd
Export units: Millimeter
STEP protocol: AP-242
Source identification: allegro_23.1S006
Export selected and highlighted parts?: NO
Export secondary parts?: NO
Export parts with mapped STEP Models?: YES
Ignore STEP definitions for mapped parts?: YES
Export parts without mapped STEP Models?: NO
Export assemblies and enclosures parts?: NO
Export mechanical drills?: YES
Export electrical through pin drills?: YES
Export electrical through via drills?: YES
Export bare board only?: NO
Export external copper?: YES
step_out complete.
