0.000000e+00 (V)  __Gnd
5.006002e-01 (V)  n1
7.496999e-11 (V)  n2
4.993998e-01 (V)  n4
7.503001e-11 (V)  n5
1.000000e+00 (V)  n7
1.000000e+00 (V)  n8
1.000000e+00 (V)  n9
1.000000e+00 (V)  X1.X_SpeedXP_auto_Tx_transmit.nd_in_1
0.000000e+00 (V)  X1.X_SpeedXP_auto_Tx_transmit.nd_in_2
1.000000e+00 (V)  X1.X_SpeedXP_auto_Tx_transmit.pwrbus_1
1.000000e+00 (V)  X1.X_SpeedXP_auto_Tx_transmit.pwrbus_2
1.000000e+00 (V)  X2.X_SpeedXP_auto_Rx_receive.nd_out_of_in_3
0.000000e+00 (V)  X2.X_SpeedXP_auto_Rx_receive.nd_out_of_in_4
1.000000e+00 (V)  X2.X_SpeedXP_auto_Rx_receive.pwrbus_3
1.000000e+00 (V)  X2.X_SpeedXP_auto_Rx_receive.pwrbus_4
-9.987997e-03 (A)  X1.X_SpeedXP_auto_Tx_transmit.V_SpeedXP_auto_pwrbus_1
-1.000000e-12 (A)  X1.X_SpeedXP_auto_Tx_transmit.V_SpeedXP_auto_pwrbus_2
-1.000000e-10 (A)  X1.X_SpeedXP_auto_Tx_transmit.X_SpeedXP_auto_1_St.v1
0.000000e+00 (A)  X1.X_SpeedXP_auto_Tx_transmit.X_SpeedXP_auto_2_St.v1
-1.000000e-10 (A)  X2.X_SpeedXP_auto_Rx_receive.B_SpeedXP_auto_3_OutOfIn
0.000000e+00 (A)  X2.X_SpeedXP_auto_Rx_receive.B_SpeedXP_auto_4_OutOfIn
-1.001200e-12 (A)  X2.X_SpeedXP_auto_Rx_receive.V_SpeedXP_auto_pwrbus_3
-2.000000e-12 (A)  X2.X_SpeedXP_auto_Rx_receive.V_SpeedXP_auto_pwrbus_4
9.987997e-03 (A)  X3.W1~0
-4.993998e-13 (A)  X3.W1~1
-2.000000e-08 (A)  X4.Vsupply
